#
# There is insufficient memory for the Java Runtime Environment to continue.
# Native memory allocation (malloc) failed to allocate 676336 bytes for Chunk::new
# Possible reasons:
#   The system is out of physical RAM or swap space
#   In 32 bit mode, the process size limit was hit
# Possible solutions:
#   Reduce memory load on the system
#   Increase physical memory or swap space
#   Check if swap backing store is full
#   Use 64 bit Java on a 64 bit OS
#   Decrease Java heap size (-Xmx/-Xms)
#   Decrease number of Java threads
#   Decrease Java thread stack sizes (-Xss)
#   Set larger code cache with -XX:ReservedCodeCacheSize=
# This output file may be truncated or incomplete.
#
#  Out of Memory Error (allocation.cpp:390), pid=8856, tid=0x0000000000003810
#
# JRE version: OpenJDK Runtime Environment (8.0_152-b01) (build 1.8.0_152-release-1343-b01)
# Java VM: OpenJDK 64-Bit Server VM (25.152-b01 mixed mode windows-amd64 compressed oops)
# Failed to write core dump. Minidumps are not enabled by default on client versions of Windows
#

---------------  T H R E A D  ---------------

Current thread (0x0000000018ee7800):  JavaThread "C2 CompilerThread2" daemon [_thread_in_native, id=14352, stack(0x00000000198b0000,0x00000000199b0000)]

Stack: [0x00000000198b0000,0x00000000199b0000]
[error occurred during error reporting (printing stack bounds), id 0xc0000005]

Native frames: (J=compiled Java code, j=interpreted, Vv=VM code, C=native code)


Current CompileTask:
C2: 118080 17217       4       java.io.ObjectOutputStream::writeClassDesc (60 bytes)


---------------  P R O C E S S  ---------------

Java Threads: ( => current thread )
  0x000000001f38f000 JavaThread "Cache worker for cache directory md-rule (C:\Users\Hoai Nam\.gradle\caches\5.1.1\md-rule)" [_thread_blocked, id=1932, stack(0x00000000230b0000,0x00000000231b0000)]
  0x000000001f38e000 JavaThread "Cache worker for cache directory md-supplier (C:\Users\Hoai Nam\.gradle\caches\5.1.1\md-supplier)" [_thread_blocked, id=8596, stack(0x00000000215d0000,0x00000000216d0000)]
  0x000000001f38d800 JavaThread "Cache worker for file hash cache (D:\RetrofitDemo\.gradle\5.1.1\fileHashes)" [_thread_blocked, id=7348, stack(0x00000000214d0000,0x00000000215d0000)]
  0x000000001f386000 JavaThread "Thread-41" [_thread_blocked, id=6976, stack(0x000000001ebe0000,0x000000001ece0000)]
  0x000000001f38c800 JavaThread "Stdin handler" [_thread_blocked, id=10860, stack(0x000000001c640000,0x000000001c740000)]
  0x000000001f385000 JavaThread "Asynchronous log dispatcher for DefaultDaemonConnection: socket connection from /127.0.0.1:1774 to /127.0.0.1:1940" [_thread_blocked, id=15128, stack(0x000000001c240000,0x000000001c340000)]
  0x000000001f389800 JavaThread "Daemon worker Thread 2" [_thread_in_native, id=14708, stack(0x000000001bd40000,0x000000001be40000)]
  0x000000001f389000 JavaThread "Cancel handler" [_thread_blocked, id=14728, stack(0x0000000001640000,0x0000000001740000)]
  0x000000001f38a800 JavaThread "Handler for socket connection from /127.0.0.1:1774 to /127.0.0.1:1940" [_thread_in_native, id=7848, stack(0x0000000001540000,0x0000000001640000)]
  0x000000001f38c000 JavaThread "Daemon Thread 2" [_thread_blocked, id=15240, stack(0x0000000001440000,0x0000000001540000)]
  0x000000001fa37000 JavaThread "Cache worker for file content cache (C:\Users\Hoai Nam\.gradle\caches\5.1.1\fileContent)" [_thread_blocked, id=5576, stack(0x0000000024670000,0x0000000024770000)]
  0x000000001fa31800 JavaThread "Memory manager" [_thread_blocked, id=5148, stack(0x0000000023fb0000,0x00000000240b0000)]
  0x000000001b17d000 JavaThread "Cache worker for execution history cache (C:\Users\Hoai Nam\.gradle\caches\5.1.1\executionHistory)" [_thread_blocked, id=9364, stack(0x00000000216d0000,0x00000000217d0000)]
  0x000000001b17e000 JavaThread "Cache worker for journal cache (C:\Users\Hoai Nam\.gradle\caches\journal-1)" [_thread_blocked, id=13324, stack(0x000000001c940000,0x000000001ca40000)]
  0x000000001b019800 JavaThread "File lock request listener" [_thread_in_native, id=9080, stack(0x000000001c840000,0x000000001c940000)]
  0x000000001b016000 JavaThread "Cache worker for file hash cache (C:\Users\Hoai Nam\.gradle\caches\5.1.1\fileHashes)" [_thread_blocked, id=13832, stack(0x000000001c740000,0x000000001c840000)]
  0x000000001aea5000 JavaThread "Daemon periodic checks" [_thread_blocked, id=12776, stack(0x000000001bc40000,0x000000001bd40000)]
  0x000000001ad65000 JavaThread "Incoming local TCP Connector on port 1774" [_thread_in_native, id=11740, stack(0x000000001ba00000,0x000000001bb00000)]
  0x0000000018f2e000 JavaThread "Service Thread" daemon [_thread_blocked, id=14372, stack(0x0000000019ab0000,0x0000000019bb0000)]
  0x0000000018eee000 JavaThread "C1 CompilerThread3" daemon [_thread_in_native, id=9044, stack(0x00000000199b0000,0x0000000019ab0000)]
=>0x0000000018ee7800 JavaThread "C2 CompilerThread2" daemon [_thread_in_native, id=14352, stack(0x00000000198b0000,0x00000000199b0000)]
  0x0000000018edd000 JavaThread "C2 CompilerThread1" daemon [_thread_in_native, id=15324, stack(0x00000000197b0000,0x00000000198b0000)]
  0x0000000018eda000 JavaThread "C2 CompilerThread0" daemon [_thread_blocked, id=14308, stack(0x00000000196b0000,0x00000000197b0000)]
  0x0000000018ed9000 JavaThread "Attach Listener" daemon [_thread_blocked, id=1780, stack(0x00000000195b0000,0x00000000196b0000)]
  0x0000000018ed6000 JavaThread "Signal Dispatcher" daemon [_thread_blocked, id=7156, stack(0x00000000194b0000,0x00000000195b0000)]
  0x0000000018ed1800 JavaThread "Finalizer" daemon [_thread_blocked, id=3872, stack(0x00000000192b0000,0x00000000193b0000)]
  0x0000000016fcc000 JavaThread "Reference Handler" daemon [_thread_blocked, id=11624, stack(0x0000000018db0000,0x0000000018eb0000)]
  0x0000000003112800 JavaThread "main" [_thread_blocked, id=4700, stack(0x0000000003010000,0x0000000003110000)]

Other Threads:
  0x0000000016fc6800 VMThread [stack: 0x0000000018cb0000,0x0000000018db0000] [id=1360]
  0x0000000018f2f000 WatcherThread [stack: 0x0000000019bb0000,0x0000000019cb0000] [id=5852]

VM state:not at safepoint (normal execution)

VM Mutex/Monitor currently owned by a thread: None

Heap:
 PSYoungGen      total 482304K, used 58961K [0x00000000e0000000, 0x0000000100000000, 0x0000000100000000)
  eden space 440320K, 7% used [0x00000000e0000000,0x00000000e1f0aaa8,0x00000000fae00000)
  from space 41984K, 64% used [0x00000000fae00000,0x00000000fc889a10,0x00000000fd700000)
  to   space 41984K, 0% used [0x00000000fd700000,0x00000000fd700000,0x0000000100000000)
 ParOldGen       total 142848K, used 74971K [0x00000000a0000000, 0x00000000a8b80000, 0x00000000e0000000)
  object space 142848K, 52% used [0x00000000a0000000,0x00000000a4936f98,0x00000000a8b80000)
 Metaspace       used 84437K, capacity 88800K, committed 88856K, reserved 1126400K
  class space    used 10953K, capacity 11768K, committed 11816K, reserved 1048576K

Card table byte_map: [0x00000000125d0000,0x00000000128e0000] byte_map_base: 0x00000000120d0000

Marking Bits: (ParMarkBitMap*) 0x0000000074e35aa0
 Begin Bits: [0x00000000132e0000, 0x0000000014ae0000)
 End Bits:   [0x0000000014ae0000, 0x00000000162e0000)

Polling page: 0x00000000017b0000

CodeCache: size=245760Kb used=44500Kb max_used=44996Kb free=201259Kb
 bounds [0x0000000003210000, 0x0000000005e70000, 0x0000000012210000]
 total_blobs=14844 nmethods=13982 adapters=773
 compilation: enabled

Compilation events (10 events):
Event: 118.071 Thread 0x0000000018eee000 17247       3       org.gradle.api.internal.artifacts.ivyservice.resolveengine.result.ComponentIdentifierSerializer::write (429 bytes)
Event: 118.072 Thread 0x0000000018edd000 17249       4       org.gradle.api.internal.artifacts.ivyservice.modulecache.StringDeduplicatingDecoder::readString (22 bytes)
Event: 118.073 Thread 0x0000000018eda000 nmethod 17246 0x000000000500d110 code [0x000000000500d2a0, 0x000000000500d8d8]
Event: 118.073 Thread 0x0000000018eee000 nmethod 17247 0x0000000004b1f510 code [0x0000000004b1fa60, 0x0000000004b22e28]
Event: 118.073 Thread 0x0000000018eee000 17248       3       org.gradle.api.internal.artifacts.ivyservice.resolveengine.result.ComponentIdentifierSerializer::resolveImplementation (171 bytes)
Event: 118.075 Thread 0x0000000018eee000 nmethod 17248 0x00000000051c7610 code [0x00000000051c7920, 0x00000000051c91b8]
Event: 118.075 Thread 0x0000000018eee000 17250       3       org.gradle.api.internal.attributes.DefaultImmutableAttributes::contains (9 bytes)
Event: 118.078 Thread 0x0000000018eee000 nmethod 17250 0x0000000004214210 code [0x0000000004214380, 0x00000000042145a8]
Event: 118.078 Thread 0x0000000018eee000 17251       3       com.google.common.collect.ImmutableMap::containsKey (14 bytes)
Event: 118.079 Thread 0x0000000018eee000 nmethod 17251 0x000000000461e4d0 code [0x000000000461e640, 0x000000000461e8a8]

GC Heap History (10 events):
Event: 18.394 GC heap before
{Heap before GC invocations=26 (full 3):
 PSYoungGen      total 492544K, used 485770K [0x00000000e0000000, 0x0000000100000000, 0x0000000100000000)
  eden space 462848K, 100% used [0x00000000e0000000,0x00000000fc400000,0x00000000fc400000)
  from space 29696K, 77% used [0x00000000fe300000,0x00000000ff962900,0x0000000100000000)
  to   space 30720K, 0% used [0x00000000fc400000,0x00000000fc400000,0x00000000fe200000)
 ParOldGen       total 142848K, used 44163K [0x00000000a0000000, 0x00000000a8b80000, 0x00000000e0000000)
  object space 142848K, 30% used [0x00000000a0000000,0x00000000a2b20fa0,0x00000000a8b80000)
 Metaspace       used 77390K, capacity 81004K, committed 81304K, reserved 1120256K
  class space    used 10174K, capacity 10861K, committed 10920K, reserved 1048576K
Event: 18.417 GC heap after
Heap after GC invocations=26 (full 3):
 PSYoungGen      total 484352K, used 21415K [0x00000000e0000000, 0x0000000100000000, 0x0000000100000000)
  eden space 462848K, 0% used [0x00000000e0000000,0x00000000e0000000,0x00000000fc400000)
  from space 21504K, 99% used [0x00000000fc400000,0x00000000fd8e9fb8,0x00000000fd900000)
  to   space 31232K, 0% used [0x00000000fe180000,0x00000000fe180000,0x0000000100000000)
 ParOldGen       total 142848K, used 44171K [0x00000000a0000000, 0x00000000a8b80000, 0x00000000e0000000)
  object space 142848K, 30% used [0x00000000a0000000,0x00000000a2b22fa0,0x00000000a8b80000)
 Metaspace       used 77390K, capacity 81004K, committed 81304K, reserved 1120256K
  class space    used 10174K, capacity 10861K, committed 10920K, reserved 1048576K
}
Event: 18.857 GC heap before
{Heap before GC invocations=27 (full 3):
 PSYoungGen      total 484352K, used 484263K [0x00000000e0000000, 0x0000000100000000, 0x0000000100000000)
  eden space 462848K, 100% used [0x00000000e0000000,0x00000000fc400000,0x00000000fc400000)
  from space 21504K, 99% used [0x00000000fc400000,0x00000000fd8e9fb8,0x00000000fd900000)
  to   space 31232K, 0% used [0x00000000fe180000,0x00000000fe180000,0x0000000100000000)
 ParOldGen       total 142848K, used 44171K [0x00000000a0000000, 0x00000000a8b80000, 0x00000000e0000000)
  object space 142848K, 30% used [0x00000000a0000000,0x00000000a2b22fa0,0x00000000a8b80000)
 Metaspace       used 77411K, capacity 81010K, committed 81304K, reserved 1120256K
  class space    used 10175K, capacity 10862K, committed 10920K, reserved 1048576K
Event: 18.873 GC heap after
Heap after GC invocations=27 (full 3):
 PSYoungGen      total 493568K, used 20070K [0x00000000e0000000, 0x0000000100000000, 0x0000000100000000)
  eden space 462336K, 0% used [0x00000000e0000000,0x00000000e0000000,0x00000000fc380000)
  from space 31232K, 64% used [0x00000000fe180000,0x00000000ff519820,0x0000000100000000)
  to   space 30720K, 0% used [0x00000000fc380000,0x00000000fc380000,0x00000000fe180000)
 ParOldGen       total 142848K, used 44179K [0x00000000a0000000, 0x00000000a8b80000, 0x00000000e0000000)
  object space 142848K, 30% used [0x00000000a0000000,0x00000000a2b24fa0,0x00000000a8b80000)
 Metaspace       used 77411K, capacity 81010K, committed 81304K, reserved 1120256K
  class space    used 10175K, capacity 10862K, committed 10920K, reserved 1048576K
}
Event: 20.136 GC heap before
{Heap before GC invocations=28 (full 3):
 PSYoungGen      total 493568K, used 482406K [0x00000000e0000000, 0x0000000100000000, 0x0000000100000000)
  eden space 462336K, 100% used [0x00000000e0000000,0x00000000fc380000,0x00000000fc380000)
  from space 31232K, 64% used [0x00000000fe180000,0x00000000ff519820,0x0000000100000000)
  to   space 30720K, 0% used [0x00000000fc380000,0x00000000fc380000,0x00000000fe180000)
 ParOldGen       total 142848K, used 44179K [0x00000000a0000000, 0x00000000a8b80000, 0x00000000e0000000)
  object space 142848K, 30% used [0x00000000a0000000,0x00000000a2b24fa0,0x00000000a8b80000)
 Metaspace       used 77496K, capacity 81098K, committed 81304K, reserved 1120256K
  class space    used 10183K, capacity 10866K, committed 10920K, reserved 1048576K
Event: 20.147 GC heap after
Heap after GC invocations=28 (full 3):
 PSYoungGen      total 478720K, used 16059K [0x00000000e0000000, 0x00000000ffd80000, 0x0000000100000000)
  eden space 462336K, 0% used [0x00000000e0000000,0x00000000e0000000,0x00000000fc380000)
  from space 16384K, 98% used [0x00000000fc380000,0x00000000fd32ec08,0x00000000fd380000)
  to   space 29696K, 0% used [0x00000000fe080000,0x00000000fe080000,0x00000000ffd80000)
 ParOldGen       total 142848K, used 44187K [0x00000000a0000000, 0x00000000a8b80000, 0x00000000e0000000)
  object space 142848K, 30% used [0x00000000a0000000,0x00000000a2b26fa0,0x00000000a8b80000)
 Metaspace       used 77496K, capacity 81098K, committed 81304K, reserved 1120256K
  class space    used 10183K, capacity 10866K, committed 10920K, reserved 1048576K
}
Event: 23.860 GC heap before
{Heap before GC invocations=29 (full 3):
 PSYoungGen      total 478720K, used 478395K [0x00000000e0000000, 0x00000000ffd80000, 0x0000000100000000)
  eden space 462336K, 100% used [0x00000000e0000000,0x00000000fc380000,0x00000000fc380000)
  from space 16384K, 98% used [0x00000000fc380000,0x00000000fd32ec08,0x00000000fd380000)
  to   space 29696K, 0% used [0x00000000fe080000,0x00000000fe080000,0x00000000ffd80000)
 ParOldGen       total 142848K, used 44187K [0x00000000a0000000, 0x00000000a8b80000, 0x00000000e0000000)
  object space 142848K, 30% used [0x00000000a0000000,0x00000000a2b26fa0,0x00000000a8b80000)
 Metaspace       used 78250K, capacity 82036K, committed 82200K, reserved 1120256K
  class space    used 10245K, capacity 10933K, committed 11048K, reserved 1048576K
Event: 23.915 GC heap after
Heap after GC invocations=29 (full 3):
 PSYoungGen      total 470016K, used 29683K [0x00000000e0000000, 0x0000000100000000, 0x0000000100000000)
  eden space 440320K, 0% used [0x00000000e0000000,0x00000000e0000000,0x00000000fae00000)
  from space 29696K, 99% used [0x00000000fe080000,0x00000000ffd7cfb0,0x00000000ffd80000)
  to   space 41984K, 0% used [0x00000000fae00000,0x00000000fae00000,0x00000000fd700000)
 ParOldGen       total 142848K, used 68088K [0x00000000a0000000, 0x00000000a8b80000, 0x00000000e0000000)
  object space 142848K, 47% used [0x00000000a0000000,0x00000000a427e188,0x00000000a8b80000)
 Metaspace       used 78250K, capacity 82036K, committed 82200K, reserved 1120256K
  class space    used 10245K, capacity 10933K, committed 11048K, reserved 1048576K
}
Event: 28.286 GC heap before
{Heap before GC invocations=30 (full 3):
 PSYoungGen      total 470016K, used 470003K [0x00000000e0000000, 0x0000000100000000, 0x0000000100000000)
  eden space 440320K, 100% used [0x00000000e0000000,0x00000000fae00000,0x00000000fae00000)
  from space 29696K, 99% used [0x00000000fe080000,0x00000000ffd7cfb0,0x00000000ffd80000)
  to   space 41984K, 0% used [0x00000000fae00000,0x00000000fae00000,0x00000000fd700000)
 ParOldGen       total 142848K, used 68088K [0x00000000a0000000, 0x00000000a8b80000, 0x00000000e0000000)
  object space 142848K, 47% used [0x00000000a0000000,0x00000000a427e188,0x00000000a8b80000)
 Metaspace       used 83652K, capacity 87710K, committed 87960K, reserved 1126400K
  class space    used 10867K, capacity 11620K, committed 11688K, reserved 1048576K
Event: 28.327 GC heap after
Heap after GC invocations=30 (full 3):
 PSYoungGen      total 482304K, used 27174K [0x00000000e0000000, 0x0000000100000000, 0x0000000100000000)
  eden space 440320K, 0% used [0x00000000e0000000,0x00000000e0000000,0x00000000fae00000)
  from space 41984K, 64% used [0x00000000fae00000,0x00000000fc889a10,0x00000000fd700000)
  to   space 41984K, 0% used [0x00000000fd700000,0x00000000fd700000,0x0000000100000000)
 ParOldGen       total 142848K, used 74971K [0x00000000a0000000, 0x00000000a8b80000, 0x00000000e0000000)
  object space 142848K, 52% used [0x00000000a0000000,0x00000000a4936f98,0x00000000a8b80000)
 Metaspace       used 83652K, capacity 87710K, committed 87960K, reserved 1126400K
  class space    used 10867K, capacity 11620K, committed 11688K, reserved 1048576K
}

Deoptimization events (10 events):
Event: 117.994 Thread 0x000000001f389800 Uncommon trap: reason=class_check action=maybe_recompile pc=0x00000000048d3630 method=com.google.common.cache.LocalCache$Segment.getLiveValue(Lcom/google/common/cache/ReferenceEntry;J)Ljava/lang/Object; @ 21
Event: 117.995 Thread 0x000000001f389800 Uncommon trap: reason=unstable_if action=reinterpret pc=0x000000000426ac0c method=com.google.common.collect.Hashing.smearedHash(Ljava/lang/Object;)I @ 1
Event: 117.995 Thread 0x000000001f389800 Uncommon trap: reason=unstable_if action=reinterpret pc=0x0000000004c006f8 method=com.google.common.collect.Hashing.smearedHash(Ljava/lang/Object;)I @ 1
Event: 117.995 Thread 0x000000001f389800 Uncommon trap: reason=unstable_if action=reinterpret pc=0x000000000426532c method=com.google.common.collect.Hashing.smearedHash(Ljava/lang/Object;)I @ 1
Event: 117.995 Thread 0x000000001f389800 Uncommon trap: reason=unstable_if action=reinterpret pc=0x000000000424c744 method=com.google.common.collect.Hashing.smearedHash(Ljava/lang/Object;)I @ 1
Event: 118.000 Thread 0x000000001f389800 Uncommon trap: reason=class_check action=maybe_recompile pc=0x000000000518d3d4 method=com.google.common.cache.LocalCache$LoadingValueReference.loadFuture(Ljava/lang/Object;Lcom/google/common/cache/CacheLoader;)Lcom/google/common/util/concurrent/Listenable
Event: 118.000 Thread 0x000000001f389800 Uncommon trap: reason=class_check action=maybe_recompile pc=0x000000000518d3d4 method=com.google.common.cache.LocalCache$LoadingValueReference.loadFuture(Ljava/lang/Object;Lcom/google/common/cache/CacheLoader;)Lcom/google/common/util/concurrent/Listenable
Event: 118.007 Thread 0x000000001f389800 Uncommon trap: reason=class_check action=maybe_recompile pc=0x000000000518d3d4 method=com.google.common.cache.LocalCache$LoadingValueReference.loadFuture(Ljava/lang/Object;Lcom/google/common/cache/CacheLoader;)Lcom/google/common/util/concurrent/Listenable
Event: 118.007 Thread 0x000000001f389800 Uncommon trap: reason=bimorphic action=maybe_recompile pc=0x00000000048d364c method=com.google.common.cache.LocalCache$Segment.getEntry(Ljava/lang/Object;I)Lcom/google/common/cache/ReferenceEntry; @ 11
Event: 118.011 Thread 0x000000001f389800 Uncommon trap: reason=class_check action=maybe_recompile pc=0x000000000518d3d4 method=com.google.common.cache.LocalCache$LoadingValueReference.loadFuture(Ljava/lang/Object;Lcom/google/common/cache/CacheLoader;)Lcom/google/common/util/concurrent/Listenable

Classes redefined (0 events):
No events

Internal exceptions (10 events):
Event: 117.995 Thread 0x000000001f389800 Implicit null exception at 0x0000000004265114 to 0x0000000004265321
Event: 117.995 Thread 0x000000001f389800 Implicit null exception at 0x000000000424c6af to 0x000000000424c736
Event: 118.013 Thread 0x000000001f389800 Exception <a 'java/lang/ClassNotFoundException': BuildScriptClasspathModelBuilderPluginBeanInfo> (0x00000000e1be55e8) thrown at [D:\src\AOSP-openjdk-cygwin\jdk8u\hotspot\src\share\vm\classfile\systemDictionary.cpp, line 210]
Event: 118.013 Thread 0x000000001f389800 Exception <a 'java/lang/ClassNotFoundException': BuildScriptClasspathModelBuilderPluginCustomizer> (0x00000000e1bf1f48) thrown at [D:\src\AOSP-openjdk-cygwin\jdk8u\hotspot\src\share\vm\classfile\systemDictionary.cpp, line 210]
Event: 118.023 Thread 0x000000001f389800 Exception <a 'java/lang/ClassNotFoundException': BuildScriptClasspathModelBuilderBeanInfo> (0x00000000e1c51130) thrown at [D:\src\AOSP-openjdk-cygwin\jdk8u\hotspot\src\share\vm\classfile\systemDictionary.cpp, line 210]
Event: 118.024 Thread 0x000000001f389800 Exception <a 'java/lang/ClassNotFoundException': BuildScriptClasspathModelBuilderCustomizer> (0x00000000e1c5d7e0) thrown at [D:\src\AOSP-openjdk-cygwin\jdk8u\hotspot\src\share\vm\classfile\systemDictionary.cpp, line 210]
Event: 118.035 Thread 0x000000001f389800 Exception <a 'java/lang/ClassNotFoundException': org/jetbrains/plugins/gradle/tooling/builder/ModelBuildScriptClasspathBuilderImplBeanInfo> (0x00000000e1cd75e0) thrown at [D:\src\AOSP-openjdk-cygwin\jdk8u\hotspot\src\share\vm\classfile\systemDictionary.cp
Event: 118.036 Thread 0x000000001f389800 Exception <a 'java/lang/ClassNotFoundException': org/jetbrains/plugins/gradle/tooling/builder/ModelBuildScriptClasspathBuilderImplCustomizer> (0x00000000e1ce3db0) thrown at [D:\src\AOSP-openjdk-cygwin\jdk8u\hotspot\src\share\vm\classfile\systemDictionary.
Event: 118.040 Thread 0x000000001f389800 Exception <a 'java/lang/ClassNotFoundException': org/gradle/tooling/provider/model/internal/DefaultToolingModelBuilderRegistryBeanInfo> (0x00000000e1d4afe8) thrown at [D:\src\AOSP-openjdk-cygwin\jdk8u\hotspot\src\share\vm\classfile\systemDictionary.cpp, l
Event: 118.041 Thread 0x000000001f389800 Exception <a 'java/lang/ClassNotFoundException': org/gradle/tooling/provider/model/internal/DefaultToolingModelBuilderRegistryCustomizer> (0x00000000e1d8cee0) thrown at [D:\src\AOSP-openjdk-cygwin\jdk8u\hotspot\src\share\vm\classfile\systemDictionary.cpp,

Events (10 events):
Event: 118.040 loading class org/gradle/tooling/provider/model/internal/DefaultToolingModelBuilderRegistryCustomizer
Event: 118.040 loading class org/gradle/tooling/provider/model/internal/DefaultToolingModelBuilderRegistryCustomizer done
Event: 118.040 loading class org/gradle/tooling/provider/model/internal/DefaultToolingModelBuilderRegistryCustomizer
Event: 118.040 loading class org/gradle/tooling/provider/model/internal/DefaultToolingModelBuilderRegistryCustomizer done
Event: 118.040 loading class org/gradle/tooling/provider/model/internal/DefaultToolingModelBuilderRegistryCustomizer
Event: 118.040 loading class org/gradle/tooling/provider/model/internal/DefaultToolingModelBuilderRegistryCustomizer done
Event: 118.041 loading class org/gradle/tooling/provider/model/internal/DefaultToolingModelBuilderRegistryCustomizer
Event: 118.041 loading class org/gradle/tooling/provider/model/internal/DefaultToolingModelBuilderRegistryCustomizer done
Event: 118.042 loading class org/codehaus/groovy/runtime/callsite/PojoMetaMethodSite
Event: 118.042 loading class org/codehaus/groovy/runtime/callsite/PojoMetaMethodSite done


Dynamic libraries:
0x00007ff796620000 - 0x00007ff796651000 	C:\Program Files\Android\Android Studio\jre\bin\java.exe
0x00007ff8563d0000 - 0x00007ff8565c5000 	C:\WINDOWS\SYSTEM32\ntdll.dll
0x00007ff8544c0000 - 0x00007ff85457d000 	C:\WINDOWS\System32\KERNEL32.DLL
0x00007ff853ec0000 - 0x00007ff854188000 	C:\WINDOWS\System32\KERNELBASE.dll
0x00007ff856190000 - 0x00007ff85623c000 	C:\WINDOWS\System32\ADVAPI32.dll
0x00007ff8547e0000 - 0x00007ff85487e000 	C:\WINDOWS\System32\msvcrt.dll
0x00007ff855230000 - 0x00007ff8552cb000 	C:\WINDOWS\System32\sechost.dll
0x00007ff856260000 - 0x00007ff85638b000 	C:\WINDOWS\System32\RPCRT4.dll
0x00007ff854580000 - 0x00007ff854720000 	C:\WINDOWS\System32\USER32.dll
0x00007ff853c80000 - 0x00007ff853ca2000 	C:\WINDOWS\System32\win32u.dll
0x00007ff855120000 - 0x00007ff85514a000 	C:\WINDOWS\System32\GDI32.dll
0x00007ff853b10000 - 0x00007ff853c1b000 	C:\WINDOWS\System32\gdi32full.dll
0x00007ff854190000 - 0x00007ff85422d000 	C:\WINDOWS\System32\msvcp_win.dll
0x00007ff854230000 - 0x00007ff854330000 	C:\WINDOWS\System32\ucrtbase.dll
0x00007ff83db90000 - 0x00007ff83de2a000 	C:\WINDOWS\WinSxS\amd64_microsoft.windows.common-controls_6595b64144ccf1df_6.0.19041.844_none_ca00b6081b84eb1d\COMCTL32.dll
0x00007ff854fd0000 - 0x00007ff855000000 	C:\WINDOWS\System32\IMM32.DLL
0x0000000074590000 - 0x0000000074662000 	C:\Program Files\Android\Android Studio\jre\jre\bin\msvcr100.dll
0x0000000074670000 - 0x0000000074eb1000 	C:\Program Files\Android\Android Studio\jre\jre\bin\server\jvm.dll
0x00007ff856110000 - 0x00007ff856118000 	C:\WINDOWS\System32\PSAPI.DLL
0x00007ff842b00000 - 0x00007ff842b27000 	C:\WINDOWS\SYSTEM32\WINMM.dll
0x00007ff8490d0000 - 0x00007ff8490da000 	C:\WINDOWS\SYSTEM32\VERSION.dll
0x00007ff83c3b0000 - 0x00007ff83c3b9000 	C:\WINDOWS\SYSTEM32\WSOCK32.dll
0x00007ff856120000 - 0x00007ff85618b000 	C:\WINDOWS\System32\WS2_32.dll
0x00007ff84b0f0000 - 0x00007ff84b0ff000 	C:\Program Files\Android\Android Studio\jre\jre\bin\verify.dll
0x00007ff84adb0000 - 0x00007ff84add9000 	C:\Program Files\Android\Android Studio\jre\jre\bin\java.dll
0x00007ff84b070000 - 0x00007ff84b086000 	C:\Program Files\Android\Android Studio\jre\jre\bin\zip.dll
0x00007ff8559c0000 - 0x00007ff856102000 	C:\WINDOWS\System32\SHELL32.dll
0x00007ff851860000 - 0x00007ff851ff1000 	C:\WINDOWS\SYSTEM32\windows.storage.dll
0x00007ff855510000 - 0x00007ff855865000 	C:\WINDOWS\System32\combase.dll
0x00007ff853580000 - 0x00007ff8535ac000 	C:\WINDOWS\SYSTEM32\Wldp.dll
0x00007ff8552d0000 - 0x00007ff85537e000 	C:\WINDOWS\System32\SHCORE.dll
0x00007ff854f70000 - 0x00007ff854fc5000 	C:\WINDOWS\System32\shlwapi.dll
0x00007ff853a50000 - 0x00007ff853a6f000 	C:\WINDOWS\SYSTEM32\profapi.dll
0x00007ff843a70000 - 0x00007ff843a8a000 	C:\Program Files\Android\Android Studio\jre\jre\bin\net.dll
0x00007ff8532f0000 - 0x00007ff85335a000 	C:\WINDOWS\system32\mswsock.dll
0x00007ff841fb0000 - 0x00007ff841fc1000 	C:\Program Files\Android\Android Studio\jre\jre\bin\nio.dll
0x00007ff843950000 - 0x00007ff84396e000 	C:\Users\Hoai Nam\.gradle\native\25\windows-amd64\native-platform.dll
0x00007ff84ada0000 - 0x00007ff84adad000 	C:\Program Files\Android\Android Studio\jre\jre\bin\management.dll
0x00007ff8534d0000 - 0x00007ff8534e8000 	C:\WINDOWS\SYSTEM32\CRYPTSP.dll
0x00007ff852c20000 - 0x00007ff852c54000 	C:\WINDOWS\system32\rsaenh.dll
0x00007ff854330000 - 0x00007ff854357000 	C:\WINDOWS\System32\bcrypt.dll
0x00007ff853a10000 - 0x00007ff853a3e000 	C:\WINDOWS\SYSTEM32\USERENV.dll
0x00007ff8543b0000 - 0x00007ff854430000 	C:\WINDOWS\System32\bcryptprimitives.dll
0x00007ff8534c0000 - 0x00007ff8534cc000 	C:\WINDOWS\SYSTEM32\CRYPTBASE.dll
0x00007ff852f90000 - 0x00007ff852fcb000 	C:\WINDOWS\SYSTEM32\IPHLPAPI.DLL
0x00007ff854af0000 - 0x00007ff854af8000 	C:\WINDOWS\System32\NSI.dll
0x00007ff849350000 - 0x00007ff849367000 	C:\WINDOWS\SYSTEM32\dhcpcsvc6.DLL
0x00007ff849bd0000 - 0x00007ff849bed000 	C:\WINDOWS\SYSTEM32\dhcpcsvc.DLL
0x00007ff852fd0000 - 0x00007ff85309c000 	C:\WINDOWS\SYSTEM32\DNSAPI.dll

VM Arguments:
jvm_args: -Xmx1536m -Dfile.encoding=windows-1252 -Duser.country=US -Duser.language=en -Duser.variant 
java_command: org.gradle.launcher.daemon.bootstrap.GradleDaemon 5.1.1
java_class_path (initial): C:\Users\Hoai Nam\.gradle\wrapper\dists\gradle-5.1.1-all\97z1ksx6lirer3kbvdnh7jtjg\gradle-5.1.1\lib\gradle-launcher-5.1.1.jar
Launcher Type: SUN_STANDARD

Environment Variables:
JAVA_HOME=D:\Program Files\Java\jdk-15.0.2
PATH=C:\Program Files\Common Files\Oracle\Java\javapath;C:\Program Files (x86)\Common Files\Oracle\Java\javapath;C:\WINDOWS\system32;C:\WINDOWS;C:\WINDOWS\System32\Wbem;C:\WINDOWS\System32\WindowsPowerShell\v1.0\;C:\WINDOWS\System32\OpenSSH\;C:\Program Files (x86)\Intel\Intel(R) Management Engine Components\DAL;C:\Program Files\Intel\Intel(R) Management Engine Components\DAL;C:\WINDOWS\system32\config\systemprofile\.dnx\bin;C:\Program Files\Microsoft DNX\Dnvm\;C:\Program Files (x86)\Windows Kits\8.1\Windows Performance Toolkit\;C:\Program Files\Microsoft SQL Server\120\Tools\Binn\;C:\Program Files\Microsoft SQL Server\130\Tools\Binn\;C:\Program Files (x86)\nodejs\;C:\Program Files\Git\cmd;D:\Program Files (x86)\Microsoft SQL Server\100\Tools\Binn\;D:\Program Files\Microsoft SQL Server\100\Tools\Binn\;D:\Program Files\Microsoft SQL Server\100\DTS\Binn\;D:\Program Files (x86)\Microsoft SQL Server\100\Tools\Binn\VSShell\Common7\IDE\;C:\Program Files (x86)\Microsoft Visual Studio 9.0\Common7\IDE\PrivateAssemblies\;D:\Program Files (x86)\Microsoft SQL Server\100\DTS\Binn\;C:\Users\Hoai Nam\AppData\Local\Microsoft\WindowsApps;C:\Users\Hoai Nam\AppData\Roaming\npm;
USERNAME=Hoai Nam
OS=Windows_NT
PROCESSOR_IDENTIFIER=Intel64 Family 6 Model 142 Stepping 10, GenuineIntel



---------------  S Y S T E M  ---------------

OS: Windows 10.0 , 64 bit Build 19041 (10.0.19041.928)

CPU:total 8 (initial active 8) (4 cores per cpu, 2 threads per core) family 6 model 142 stepping 10, cmov, cx8, fxsr, mmx, sse, sse2, sse3, ssse3, sse4.1, sse4.2, popcnt, avx, avx2, aes, clmul, erms, 3dnowpref, lzcnt, ht, tsc, tscinvbit, bmi1, bmi2, adx

Memory: 4k page, physical 8283800k(1344728k free), swap 10380952k(5772k free)

vm_info: OpenJDK 64-Bit Server VM (25.152-b01) for windows-amd64 JRE (1.8.0_152-release-1343-b01), built by "builder" with MS VC++ 10.0 (VS2010)

time: Mon May 10 14:34:27 2021
elapsed time: 118 seconds (0d 0h 1m 58s)

