#
# There is insufficient memory for the Java Runtime Environment to continue.
# Native memory allocation (malloc) failed to allocate 1914096 bytes for Chunk::new
# Possible reasons:
#   The system is out of physical RAM or swap space
#   In 32 bit mode, the process size limit was hit
# Possible solutions:
#   Reduce memory load on the system
#   Increase physical memory or swap space
#   Check if swap backing store is full
#   Use 64 bit Java on a 64 bit OS
#   Decrease Java heap size (-Xmx/-Xms)
#   Decrease number of Java threads
#   Decrease Java thread stack sizes (-Xss)
#   Set larger code cache with -XX:ReservedCodeCacheSize=
# This output file may be truncated or incomplete.
#
#  Out of Memory Error (allocation.cpp:390), pid=14084, tid=0x0000000000003784
#
# JRE version: OpenJDK Runtime Environment (8.0_152-b01) (build 1.8.0_152-release-1343-b01)
# Java VM: OpenJDK 64-Bit Server VM (25.152-b01 mixed mode windows-amd64 compressed oops)
# Failed to write core dump. Minidumps are not enabled by default on client versions of Windows
#

---------------  T H R E A D  ---------------

Current thread (0x0000000018fd4000):  JavaThread "C2 CompilerThread2" daemon [_thread_in_native, id=14212, stack(0x00000000199a0000,0x0000000019aa0000)]

Stack: [0x00000000199a0000,0x0000000019aa0000]
[error occurred during error reporting (printing stack bounds), id 0xc0000005]

Native frames: (J=compiled Java code, j=interpreted, Vv=VM code, C=native code)


Current CompileTask:
C2:9202978 25076       4       java.util.HashMap::putVal (300 bytes)


---------------  P R O C E S S  ---------------

Java Threads: ( => current thread )
  0x000000001a255000 JavaThread "ForkJoinPool.commonPool-worker-5" daemon [_thread_in_native, id=1264, stack(0x000000002b6f0000,0x000000002b7f0000)]
  0x000000001a254000 JavaThread "Cache worker for Java compile cache (D:\RetrofitDemo\.gradle\5.1.1\javaCompile)" [_thread_blocked, id=1756, stack(0x0000000029200000,0x0000000029300000)]
  0x000000001a252000 JavaThread "stdout" daemon [_thread_in_native, id=3800, stack(0x000000002b5f0000,0x000000002b6f0000)]
  0x000000001a250800 JavaThread "stderr" daemon [_thread_in_native, id=13064, stack(0x000000002b4f0000,0x000000002b5f0000)]
  0x000000001a24f800 JavaThread "stdout" daemon [_thread_in_native, id=6420, stack(0x000000002b3f0000,0x000000002b4f0000)]
  0x000000001a24c800 JavaThread "stderr" daemon [_thread_in_native, id=13636, stack(0x000000002b2f0000,0x000000002b3f0000)]
  0x000000001a253800 JavaThread "stdout" daemon [_thread_in_native, id=1260, stack(0x000000002b1f0000,0x000000002b2f0000)]
  0x000000001a24e800 JavaThread "stderr" daemon [_thread_in_native, id=9512, stack(0x000000002b0f0000,0x000000002b1f0000)]
  0x000000001fcbb800 JavaThread "stdout" daemon [_thread_in_native, id=15340, stack(0x000000002aff0000,0x000000002b0f0000)]
  0x000000001b17d800 JavaThread "stderr" daemon [_thread_in_native, id=13820, stack(0x000000002aef0000,0x000000002aff0000)]
  0x000000001b181000 JavaThread "stdout" daemon [_thread_in_native, id=15084, stack(0x000000002adf0000,0x000000002aef0000)]
  0x000000001a7c4000 JavaThread "stderr" daemon [_thread_in_native, id=2764, stack(0x000000002acf0000,0x000000002adf0000)]
  0x000000001a7c2000 JavaThread "stdout" daemon [_thread_in_native, id=5864, stack(0x000000002a9f0000,0x000000002aaf0000)]
  0x000000001a7c5000 JavaThread "stderr" daemon [_thread_in_native, id=14452, stack(0x000000002a8f0000,0x000000002a9f0000)]
  0x000000001a7c0800 JavaThread "stdout" daemon [_thread_in_native, id=2460, stack(0x000000002a7f0000,0x000000002a8f0000)]
  0x000000001a7c2800 JavaThread "stderr" daemon [_thread_in_native, id=13132, stack(0x0000000029700000,0x0000000029800000)]
  0x000000001a7c7000 JavaThread "pool-44-thread-1" [_thread_blocked, id=3568, stack(0x0000000029600000,0x0000000029700000)]
  0x000000001a7c3800 JavaThread "ForkJoinPool.commonPool-worker-4" daemon [_thread_in_native, id=15156, stack(0x0000000029500000,0x0000000029600000)]
  0x0000000021326000 JavaThread "ForkJoinPool.commonPool-worker-3" daemon [_thread_in_native, id=11600, stack(0x0000000029400000,0x0000000029500000)]
  0x0000000021325800 JavaThread "ForkJoinPool.commonPool-worker-2" daemon [_thread_in_native, id=4080, stack(0x0000000029300000,0x0000000029400000)]
  0x0000000021329000 JavaThread "ForkJoinPool.commonPool-worker-0" daemon [_thread_in_Java, id=12356, stack(0x0000000029100000,0x0000000029200000)]
  0x0000000021324000 JavaThread "ForkJoinPool.commonPool-worker-7" daemon [_thread_in_native, id=2784, stack(0x0000000029000000,0x0000000029100000)]
  0x0000000021327800 JavaThread "ForkJoinPool.commonPool-worker-6" daemon [_thread_in_native, id=2440, stack(0x0000000027ee0000,0x0000000027fe0000)]
  0x000000002131d000 JavaThread "Cache worker for execution history cache (D:\RetrofitDemo\.gradle\5.1.1\executionHistory)" [_thread_blocked, id=15040, stack(0x0000000027be0000,0x0000000027ce0000)]
  0x0000000021321000 JavaThread "Execution worker for ':' Thread 7" [_thread_blocked, id=4396, stack(0x0000000027ae0000,0x0000000027be0000)]
  0x000000001fcc9000 JavaThread "Execution worker for ':' Thread 6" [_thread_blocked, id=12976, stack(0x00000000279e0000,0x0000000027ae0000)]
  0x000000001fcc1800 JavaThread "Execution worker for ':' Thread 5" [_thread_in_vm, id=4040, stack(0x0000000026ee0000,0x0000000026fe0000)]
  0x000000001fcc8000 JavaThread "Execution worker for ':' Thread 4" [_thread_blocked, id=5020, stack(0x00000000269e0000,0x0000000026ae0000)]
  0x000000001fcc7800 JavaThread "Execution worker for ':' Thread 3" [_thread_blocked, id=9672, stack(0x00000000268e0000,0x00000000269e0000)]
  0x000000001fcc6800 JavaThread "Execution worker for ':' Thread 2" [_thread_blocked, id=5684, stack(0x00000000261e0000,0x00000000262e0000)]
  0x000000001fcc4800 JavaThread "Execution worker for ':'" [_thread_blocked, id=1112, stack(0x0000000025ce0000,0x0000000025de0000)]
  0x000000001fcc3000 JavaThread "Cache worker for file content cache (D:\RetrofitDemo\.gradle\5.1.1\fileContent)" [_thread_blocked, id=10100, stack(0x00000000257e0000,0x00000000258e0000)]
  0x000000001fcc6000 JavaThread "Cache worker for Build Output Cleanup Cache (D:\RetrofitDemo\.gradle\buildOutputCleanup)" [_thread_blocked, id=7148, stack(0x00000000254e0000,0x00000000255e0000)]
  0x000000001fcbc000 JavaThread "pool-43-thread-1" [_thread_blocked, id=6992, stack(0x0000000023d00000,0x0000000023e00000)]
  0x000000001fcba000 JavaThread "Build operations Thread 8" [_thread_blocked, id=10088, stack(0x0000000023a00000,0x0000000023b00000)]
  0x000000001fcbf000 JavaThread "Build operations Thread 7" [_thread_blocked, id=388, stack(0x0000000023900000,0x0000000023a00000)]
  0x000000001fcc0800 JavaThread "Build operations Thread 6" [_thread_blocked, id=11704, stack(0x0000000023800000,0x0000000023900000)]
  0x000000001fcc0000 JavaThread "Build operations Thread 5" [_thread_blocked, id=5324, stack(0x0000000023700000,0x0000000023800000)]
  0x000000001fcbe800 JavaThread "Build operations Thread 4" [_thread_blocked, id=3304, stack(0x0000000023600000,0x0000000023700000)]
  0x000000001fcbd000 JavaThread "Build operations Thread 3" [_thread_blocked, id=6044, stack(0x0000000023500000,0x0000000023600000)]
  0x000000001fcba800 JavaThread "Build operations Thread 2" [_thread_blocked, id=4988, stack(0x0000000023400000,0x0000000023500000)]
  0x0000000020475800 JavaThread "Build operations" [_thread_blocked, id=14736, stack(0x0000000023300000,0x0000000023400000)]
  0x0000000020471800 JavaThread "Cache worker for cache directory md-rule (C:\Users\Hoai Nam\.gradle\caches\5.1.1\md-rule)" [_thread_blocked, id=7664, stack(0x0000000021770000,0x0000000021870000)]
  0x0000000020476000 JavaThread "Cache worker for cache directory md-supplier (C:\Users\Hoai Nam\.gradle\caches\5.1.1\md-supplier)" [_thread_blocked, id=11364, stack(0x000000001ec90000,0x000000001ed90000)]
  0x0000000020474800 JavaThread "Cache worker for file hash cache (D:\RetrofitDemo\.gradle\5.1.1\fileHashes)" [_thread_blocked, id=4112, stack(0x000000001c6f0000,0x000000001c7f0000)]
  0x0000000020472800 JavaThread "Thread-640" [_thread_blocked, id=13468, stack(0x000000001c2f0000,0x000000001c3f0000)]
  0x0000000020470000 JavaThread "Stdin handler" [_thread_blocked, id=4032, stack(0x000000001c1f0000,0x000000001c2f0000)]
  0x0000000020471000 JavaThread "Asynchronous log dispatcher for DefaultDaemonConnection: socket connection from /127.0.0.1:6860 to /127.0.0.1:5441" [_thread_blocked, id=15008, stack(0x000000001bef0000,0x000000001bff0000)]
  0x0000000020473000 JavaThread "Cancel handler" [_thread_blocked, id=9168, stack(0x0000000001610000,0x0000000001710000)]
  0x0000000020477000 JavaThread "Handler for socket connection from /127.0.0.1:6860 to /127.0.0.1:5441" [_thread_in_native, id=10280, stack(0x00000000014d0000,0x00000000015d0000)]
  0x0000000021321800 JavaThread "Daemon worker Thread 21" [_thread_blocked, id=12204, stack(0x000000001bdf0000,0x000000001bef0000)]
  0x0000000021320000 JavaThread "Daemon Thread 21" [_thread_blocked, id=9624, stack(0x00000000012d0000,0x00000000013d0000)]
  0x000000001fcbd800 JavaThread "Cache worker for Java compile cache (C:\Users\Hoai Nam\.gradle\caches\5.1.1\javaCompile)" [_thread_blocked, id=9236, stack(0x00000000260e0000,0x00000000261e0000)]
  0x000000002132a800 JavaThread "Cache worker for file content cache (C:\Users\Hoai Nam\.gradle\caches\5.1.1\fileContent)" [_thread_blocked, id=13996, stack(0x00000000253e0000,0x00000000254e0000)]
  0x000000002132a000 JavaThread "Memory manager" [_thread_blocked, id=13988, stack(0x00000000250e0000,0x00000000251e0000)]
  0x000000002131f800 JavaThread "Cache worker for execution history cache (C:\Users\Hoai Nam\.gradle\caches\5.1.1\executionHistory)" [_thread_blocked, id=13808, stack(0x00000000218c0000,0x00000000219c0000)]
  0x000000001b183800 JavaThread "Cache worker for journal cache (C:\Users\Hoai Nam\.gradle\caches\journal-1)" [_thread_blocked, id=14300, stack(0x000000001c9f0000,0x000000001caf0000)]
  0x000000001b182800 JavaThread "File lock request listener" [_thread_in_native, id=14296, stack(0x000000001c8f0000,0x000000001c9f0000)]
  0x000000001b4fc800 JavaThread "Cache worker for file hash cache (C:\Users\Hoai Nam\.gradle\caches\5.1.1\fileHashes)" [_thread_blocked, id=14292, stack(0x000000001c7f0000,0x000000001c8f0000)]
  0x000000001b3b1800 JavaThread "Daemon periodic checks" [_thread_blocked, id=14240, stack(0x000000001bcf0000,0x000000001bdf0000)]
  0x000000001b3ae800 JavaThread "Incoming local TCP Connector on port 6860" [_thread_in_native, id=14236, stack(0x000000001bab0000,0x000000001bbb0000)]
  0x000000001905f800 JavaThread "Service Thread" daemon [_thread_blocked, id=14220, stack(0x0000000019ba0000,0x0000000019ca0000)]
  0x00000000170ac800 JavaThread "C1 CompilerThread3" daemon [_thread_in_vm, id=14216, stack(0x0000000019aa0000,0x0000000019ba0000)]
=>0x0000000018fd4000 JavaThread "C2 CompilerThread2" daemon [_thread_in_native, id=14212, stack(0x00000000199a0000,0x0000000019aa0000)]
  0x0000000018fd0000 JavaThread "C2 CompilerThread1" daemon [_thread_in_native, id=14208, stack(0x00000000198a0000,0x00000000199a0000)]
  0x0000000018fcd000 JavaThread "C2 CompilerThread0" daemon [_thread_in_native, id=14204, stack(0x00000000197a0000,0x00000000198a0000)]
  0x0000000018fcc000 JavaThread "Attach Listener" daemon [_thread_blocked, id=14200, stack(0x00000000196a0000,0x00000000197a0000)]
  0x0000000018fd6000 JavaThread "Signal Dispatcher" daemon [_thread_blocked, id=14196, stack(0x00000000195a0000,0x00000000196a0000)]
  0x00000000032dd800 JavaThread "Finalizer" daemon [_thread_blocked, id=14192, stack(0x00000000193a0000,0x00000000194a0000)]
  0x000000001709c000 JavaThread "Reference Handler" daemon [_thread_blocked, id=14188, stack(0x0000000018ea0000,0x0000000018fa0000)]
  0x00000000031e2800 JavaThread "main" [_thread_blocked, id=14148, stack(0x0000000003030000,0x0000000003130000)]

Other Threads:
  0x0000000017096000 VMThread [stack: 0x0000000018da0000,0x0000000018ea0000] [id=14184]
  0x0000000019060000 WatcherThread [stack: 0x0000000019ca0000,0x0000000019da0000] [id=14224]

VM state:not at safepoint (normal execution)

VM Mutex/Monitor currently owned by a thread:  ([mutex/lock_event])
[0x00000000031bd0b0] CodeCache_lock - owner thread: 0x00000000170ac800
[0x00000000031e00d0] Compile_lock - owner thread: 0x00000000170ac800
[0x00000000031e08d0] MethodCompileQueue_lock - owner thread: 0x00000000170ac800

Heap:
 PSYoungGen      total 182272K, used 89952K [0x00000000e0000000, 0x00000000f0100000, 0x0000000100000000)
  eden space 154624K, 40% used [0x00000000e0000000,0x00000000e3cdf2e0,0x00000000e9700000)
  from space 27648K, 99% used [0x00000000ebd00000,0x00000000ed7f8e50,0x00000000ed800000)
  to   space 38912K, 0% used [0x00000000e9700000,0x00000000e9700000,0x00000000ebd00000)
 ParOldGen       total 176128K, used 46683K [0x00000000a0000000, 0x00000000aac00000, 0x00000000e0000000)
  object space 176128K, 26% used [0x00000000a0000000,0x00000000a2d96ec8,0x00000000aac00000)
 Metaspace       used 97026K, capacity 103368K, committed 103704K, reserved 1140736K
  class space    used 12183K, capacity 13220K, committed 13352K, reserved 1048576K

Card table byte_map: [0x00000000126a0000,0x00000000129b0000] byte_map_base: 0x00000000121a0000

Marking Bits: (ParMarkBitMap*) 0x00000000572d5aa0
 Begin Bits: [0x00000000133b0000, 0x0000000014bb0000)
 End Bits:   [0x0000000014bb0000, 0x00000000163b0000)

Polling page: 0x00000000017d0000

CodeCache: size=245760Kb used=70839Kb max_used=70839Kb free=174920Kb
 bounds [0x00000000032e0000, 0x0000000007880000, 0x00000000122e0000]
 total_blobs=20922 nmethods=20036 adapters=795
 compilation: enabled

Compilation events (10 events):
Event: 9202.575 Thread 0x00000000170ac800 25477       1       com.android.tools.r8.code.Aget::getOpcode (3 bytes)
Event: 9202.575 Thread 0x00000000170ac800 nmethod 25477 0x0000000007866e10 code [0x0000000007866f60, 0x0000000007867070]
Event: 9202.575 Thread 0x00000000170ac800 25483       1       com.android.tools.r8.code.IfGe::getOpcode (3 bytes)
Event: 9202.575 Thread 0x00000000170ac800 nmethod 25483 0x00000000078670d0 code [0x0000000007867220, 0x0000000007867330]
Event: 9202.576 Thread 0x00000000170ac800 25484       2       java.util.Arrays::equals (78 bytes)
Event: 9202.576 Thread 0x00000000170ac800 nmethod 25484 0x0000000007867390 code [0x0000000007867500, 0x00000000078677a8]
Event: 9202.576 Thread 0x00000000170ac800 25485       3       com.android.tools.r8.ir.regalloc.LinearScanRegisterAllocator::overlapsMoveExceptionInterval (70 bytes)
Event: 9202.577 Thread 0x00000000170ac800 nmethod 25485 0x0000000007867910 code [0x0000000007867b00, 0x0000000007868398]
Event: 9202.580 Thread 0x00000000170ac800 25486       3       java.util.HashMap::computeIfAbsent (309 bytes)
Event: 9202.582 Thread 0x00000000170ac800 nmethod 25486 0x0000000007868650 code [0x0000000007868920, 0x000000000786a198]

GC Heap History (10 events):
Event: 9196.914 GC heap before
{Heap before GC invocations=36 (full 4):
 PSYoungGen      total 159232K, used 147422K [0x00000000e0000000, 0x00000000ec000000, 0x0000000100000000)
  eden space 138240K, 100% used [0x00000000e0000000,0x00000000e8700000,0x00000000e8700000)
  from space 20992K, 43% used [0x00000000e8700000,0x00000000e8ff78b0,0x00000000e9b80000)
  to   space 19968K, 0% used [0x00000000eac80000,0x00000000eac80000,0x00000000ec000000)
 ParOldGen       total 176128K, used 39835K [0x00000000a0000000, 0x00000000aac00000, 0x00000000e0000000)
  object space 176128K, 22% used [0x00000000a0000000,0x00000000a26e6ee8,0x00000000aac00000)
 Metaspace       used 95456K, capacity 101770K, committed 102424K, reserved 1138688K
  class space    used 12061K, capacity 13123K, committed 13352K, reserved 1048576K
Event: 9196.940 GC heap after
Heap after GC invocations=36 (full 4):
 PSYoungGen      total 173056K, used 19937K [0x00000000e0000000, 0x00000000ec400000, 0x0000000100000000)
  eden space 153088K, 0% used [0x00000000e0000000,0x00000000e0000000,0x00000000e9580000)
  from space 19968K, 99% used [0x00000000eac80000,0x00000000ebff8528,0x00000000ec000000)
  to   space 23552K, 0% used [0x00000000e9580000,0x00000000e9580000,0x00000000eac80000)
 ParOldGen       total 176128K, used 42024K [0x00000000a0000000, 0x00000000aac00000, 0x00000000e0000000)
  object space 176128K, 23% used [0x00000000a0000000,0x00000000a290a118,0x00000000aac00000)
 Metaspace       used 95456K, capacity 101770K, committed 102424K, reserved 1138688K
  class space    used 12061K, capacity 13123K, committed 13352K, reserved 1048576K
}
Event: 9201.594 GC heap before
{Heap before GC invocations=37 (full 4):
 PSYoungGen      total 173056K, used 173025K [0x00000000e0000000, 0x00000000ec400000, 0x0000000100000000)
  eden space 153088K, 100% used [0x00000000e0000000,0x00000000e9580000,0x00000000e9580000)
  from space 19968K, 99% used [0x00000000eac80000,0x00000000ebff8528,0x00000000ec000000)
  to   space 23552K, 0% used [0x00000000e9580000,0x00000000e9580000,0x00000000eac80000)
 ParOldGen       total 176128K, used 42024K [0x00000000a0000000, 0x00000000aac00000, 0x00000000e0000000)
  object space 176128K, 23% used [0x00000000a0000000,0x00000000a290a118,0x00000000aac00000)
 Metaspace       used 96408K, capacity 102720K, committed 103192K, reserved 1138688K
  class space    used 12155K, capacity 13212K, committed 13352K, reserved 1048576K
Event: 9201.614 GC heap after
Heap after GC invocations=37 (full 4):
 PSYoungGen      total 176640K, used 23541K [0x00000000e0000000, 0x00000000ed800000, 0x0000000100000000)
  eden space 153088K, 0% used [0x00000000e0000000,0x00000000e0000000,0x00000000e9580000)
  from space 23552K, 99% used [0x00000000e9580000,0x00000000eac7d6f8,0x00000000eac80000)
  to   space 27648K, 0% used [0x00000000ebd00000,0x00000000ebd00000,0x00000000ed800000)
 ParOldGen       total 176128K, used 44695K [0x00000000a0000000, 0x00000000aac00000, 0x00000000e0000000)
  object space 176128K, 25% used [0x00000000a0000000,0x00000000a2ba5e90,0x00000000aac00000)
 Metaspace       used 96408K, capacity 102720K, committed 103192K, reserved 1138688K
  class space    used 12155K, capacity 13212K, committed 13352K, reserved 1048576K
}
Event: 9201.876 GC heap before
{Heap before GC invocations=38 (full 4):
 PSYoungGen      total 176640K, used 176629K [0x00000000e0000000, 0x00000000ed800000, 0x0000000100000000)
  eden space 153088K, 100% used [0x00000000e0000000,0x00000000e9580000,0x00000000e9580000)
  from space 23552K, 99% used [0x00000000e9580000,0x00000000eac7d6f8,0x00000000eac80000)
  to   space 27648K, 0% used [0x00000000ebd00000,0x00000000ebd00000,0x00000000ed800000)
 ParOldGen       total 176128K, used 44695K [0x00000000a0000000, 0x00000000aac00000, 0x00000000e0000000)
  object space 176128K, 25% used [0x00000000a0000000,0x00000000a2ba5e90,0x00000000aac00000)
 Metaspace       used 96631K, capacity 102940K, committed 103448K, reserved 1138688K
  class space    used 12181K, capacity 13218K, committed 13352K, reserved 1048576K
Event: 9201.895 GC heap after
Heap after GC invocations=38 (full 4):
 PSYoungGen      total 188928K, used 27641K [0x00000000e0000000, 0x00000000ee700000, 0x0000000100000000)
  eden space 161280K, 0% used [0x00000000e0000000,0x00000000e0000000,0x00000000e9d80000)
  from space 27648K, 99% used [0x00000000ebd00000,0x00000000ed7fe4f0,0x00000000ed800000)
  to   space 32256K, 0% used [0x00000000e9d80000,0x00000000e9d80000,0x00000000ebd00000)
 ParOldGen       total 176128K, used 45158K [0x00000000a0000000, 0x00000000aac00000, 0x00000000e0000000)
  object space 176128K, 25% used [0x00000000a0000000,0x00000000a2c19bf0,0x00000000aac00000)
 Metaspace       used 96631K, capacity 102940K, committed 103448K, reserved 1138688K
  class space    used 12181K, capacity 13218K, committed 13352K, reserved 1048576K
}
Event: 9202.160 GC heap before
{Heap before GC invocations=39 (full 4):
 PSYoungGen      total 188928K, used 188921K [0x00000000e0000000, 0x00000000ee700000, 0x0000000100000000)
  eden space 161280K, 100% used [0x00000000e0000000,0x00000000e9d80000,0x00000000e9d80000)
  from space 27648K, 99% used [0x00000000ebd00000,0x00000000ed7fe4f0,0x00000000ed800000)
  to   space 32256K, 0% used [0x00000000e9d80000,0x00000000e9d80000,0x00000000ebd00000)
 ParOldGen       total 176128K, used 45158K [0x00000000a0000000, 0x00000000aac00000, 0x00000000e0000000)
  object space 176128K, 25% used [0x00000000a0000000,0x00000000a2c19bf0,0x00000000aac00000)
 Metaspace       used 96688K, capacity 103012K, committed 103448K, reserved 1138688K
  class space    used 12181K, capacity 13218K, committed 13352K, reserved 1048576K
Event: 9202.182 GC heap after
Heap after GC invocations=39 (full 4):
 PSYoungGen      total 193536K, used 28985K [0x00000000e0000000, 0x00000000ee700000, 0x0000000100000000)
  eden space 161280K, 0% used [0x00000000e0000000,0x00000000e0000000,0x00000000e9d80000)
  from space 32256K, 89% used [0x00000000e9d80000,0x00000000eb9ce5f8,0x00000000ebd00000)
  to   space 27648K, 0% used [0x00000000ebd00000,0x00000000ebd00000,0x00000000ed800000)
 ParOldGen       total 176128K, used 45158K [0x00000000a0000000, 0x00000000aac00000, 0x00000000e0000000)
  object space 176128K, 25% used [0x00000000a0000000,0x00000000a2c19bf0,0x00000000aac00000)
 Metaspace       used 96688K, capacity 103012K, committed 103448K, reserved 1138688K
  class space    used 12181K, capacity 13218K, committed 13352K, reserved 1048576K
}
Event: 9202.473 GC heap before
{Heap before GC invocations=40 (full 4):
 PSYoungGen      total 193536K, used 190265K [0x00000000e0000000, 0x00000000ee700000, 0x0000000100000000)
  eden space 161280K, 100% used [0x00000000e0000000,0x00000000e9d80000,0x00000000e9d80000)
  from space 32256K, 89% used [0x00000000e9d80000,0x00000000eb9ce5f8,0x00000000ebd00000)
  to   space 27648K, 0% used [0x00000000ebd00000,0x00000000ebd00000,0x00000000ed800000)
 ParOldGen       total 176128K, used 45158K [0x00000000a0000000, 0x00000000aac00000, 0x00000000e0000000)
  object space 176128K, 25% used [0x00000000a0000000,0x00000000a2c19bf0,0x00000000aac00000)
 Metaspace       used 96989K, capacity 103304K, committed 103704K, reserved 1140736K
  class space    used 12183K, capacity 13220K, committed 13352K, reserved 1048576K
Event: 9202.489 GC heap after
Heap after GC invocations=40 (full 4):
 PSYoungGen      total 182272K, used 27619K [0x00000000e0000000, 0x00000000f0100000, 0x0000000100000000)
  eden space 154624K, 0% used [0x00000000e0000000,0x00000000e0000000,0x00000000e9700000)
  from space 27648K, 99% used [0x00000000ebd00000,0x00000000ed7f8e50,0x00000000ed800000)
  to   space 38912K, 0% used [0x00000000e9700000,0x00000000e9700000,0x00000000ebd00000)
 ParOldGen       total 176128K, used 46683K [0x00000000a0000000, 0x00000000aac00000, 0x00000000e0000000)
  object space 176128K, 26% used [0x00000000a0000000,0x00000000a2d96ec8,0x00000000aac00000)
 Metaspace       used 96989K, capacity 103304K, committed 103704K, reserved 1140736K
  class space    used 12183K, capacity 13220K, committed 13352K, reserved 1048576K
}

Deoptimization events (10 events):
Event: 9202.375 Thread 0x0000000021325800 Uncommon trap: reason=array_check action=maybe_recompile pc=0x000000000775a278 method=java.util.TimSort.mergeHi(IIII)V @ 282
Event: 9202.375 Thread 0x0000000021325800 Uncommon trap: reason=array_check action=maybe_recompile pc=0x00000000077381e0 method=java.util.TimSort.mergeLo(IIII)V @ 245
Event: 9202.407 Thread 0x000000001a7c3800 Uncommon trap: reason=predicate action=maybe_recompile pc=0x00000000077b30ac method=com.android.tools.r8.ir.regalloc.LiveIntervals.computeRematerializable(Lcom/android/tools/r8/ir/regalloc/LinearScanRegisterAllocator;)V @ 71
Event: 9202.458 Thread 0x000000001a7c3800 Uncommon trap: reason=unstable_if action=reinterpret pc=0x00000000065c5230 method=com.android.tools.r8.ir.regalloc.LinearScanRegisterAllocator.isLocalLiveAtInstruction(Lcom/android/tools/r8/ir/code/Instruction;IILcom/android/tools/r8/ir/code/Value;)Z @ 43
Event: 9202.469 Thread 0x000000001a7c3800 Uncommon trap: reason=class_check action=maybe_recompile pc=0x00000000077927f8 method=com.android.tools.r8.ir.optimize.CodeRewriter$CSEExpressionEquivalence.doHash(Lcom/android/tools/r8/ir/code/Instruction;)I @ 34
Event: 9202.469 Thread 0x000000001a7c3800 Uncommon trap: reason=class_check action=maybe_recompile pc=0x00000000077927f8 method=com.android.tools.r8.ir.optimize.CodeRewriter$CSEExpressionEquivalence.doHash(Lcom/android/tools/r8/ir/code/Instruction;)I @ 34
Event: 9202.469 Thread 0x000000001a7c3800 Uncommon trap: reason=bimorphic action=maybe_recompile pc=0x0000000005d7f110 method=com.android.tools.r8.ir.analysis.constant.SparseConditionalConstantPropagation.visitInstruction(Lcom/android/tools/r8/ir/code/Instruction;)V @ 40
Event: 9202.470 Thread 0x000000001a7c3800 Uncommon trap: reason=bimorphic action=maybe_recompile pc=0x0000000005d7f110 method=com.android.tools.r8.ir.analysis.constant.SparseConditionalConstantPropagation.visitInstruction(Lcom/android/tools/r8/ir/code/Instruction;)V @ 40
Event: 9202.571 Thread 0x000000001a7c3800 Uncommon trap: reason=unstable_if action=reinterpret pc=0x000000000438f080 method=java.util.Arrays.equals([Ljava/lang/Object;[Ljava/lang/Object;)Z @ 47
Event: 9202.571 Thread 0x000000001a7c3800 Uncommon trap: reason=null_check action=make_not_entrant pc=0x0000000004d2bd40 method=com.android.tools.r8.graph.DexString.computeEquals(Ljava/lang/Object;)Z @ 1

Classes redefined (0 events):
No events

Internal exceptions (10 events):
Event: 9202.304 Thread 0x000000001fcc1800 Exception <a 'sun/nio/fs/WindowsException'> (0x00000000e4583b58) thrown at [D:\src\AOSP-openjdk-cygwin\jdk8u\hotspot\src\share\vm\prims\jni.cpp, line 709]
Event: 9202.304 Thread 0x000000001fcc1800 Exception <a 'sun/nio/fs/WindowsException'> (0x00000000e4585660) thrown at [D:\src\AOSP-openjdk-cygwin\jdk8u\hotspot\src\share\vm\prims\jni.cpp, line 709]
Event: 9202.310 Thread 0x000000001fcc1800 Exception <a 'sun/nio/fs/WindowsException'> (0x00000000e49309d0) thrown at [D:\src\AOSP-openjdk-cygwin\jdk8u\hotspot\src\share\vm\prims\jni.cpp, line 709]
Event: 9202.310 Thread 0x000000001fcc1800 Exception <a 'sun/nio/fs/WindowsException'> (0x00000000e4931720) thrown at [D:\src\AOSP-openjdk-cygwin\jdk8u\hotspot\src\share\vm\prims\jni.cpp, line 709]
Event: 9202.311 Thread 0x000000001fcc1800 Exception <a 'sun/nio/fs/WindowsException'> (0x00000000e4933228) thrown at [D:\src\AOSP-openjdk-cygwin\jdk8u\hotspot\src\share\vm\prims\jni.cpp, line 709]
Event: 9202.318 Thread 0x000000001fcc1800 Exception <a 'sun/nio/fs/WindowsException'> (0x00000000e4beacb0) thrown at [D:\src\AOSP-openjdk-cygwin\jdk8u\hotspot\src\share\vm\prims\jni.cpp, line 709]
Event: 9202.319 Thread 0x000000001fcc1800 Exception <a 'sun/nio/fs/WindowsException'> (0x00000000e4beba00) thrown at [D:\src\AOSP-openjdk-cygwin\jdk8u\hotspot\src\share\vm\prims\jni.cpp, line 709]
Event: 9202.319 Thread 0x000000001fcc1800 Exception <a 'sun/nio/fs/WindowsException'> (0x00000000e4bed508) thrown at [D:\src\AOSP-openjdk-cygwin\jdk8u\hotspot\src\share\vm\prims\jni.cpp, line 709]
Event: 9202.571 Thread 0x000000001a7c3800 Implicit null exception at 0x000000000438efca to 0x000000000438f05d
Event: 9202.571 Thread 0x000000001a7c3800 Implicit null exception at 0x0000000004d2bbcf to 0x0000000004d2bd31

Events (10 events):
Event: 9202.570 Thread 0x000000001a7c3800 DEOPT PACKING pc=0x00000000077eb951 sp=0x00000000295fe160
Event: 9202.570 Thread 0x000000001a7c3800 DEOPT UNPACKING pc=0x00000000033275d0 sp=0x00000000295fded8 mode 0
Event: 9202.571 Thread 0x000000001a7c3800 Uncommon trap: trap_request=0xffffff65 fr.pc=0x000000000438f080
Event: 9202.571 Thread 0x000000001a7c3800 DEOPT PACKING pc=0x000000000438f080 sp=0x00000000295fe0d0
Event: 9202.571 Thread 0x000000001a7c3800 DEOPT UNPACKING pc=0x000000000332557b sp=0x00000000295fe058 mode 2
Event: 9202.571 Thread 0x000000001a7c3800 Uncommon trap: trap_request=0xfffffff4 fr.pc=0x0000000004d2bd40
Event: 9202.571 Thread 0x000000001a7c3800 DEOPT PACKING pc=0x0000000004d2bd40 sp=0x00000000295fdf90
Event: 9202.571 Thread 0x000000001a7c3800 DEOPT UNPACKING pc=0x000000000332557b sp=0x00000000295fdf20 mode 2
Event: 9202.576 Thread 0x0000000021324000 DEOPT PACKING pc=0x0000000004cbeba5 sp=0x00000000290fd9e0
Event: 9202.576 Thread 0x0000000021324000 DEOPT UNPACKING pc=0x00000000033275d0 sp=0x00000000290fd710 mode 0


Dynamic libraries:
0x00007ff717900000 - 0x00007ff717931000 	C:\Program Files\Android\Android Studio\jre\bin\java.exe
0x00007fff35230000 - 0x00007fff35425000 	C:\WINDOWS\SYSTEM32\ntdll.dll
0x00007fff34180000 - 0x00007fff3423d000 	C:\WINDOWS\System32\KERNEL32.DLL
0x00007fff32f70000 - 0x00007fff33238000 	C:\WINDOWS\System32\KERNELBASE.dll
0x00007fff340c0000 - 0x00007fff3416c000 	C:\WINDOWS\System32\ADVAPI32.dll
0x00007fff34310000 - 0x00007fff343ae000 	C:\WINDOWS\System32\msvcrt.dll
0x00007fff33e70000 - 0x00007fff33f0b000 	C:\WINDOWS\System32\sechost.dll
0x00007fff33c90000 - 0x00007fff33dbb000 	C:\WINDOWS\System32\RPCRT4.dll
0x00007fff33680000 - 0x00007fff33820000 	C:\WINDOWS\System32\USER32.dll
0x00007fff32d50000 - 0x00007fff32d72000 	C:\WINDOWS\System32\win32u.dll
0x00007fff34020000 - 0x00007fff3404a000 	C:\WINDOWS\System32\GDI32.dll
0x00007fff32de0000 - 0x00007fff32eeb000 	C:\WINDOWS\System32\gdi32full.dll
0x00007fff32cb0000 - 0x00007fff32d4d000 	C:\WINDOWS\System32\msvcp_win.dll
0x00007fff32a50000 - 0x00007fff32b50000 	C:\WINDOWS\System32\ucrtbase.dll
0x00007fff1e1d0000 - 0x00007fff1e46a000 	C:\WINDOWS\WinSxS\amd64_microsoft.windows.common-controls_6595b64144ccf1df_6.0.19041.844_none_ca00b6081b84eb1d\COMCTL32.dll
0x00007fff33fd0000 - 0x00007fff34000000 	C:\WINDOWS\System32\IMM32.DLL
0x0000000056450000 - 0x0000000056522000 	C:\Program Files\Android\Android Studio\jre\jre\bin\msvcr100.dll
0x0000000056b10000 - 0x0000000057351000 	C:\Program Files\Android\Android Studio\jre\jre\bin\server\jvm.dll
0x00007fff33290000 - 0x00007fff33298000 	C:\WINDOWS\System32\PSAPI.DLL
0x00007fff1b540000 - 0x00007fff1b549000 	C:\WINDOWS\SYSTEM32\WSOCK32.dll
0x00007fff20db0000 - 0x00007fff20dd7000 	C:\WINDOWS\SYSTEM32\WINMM.dll
0x00007fff34050000 - 0x00007fff340bb000 	C:\WINDOWS\System32\WS2_32.dll
0x00007fff271f0000 - 0x00007fff271fa000 	C:\WINDOWS\SYSTEM32\VERSION.dll
0x00007ffecdad0000 - 0x00007ffecdadf000 	C:\Program Files\Android\Android Studio\jre\jre\bin\verify.dll
0x00007ffecd470000 - 0x00007ffecd499000 	C:\Program Files\Android\Android Studio\jre\jre\bin\java.dll
0x00007ffecd450000 - 0x00007ffecd466000 	C:\Program Files\Android\Android Studio\jre\jre\bin\zip.dll
0x00007fff343b0000 - 0x00007fff34af2000 	C:\WINDOWS\System32\SHELL32.dll
0x00007fff306d0000 - 0x00007fff30e60000 	C:\WINDOWS\SYSTEM32\windows.storage.dll
0x00007fff34be0000 - 0x00007fff34f35000 	C:\WINDOWS\System32\combase.dll
0x00007fff323e0000 - 0x00007fff3240c000 	C:\WINDOWS\SYSTEM32\Wldp.dll
0x00007fff33dc0000 - 0x00007fff33e6e000 	C:\WINDOWS\System32\SHCORE.dll
0x00007fff33450000 - 0x00007fff334a5000 	C:\WINDOWS\System32\shlwapi.dll
0x00007fff328b0000 - 0x00007fff328cf000 	C:\WINDOWS\SYSTEM32\profapi.dll
0x00007ffecd430000 - 0x00007ffecd44a000 	C:\Program Files\Android\Android Studio\jre\jre\bin\net.dll
0x00007fff32150000 - 0x00007fff321ba000 	C:\WINDOWS\system32\mswsock.dll
0x00007ffecd3d0000 - 0x00007ffecd3e1000 	C:\Program Files\Android\Android Studio\jre\jre\bin\nio.dll
0x00007fff06d70000 - 0x00007fff06d8e000 	C:\Users\Hoai Nam\.gradle\native\25\windows-amd64\native-platform.dll
0x00007ffecd3c0000 - 0x00007ffecd3cd000 	C:\Program Files\Android\Android Studio\jre\jre\bin\management.dll
0x00007fff32320000 - 0x00007fff32338000 	C:\WINDOWS\SYSTEM32\CRYPTSP.dll
0x00007fff31a80000 - 0x00007fff31ab4000 	C:\WINDOWS\system32\rsaenh.dll
0x00007fff32970000 - 0x00007fff32997000 	C:\WINDOWS\System32\bcrypt.dll
0x00007fff32870000 - 0x00007fff3289e000 	C:\WINDOWS\SYSTEM32\USERENV.dll
0x00007fff32ef0000 - 0x00007fff32f70000 	C:\WINDOWS\System32\bcryptprimitives.dll
0x00007fff32340000 - 0x00007fff3234c000 	C:\WINDOWS\SYSTEM32\CRYPTBASE.dll
0x00007fff31df0000 - 0x00007fff31e2b000 	C:\WINDOWS\SYSTEM32\IPHLPAPI.DLL
0x00007fff34fd0000 - 0x00007fff34fd8000 	C:\WINDOWS\System32\NSI.dll
0x00007fff29a80000 - 0x00007fff29a97000 	C:\WINDOWS\SYSTEM32\dhcpcsvc6.DLL
0x00007fff29c00000 - 0x00007fff29c1d000 	C:\WINDOWS\SYSTEM32\dhcpcsvc.DLL
0x00007fff31e40000 - 0x00007fff31f0c000 	C:\WINDOWS\SYSTEM32\DNSAPI.dll

VM Arguments:
jvm_args: -Xmx1536m -Dfile.encoding=windows-1252 -Duser.country=US -Duser.language=en -Duser.variant 
java_command: org.gradle.launcher.daemon.bootstrap.GradleDaemon 5.1.1
java_class_path (initial): C:\Users\Hoai Nam\.gradle\wrapper\dists\gradle-5.1.1-all\97z1ksx6lirer3kbvdnh7jtjg\gradle-5.1.1\lib\gradle-launcher-5.1.1.jar
Launcher Type: SUN_STANDARD

Environment Variables:
JAVA_HOME=D:\Program Files\Java\jdk-15.0.2
PATH=C:\Program Files\Common Files\Oracle\Java\javapath;C:\Program Files (x86)\Common Files\Oracle\Java\javapath;C:\WINDOWS\system32;C:\WINDOWS;C:\WINDOWS\System32\Wbem;C:\WINDOWS\System32\WindowsPowerShell\v1.0\;C:\WINDOWS\System32\OpenSSH\;C:\Program Files (x86)\Intel\Intel(R) Management Engine Components\DAL;C:\Program Files\Intel\Intel(R) Management Engine Components\DAL;C:\WINDOWS\system32\config\systemprofile\.dnx\bin;C:\Program Files\Microsoft DNX\Dnvm\;C:\Program Files (x86)\Windows Kits\8.1\Windows Performance Toolkit\;C:\Program Files\Microsoft SQL Server\120\Tools\Binn\;C:\Program Files\Microsoft SQL Server\130\Tools\Binn\;C:\Program Files (x86)\nodejs\;C:\Program Files\Git\cmd;D:\Program Files (x86)\Microsoft SQL Server\100\Tools\Binn\;D:\Program Files\Microsoft SQL Server\100\Tools\Binn\;D:\Program Files\Microsoft SQL Server\100\DTS\Binn\;D:\Program Files (x86)\Microsoft SQL Server\100\Tools\Binn\VSShell\Common7\IDE\;C:\Program Files (x86)\Microsoft Visual Studio 9.0\Common7\IDE\PrivateAssemblies\;D:\Program Files (x86)\Microsoft SQL Server\100\DTS\Binn\;C:\Users\Hoai Nam\AppData\Local\Microsoft\WindowsApps;C:\Users\Hoai Nam\AppData\Roaming\npm;
USERNAME=Hoai Nam
OS=Windows_NT
PROCESSOR_IDENTIFIER=Intel64 Family 6 Model 142 Stepping 10, GenuineIntel



---------------  S Y S T E M  ---------------

OS: Windows 10.0 , 64 bit Build 19041 (10.0.19041.928)

CPU:total 8 (initial active 8) (4 cores per cpu, 2 threads per core) family 6 model 142 stepping 10, cmov, cx8, fxsr, mmx, sse, sse2, sse3, ssse3, sse4.1, sse4.2, popcnt, avx, avx2, aes, clmul, erms, 3dnowpref, lzcnt, ht, tsc, tscinvbit, bmi1, bmi2, adx

Memory: 4k page, physical 8283800k(1421996k free), swap 10380952k(2360k free)

vm_info: OpenJDK 64-Bit Server VM (25.152-b01) for windows-amd64 JRE (1.8.0_152-release-1343-b01), built by "builder" with MS VC++ 10.0 (VS2010)

time: Sat May 15 09:41:25 2021
elapsed time: 9202 seconds (0d 2h 33m 22s)

