#
# There is insufficient memory for the Java Runtime Environment to continue.
# Native memory allocation (malloc) failed to allocate 32744 bytes for ChunkPool::allocate
# Possible reasons:
#   The system is out of physical RAM or swap space
#   In 32 bit mode, the process size limit was hit
# Possible solutions:
#   Reduce memory load on the system
#   Increase physical memory or swap space
#   Check if swap backing store is full
#   Use 64 bit Java on a 64 bit OS
#   Decrease Java heap size (-Xmx/-Xms)
#   Decrease number of Java threads
#   Decrease Java thread stack sizes (-Xss)
#   Set larger code cache with -XX:ReservedCodeCacheSize=
# This output file may be truncated or incomplete.
#
#  Out of Memory Error (allocation.cpp:273), pid=12100, tid=0x0000000000003d10
#
# JRE version: OpenJDK Runtime Environment (8.0_152-b01) (build 1.8.0_152-release-1343-b01)
# Java VM: OpenJDK 64-Bit Server VM (25.152-b01 mixed mode windows-amd64 compressed oops)
# Failed to write core dump. Minidumps are not enabled by default on client versions of Windows
#

---------------  T H R E A D  ---------------

Current thread (0x00000000180b3800):  JavaThread "C2 CompilerThread2" daemon [_thread_in_native, id=15632, stack(0x0000000018a80000,0x0000000018b80000)]

Stack: [0x0000000018a80000,0x0000000018b80000]
[error occurred during error reporting (printing stack bounds), id 0xc0000005]

Native frames: (J=compiled Java code, j=interpreted, Vv=VM code, C=native code)


Current CompileTask:
C2:   8504 9598 %     4       com.android.tools.r8.ir.regalloc.LinearScanRegisterAllocator::performLinearScan @ 726 (922 bytes)


---------------  P R O C E S S  ---------------

Java Threads: ( => current thread )
  0x000000002044b800 JavaThread "ForkJoinPool.commonPool-worker-7" daemon [_thread_blocked, id=10180, stack(0x0000000025770000,0x0000000025870000)]
  0x0000000020443000 JavaThread "ForkJoinPool.commonPool-worker-6" daemon [_thread_blocked, id=984, stack(0x0000000025670000,0x0000000025770000)]
  0x0000000020449000 JavaThread "ForkJoinPool.commonPool-worker-5" daemon [_thread_in_Java, id=5116, stack(0x0000000025570000,0x0000000025670000)]
  0x0000000020446000 JavaThread "ForkJoinPool.commonPool-worker-4" daemon [_thread_blocked, id=9208, stack(0x0000000025470000,0x0000000025570000)]
  0x0000000020448800 JavaThread "ForkJoinPool.commonPool-worker-3" daemon [_thread_blocked, id=2596, stack(0x0000000025370000,0x0000000025470000)]
  0x0000000020445800 JavaThread "ForkJoinPool.commonPool-worker-2" daemon [_thread_blocked, id=13196, stack(0x0000000025270000,0x0000000025370000)]
  0x0000000020447800 JavaThread "ForkJoinPool.commonPool-worker-1" daemon [_thread_blocked, id=12604, stack(0x0000000025170000,0x0000000025270000)]
  0x000000002044a000 JavaThread "Cache worker for execution history cache (D:\RetrofitDemo\.gradle\5.1.1\executionHistory)" [_thread_blocked, id=2924, stack(0x0000000024d70000,0x0000000024e70000)]
  0x0000000020444800 JavaThread "Execution worker for ':' Thread 7" [_thread_blocked, id=5124, stack(0x0000000024c70000,0x0000000024d70000)]
  0x0000000020444000 JavaThread "Execution worker for ':' Thread 6" [_thread_blocked, id=2804, stack(0x0000000024b70000,0x0000000024c70000)]
  0x0000000020447000 JavaThread "Execution worker for ':' Thread 5" [_thread_blocked, id=12068, stack(0x0000000024a70000,0x0000000024b70000)]
  0x000000001cb4d800 JavaThread "Execution worker for ':' Thread 4" [_thread_blocked, id=12144, stack(0x0000000024970000,0x0000000024a70000)]
  0x000000001cb4d000 JavaThread "Execution worker for ':' Thread 3" [_thread_blocked, id=4372, stack(0x0000000024870000,0x0000000024970000)]
  0x000000001cb4c000 JavaThread "Execution worker for ':' Thread 2" [_thread_blocked, id=1864, stack(0x0000000024770000,0x0000000024870000)]
  0x000000001cb50800 JavaThread "Execution worker for ':'" [_thread_blocked, id=16352, stack(0x0000000024670000,0x0000000024770000)]
  0x000000001cb4e800 JavaThread "Cache worker for file content cache (D:\RetrofitDemo\.gradle\5.1.1\fileContent)" [_thread_blocked, id=3400, stack(0x0000000024370000,0x0000000024470000)]
  0x000000001cb4f000 JavaThread "Cache worker for file content cache (C:\Users\Hoai Nam\.gradle\caches\5.1.1\fileContent)" [_thread_blocked, id=272, stack(0x0000000023c40000,0x0000000023d40000)]
  0x000000001cb4b800 JavaThread "Memory manager" [_thread_blocked, id=16104, stack(0x00000000231b0000,0x00000000232b0000)]
  0x000000001cb50000 JavaThread "Cache worker for Build Output Cleanup Cache (D:\RetrofitDemo\.gradle\buildOutputCleanup)" [_thread_blocked, id=12000, stack(0x0000000023340000,0x0000000023440000)]
  0x000000001cb47800 JavaThread "pool-1-thread-1" [_thread_blocked, id=8104, stack(0x0000000022cb0000,0x0000000022db0000)]
  0x000000001cb4a800 JavaThread "Build operations Thread 8" [_thread_blocked, id=13612, stack(0x00000000229b0000,0x0000000022ab0000)]
  0x000000001cb4a000 JavaThread "Build operations Thread 7" [_thread_blocked, id=14000, stack(0x00000000228b0000,0x00000000229b0000)]
  0x000000001cb46800 JavaThread "Build operations Thread 6" [_thread_blocked, id=9824, stack(0x00000000227b0000,0x00000000228b0000)]
  0x000000001cb43000 JavaThread "Build operations Thread 5" [_thread_blocked, id=10192, stack(0x00000000226b0000,0x00000000227b0000)]
  0x000000001cb46000 JavaThread "Build operations Thread 4" [_thread_blocked, id=3528, stack(0x00000000225b0000,0x00000000226b0000)]
  0x000000001cb45000 JavaThread "Build operations Thread 3" [_thread_blocked, id=14804, stack(0x00000000224b0000,0x00000000225b0000)]
  0x000000001cb49000 JavaThread "Build operations Thread 2" [_thread_blocked, id=4008, stack(0x0000000021f70000,0x0000000022070000)]
  0x000000001cb48000 JavaThread "Build operations" [_thread_blocked, id=13524, stack(0x00000000208a0000,0x00000000209a0000)]
  0x000000001cb44800 JavaThread "Cache worker for execution history cache (C:\Users\Hoai Nam\.gradle\caches\5.1.1\executionHistory)" [_thread_blocked, id=8812, stack(0x00000000209f0000,0x0000000020af0000)]
  0x000000001a2b1800 JavaThread "Cache worker for cache directory md-rule (C:\Users\Hoai Nam\.gradle\caches\5.1.1\md-rule)" [_thread_blocked, id=12756, stack(0x00000000207a0000,0x00000000208a0000)]
  0x000000001a2b1000 JavaThread "Cache worker for cache directory md-supplier (C:\Users\Hoai Nam\.gradle\caches\5.1.1\md-supplier)" [_thread_blocked, id=13052, stack(0x0000000020460000,0x0000000020560000)]
  0x000000001a2aa800 JavaThread "Cache worker for file hash cache (D:\RetrofitDemo\.gradle\5.1.1\fileHashes)" [_thread_blocked, id=8588, stack(0x000000001dd70000,0x000000001de70000)]
  0x000000001a2ad800 JavaThread "Cache worker for journal cache (C:\Users\Hoai Nam\.gradle\caches\journal-1)" [_thread_blocked, id=15256, stack(0x000000001bad0000,0x000000001bbd0000)]
  0x000000001a0a2000 JavaThread "File lock request listener" [_thread_in_native, id=7068, stack(0x000000001b9d0000,0x000000001bad0000)]
  0x000000001a0ac000 JavaThread "Cache worker for file hash cache (C:\Users\Hoai Nam\.gradle\caches\5.1.1\fileHashes)" [_thread_blocked, id=12672, stack(0x000000001b8d0000,0x000000001b9d0000)]
  0x000000001a3ba000 JavaThread "Thread-8" [_thread_blocked, id=2932, stack(0x000000001b7d0000,0x000000001b8d0000)]
  0x000000001a1b5000 JavaThread "Stdin handler" [_thread_blocked, id=6428, stack(0x000000001b5d0000,0x000000001b6d0000)]
  0x000000001a3bc800 JavaThread "Asynchronous log dispatcher for DefaultDaemonConnection: socket connection from /127.0.0.1:28990 to /127.0.0.1:28991" [_thread_blocked, id=8140, stack(0x000000001b4d0000,0x000000001b5d0000)]
  0x000000001a1b4000 JavaThread "Daemon worker" [_thread_blocked, id=12620, stack(0x000000001b3d0000,0x000000001b4d0000)]
  0x000000001a1b8000 JavaThread "Cancel handler" [_thread_blocked, id=7212, stack(0x000000001b2d0000,0x000000001b3d0000)]
  0x000000001a140800 JavaThread "Handler for socket connection from /127.0.0.1:28990 to /127.0.0.1:28991" [_thread_in_native, id=4748, stack(0x000000001afd0000,0x000000001b0d0000)]
  0x000000001a142000 JavaThread "Daemon" [_thread_blocked, id=8784, stack(0x000000001aed0000,0x000000001afd0000)]
  0x000000001a12e800 JavaThread "Daemon periodic checks" [_thread_blocked, id=7368, stack(0x000000001add0000,0x000000001aed0000)]
  0x000000001a1fa000 JavaThread "Incoming local TCP Connector on port 28990" [_thread_in_native, id=2176, stack(0x000000001ab90000,0x000000001ac90000)]
  0x000000001813a800 JavaThread "Service Thread" daemon [_thread_blocked, id=6872, stack(0x0000000018c80000,0x0000000018d80000)]
  0x00000000180bc800 JavaThread "C1 CompilerThread3" daemon [_thread_in_native, id=2756, stack(0x0000000018b80000,0x0000000018c80000)]
=>0x00000000180b3800 JavaThread "C2 CompilerThread2" daemon [_thread_in_native, id=15632, stack(0x0000000018a80000,0x0000000018b80000)]
  0x00000000180b2000 JavaThread "C2 CompilerThread1" daemon [_thread_in_native, id=12748, stack(0x0000000018980000,0x0000000018a80000)]
  0x00000000180af000 JavaThread "C2 CompilerThread0" daemon [_thread_in_native, id=9996, stack(0x0000000018880000,0x0000000018980000)]
  0x00000000180b6800 JavaThread "Attach Listener" daemon [_thread_blocked, id=11300, stack(0x0000000018780000,0x0000000018880000)]
  0x00000000180b5000 JavaThread "Signal Dispatcher" daemon [_thread_blocked, id=13328, stack(0x0000000018680000,0x0000000018780000)]
  0x00000000023de000 JavaThread "Finalizer" daemon [_thread_blocked, id=8628, stack(0x0000000018480000,0x0000000018580000)]
  0x000000001619b800 JavaThread "Reference Handler" daemon [_thread_blocked, id=4756, stack(0x0000000017f80000,0x0000000018080000)]
  0x00000000022e2800 JavaThread "main" [_thread_blocked, id=8676, stack(0x0000000002150000,0x0000000002250000)]

Other Threads:
  0x0000000016195800 VMThread [stack: 0x0000000017e80000,0x0000000017f80000] [id=5016]
  0x000000001813b800 WatcherThread [stack: 0x0000000018d80000,0x0000000018e80000] [id=12516]

VM state:not at safepoint (normal execution)

VM Mutex/Monitor currently owned by a thread: None

Heap:
 PSYoungGen      total 196096K, used 121113K [0x00000000e0000000, 0x00000000eee80000, 0x0000000100000000)
  eden space 177664K, 57% used [0x00000000e0000000,0x00000000e644a708,0x00000000ead80000)
  from space 18432K, 99% used [0x00000000ead80000,0x00000000ebf7c058,0x00000000ebf80000)
  to   space 23040K, 0% used [0x00000000ed800000,0x00000000ed800000,0x00000000eee80000)
 ParOldGen       total 135168K, used 42060K [0x00000000a0000000, 0x00000000a8400000, 0x00000000e0000000)
  object space 135168K, 31% used [0x00000000a0000000,0x00000000a2913198,0x00000000a8400000)
 Metaspace       used 71304K, capacity 74780K, committed 75032K, reserved 1114112K
  class space    used 9607K, capacity 10255K, committed 10264K, reserved 1048576K

Card table byte_map: [0x00000000117a0000,0x0000000011ab0000] byte_map_base: 0x00000000112a0000

Marking Bits: (ParMarkBitMap*) 0x000000006bd75aa0
 Begin Bits: [0x00000000124b0000, 0x0000000013cb0000)
 End Bits:   [0x0000000013cb0000, 0x00000000154b0000)

Polling page: 0x0000000000580000

CodeCache: size=245760Kb used=26343Kb max_used=26343Kb free=219417Kb
 bounds [0x00000000023e0000, 0x0000000003db0000, 0x00000000113e0000]
 total_blobs=9548 nmethods=8718 adapters=741
 compilation: enabled

Compilation events (10 events):
Event: 8.484 Thread 0x00000000180bc800 nmethod 9753 0x0000000003dac550 code [0x0000000003dac800, 0x0000000003dad418]
Event: 8.484 Thread 0x00000000180bc800 9759       2       com.android.tools.r8.com.google.common.collect.HashBiMap::createTable (5 bytes)
Event: 8.484 Thread 0x00000000180bc800 nmethod 9759 0x0000000003dae350 code [0x0000000003dae4a0, 0x0000000003dae670]
Event: 8.484 Thread 0x00000000180bc800 9747       2       com.android.tools.r8.ir.code.DominatorTree::<init> (9 bytes)
Event: 8.485 Thread 0x00000000180bc800 nmethod 9747 0x0000000003dae710 code [0x0000000003dae880, 0x0000000003daea08]
Event: 8.485 Thread 0x00000000180bc800 9751       2       com.android.tools.r8.graph.DebugLocalInfo::<init> (20 bytes)
Event: 8.485 Thread 0x00000000180bc800 nmethod 9751 0x0000000003daea90 code [0x0000000003daebe0, 0x0000000003daed70]
Event: 8.485 Thread 0x00000000180bc800 9752       2       com.android.tools.r8.ir.conversion.JarState::createLocalInfo (43 bytes)
Event: 8.485 Thread 0x00000000180bc800 nmethod 9752 0x0000000003daee10 code [0x0000000003daefe0, 0x0000000003daf588]
Event: 8.485 Thread 0x00000000180bc800 9767 %     3       com.android.tools.r8.org.objectweb.asm.ClassReader::readCode @ 71 (5071 bytes)

GC Heap History (10 events):
Event: 4.099 GC heap before
{Heap before GC invocations=12 (full 2):
 PSYoungGen      total 119808K, used 109056K [0x00000000e0000000, 0x00000000eaa80000, 0x0000000100000000)
  eden space 109056K, 100% used [0x00000000e0000000,0x00000000e6a80000,0x00000000e6a80000)
  from space 10752K, 0% used [0x00000000e6a80000,0x00000000e6a80000,0x00000000e7500000)
  to   space 11776K, 0% used [0x00000000e9f00000,0x00000000e9f00000,0x00000000eaa80000)
 ParOldGen       total 86528K, used 16632K [0x00000000a0000000, 0x00000000a5480000, 0x00000000e0000000)
  object space 86528K, 19% used [0x00000000a0000000,0x00000000a103e030,0x00000000a5480000)
 Metaspace       used 44561K, capacity 45544K, committed 45736K, reserved 1089536K
  class space    used 6012K, capacity 6275K, committed 6312K, reserved 1048576K
Event: 4.112 GC heap after
Heap after GC invocations=12 (full 2):
 PSYoungGen      total 153600K, used 11751K [0x00000000e0000000, 0x00000000eaa80000, 0x0000000100000000)
  eden space 141824K, 0% used [0x00000000e0000000,0x00000000e0000000,0x00000000e8a80000)
  from space 11776K, 99% used [0x00000000e9f00000,0x00000000eaa79df8,0x00000000eaa80000)
  to   space 13824K, 0% used [0x00000000e8f80000,0x00000000e8f80000,0x00000000e9d00000)
 ParOldGen       total 86528K, used 18968K [0x00000000a0000000, 0x00000000a5480000, 0x00000000e0000000)
  object space 86528K, 21% used [0x00000000a0000000,0x00000000a1286300,0x00000000a5480000)
 Metaspace       used 44561K, capacity 45544K, committed 45736K, reserved 1089536K
  class space    used 6012K, capacity 6275K, committed 6312K, reserved 1048576K
}
Event: 5.156 GC heap before
{Heap before GC invocations=13 (full 2):
 PSYoungGen      total 153600K, used 145796K [0x00000000e0000000, 0x00000000eaa80000, 0x0000000100000000)
  eden space 141824K, 94% used [0x00000000e0000000,0x00000000e82e7498,0x00000000e8a80000)
  from space 11776K, 99% used [0x00000000e9f00000,0x00000000eaa79df8,0x00000000eaa80000)
  to   space 13824K, 0% used [0x00000000e8f80000,0x00000000e8f80000,0x00000000e9d00000)
 ParOldGen       total 86528K, used 18968K [0x00000000a0000000, 0x00000000a5480000, 0x00000000e0000000)
  object space 86528K, 21% used [0x00000000a0000000,0x00000000a1286300,0x00000000a5480000)
 Metaspace       used 57612K, capacity 59084K, committed 59160K, reserved 1099776K
  class space    used 7818K, capacity 8173K, committed 8216K, reserved 1048576K
Event: 5.176 GC heap after
Heap after GC invocations=13 (full 2):
 PSYoungGen      total 160768K, used 13801K [0x00000000e0000000, 0x00000000ed780000, 0x0000000100000000)
  eden space 146944K, 0% used [0x00000000e0000000,0x00000000e0000000,0x00000000e8f80000)
  from space 13824K, 99% used [0x00000000e8f80000,0x00000000e9cfa6a8,0x00000000e9d00000)
  to   space 18432K, 0% used [0x00000000ec580000,0x00000000ec580000,0x00000000ed780000)
 ParOldGen       total 86528K, used 26889K [0x00000000a0000000, 0x00000000a5480000, 0x00000000e0000000)
  object space 86528K, 31% used [0x00000000a0000000,0x00000000a1a42550,0x00000000a5480000)
 Metaspace       used 57612K, capacity 59084K, committed 59160K, reserved 1099776K
  class space    used 7818K, capacity 8173K, committed 8216K, reserved 1048576K
}
Event: 5.176 GC heap before
{Heap before GC invocations=14 (full 3):
 PSYoungGen      total 160768K, used 13801K [0x00000000e0000000, 0x00000000ed780000, 0x0000000100000000)
  eden space 146944K, 0% used [0x00000000e0000000,0x00000000e0000000,0x00000000e8f80000)
  from space 13824K, 99% used [0x00000000e8f80000,0x00000000e9cfa6a8,0x00000000e9d00000)
  to   space 18432K, 0% used [0x00000000ec580000,0x00000000ec580000,0x00000000ed780000)
 ParOldGen       total 86528K, used 26889K [0x00000000a0000000, 0x00000000a5480000, 0x00000000e0000000)
  object space 86528K, 31% used [0x00000000a0000000,0x00000000a1a42550,0x00000000a5480000)
 Metaspace       used 57612K, capacity 59084K, committed 59160K, reserved 1099776K
  class space    used 7818K, capacity 8173K, committed 8216K, reserved 1048576K
Event: 5.385 GC heap after
Heap after GC invocations=14 (full 3):
 PSYoungGen      total 160768K, used 0K [0x00000000e0000000, 0x00000000ed780000, 0x0000000100000000)
  eden space 146944K, 0% used [0x00000000e0000000,0x00000000e0000000,0x00000000e8f80000)
  from space 13824K, 0% used [0x00000000e8f80000,0x00000000e8f80000,0x00000000e9d00000)
  to   space 18432K, 0% used [0x00000000ec580000,0x00000000ec580000,0x00000000ed780000)
 ParOldGen       total 135168K, used 35182K [0x00000000a0000000, 0x00000000a8400000, 0x00000000e0000000)
  object space 135168K, 26% used [0x00000000a0000000,0x00000000a225ba88,0x00000000a8400000)
 Metaspace       used 57612K, capacity 59084K, committed 59160K, reserved 1099776K
  class space    used 7818K, capacity 8173K, committed 8216K, reserved 1048576K
}
Event: 7.015 GC heap before
{Heap before GC invocations=15 (full 3):
 PSYoungGen      total 160768K, used 146944K [0x00000000e0000000, 0x00000000ed780000, 0x0000000100000000)
  eden space 146944K, 100% used [0x00000000e0000000,0x00000000e8f80000,0x00000000e8f80000)
  from space 13824K, 0% used [0x00000000e8f80000,0x00000000e8f80000,0x00000000e9d00000)
  to   space 18432K, 0% used [0x00000000ec580000,0x00000000ec580000,0x00000000ed780000)
 ParOldGen       total 135168K, used 35182K [0x00000000a0000000, 0x00000000a8400000, 0x00000000e0000000)
  object space 135168K, 26% used [0x00000000a0000000,0x00000000a225ba88,0x00000000a8400000)
 Metaspace       used 61523K, capacity 63584K, committed 63896K, reserved 1103872K
  class space    used 8349K, capacity 8799K, committed 8856K, reserved 1048576K
Event: 7.025 GC heap after
Heap after GC invocations=15 (full 3):
 PSYoungGen      total 182784K, used 11963K [0x00000000e0000000, 0x00000000ed180000, 0x0000000100000000)
  eden space 170496K, 0% used [0x00000000e0000000,0x00000000e0000000,0x00000000ea680000)
  from space 12288K, 97% used [0x00000000ec580000,0x00000000ed12ec80,0x00000000ed180000)
  to   space 18432K, 0% used [0x00000000ead80000,0x00000000ead80000,0x00000000ebf80000)
 ParOldGen       total 135168K, used 35190K [0x00000000a0000000, 0x00000000a8400000, 0x00000000e0000000)
  object space 135168K, 26% used [0x00000000a0000000,0x00000000a225da88,0x00000000a8400000)
 Metaspace       used 61523K, capacity 63584K, committed 63896K, reserved 1103872K
  class space    used 8349K, capacity 8799K, committed 8856K, reserved 1048576K
}
Event: 8.146 GC heap before
{Heap before GC invocations=16 (full 3):
 PSYoungGen      total 182784K, used 182459K [0x00000000e0000000, 0x00000000ed180000, 0x0000000100000000)
  eden space 170496K, 100% used [0x00000000e0000000,0x00000000ea680000,0x00000000ea680000)
  from space 12288K, 97% used [0x00000000ec580000,0x00000000ed12ec80,0x00000000ed180000)
  to   space 18432K, 0% used [0x00000000ead80000,0x00000000ead80000,0x00000000ebf80000)
 ParOldGen       total 135168K, used 35190K [0x00000000a0000000, 0x00000000a8400000, 0x00000000e0000000)
  object space 135168K, 26% used [0x00000000a0000000,0x00000000a225da88,0x00000000a8400000)
 Metaspace       used 71004K, capacity 74422K, committed 74520K, reserved 1114112K
  class space    used 9603K, capacity 10254K, committed 10264K, reserved 1048576K
Event: 8.168 GC heap after
Heap after GC invocations=16 (full 3):
 PSYoungGen      total 196096K, used 18416K [0x00000000e0000000, 0x00000000eee80000, 0x0000000100000000)
  eden space 177664K, 0% used [0x00000000e0000000,0x00000000e0000000,0x00000000ead80000)
  from space 18432K, 99% used [0x00000000ead80000,0x00000000ebf7c058,0x00000000ebf80000)
  to   space 23040K, 0% used [0x00000000ed800000,0x00000000ed800000,0x00000000eee80000)
 ParOldGen       total 135168K, used 42060K [0x00000000a0000000, 0x00000000a8400000, 0x00000000e0000000)
  object space 135168K, 31% used [0x00000000a0000000,0x00000000a2913198,0x00000000a8400000)
 Metaspace       used 71004K, capacity 74422K, committed 74520K, reserved 1114112K
  class space    used 9603K, capacity 10254K, committed 10264K, reserved 1048576K
}

Deoptimization events (10 events):
Event: 8.139 Thread 0x0000000020448800 Uncommon trap: reason=unstable_if action=reinterpret pc=0x0000000003acceb4 method=com.android.tools.r8.ir.conversion.JarState.getLocalRegister(ILcom/android/tools/r8/org/objectweb/asm/Type;)I @ 81
Event: 8.139 Thread 0x0000000020448800 Uncommon trap: reason=unstable_if action=reinterpret pc=0x0000000003a6b1f0 method=com.android.tools.r8.ir.conversion.JarState.getLocalRegister(ILcom/android/tools/r8/org/objectweb/asm/Type;)I @ 81
Event: 8.139 Thread 0x0000000020448800 Uncommon trap: reason=unstable_if action=reinterpret pc=0x0000000003bc2758 method=com.android.tools.r8.ir.conversion.JarState.getLocalRegister(ILcom/android/tools/r8/org/objectweb/asm/Type;)I @ 81
Event: 8.139 Thread 0x0000000020448800 Uncommon trap: reason=unstable_if action=reinterpret pc=0x0000000003c5e6b4 method=com.android.tools.r8.ir.conversion.JarState.getLocalRegister(ILcom/android/tools/r8/org/objectweb/asm/Type;)I @ 81
Event: 8.139 Thread 0x0000000020448800 Uncommon trap: reason=unstable_if action=reinterpret pc=0x0000000003a1d274 method=com.android.tools.r8.ir.conversion.JarState.getLocalRegister(ILcom/android/tools/r8/org/objectweb/asm/Type;)I @ 81
Event: 8.141 Thread 0x0000000020448800 Uncommon trap: reason=unstable_if action=reinterpret pc=0x0000000003a602e4 method=com.android.tools.r8.ir.conversion.JarState.getLocalRegister(ILcom/android/tools/r8/org/objectweb/asm/Type;)I @ 81
Event: 8.191 Thread 0x0000000020448800 Uncommon trap: reason=unstable_if action=reinterpret pc=0x0000000002cd9234 method=java.util.HashMap.putVal(ILjava/lang/Object;Ljava/lang/Object;ZZ)Ljava/lang/Object; @ 162
Event: 8.192 Thread 0x0000000020448800 Uncommon trap: reason=unstable_if action=reinterpret pc=0x000000000377f29c method=java.util.HashMap.putVal(ILjava/lang/Object;Ljava/lang/Object;ZZ)Ljava/lang/Object; @ 162
Event: 8.198 Thread 0x0000000020446000 Uncommon trap: reason=unstable_if action=reinterpret pc=0x0000000002e99414 method=java.util.HashMap.getNode(ILjava/lang/Object;)Ljava/util/HashMap$Node; @ 84
Event: 8.198 Thread 0x0000000020446000 Uncommon trap: reason=unstable_if action=reinterpret pc=0x0000000002c4816c method=java.util.HashMap.getNode(ILjava/lang/Object;)Ljava/util/HashMap$Node; @ 84

Classes redefined (0 events):
No events

Internal exceptions (10 events):
Event: 8.335 Thread 0x0000000020443000 Exception <a 'sun/nio/fs/WindowsException'> (0x00000000e4651238) thrown at [D:\src\AOSP-openjdk-cygwin\jdk8u\hotspot\src\share\vm\prims\jni.cpp, line 709]
Event: 8.336 Thread 0x0000000020443000 Exception <a 'sun/nio/fs/WindowsException'> (0x00000000e46d0868) thrown at [D:\src\AOSP-openjdk-cygwin\jdk8u\hotspot\src\share\vm\prims\jni.cpp, line 709]
Event: 8.337 Thread 0x0000000020443000 Exception <a 'sun/nio/fs/WindowsException'> (0x00000000e4715830) thrown at [D:\src\AOSP-openjdk-cygwin\jdk8u\hotspot\src\share\vm\prims\jni.cpp, line 709]
Event: 8.339 Thread 0x0000000020443000 Exception <a 'sun/nio/fs/WindowsException'> (0x00000000e47b12f0) thrown at [D:\src\AOSP-openjdk-cygwin\jdk8u\hotspot\src\share\vm\prims\jni.cpp, line 709]
Event: 8.342 Thread 0x0000000020443000 Exception <a 'sun/nio/fs/WindowsException'> (0x00000000e488fdd0) thrown at [D:\src\AOSP-openjdk-cygwin\jdk8u\hotspot\src\share\vm\prims\jni.cpp, line 709]
Event: 8.344 Thread 0x0000000020443000 Exception <a 'sun/nio/fs/WindowsException'> (0x00000000e48963a8) thrown at [D:\src\AOSP-openjdk-cygwin\jdk8u\hotspot\src\share\vm\prims\jni.cpp, line 709]
Event: 8.345 Thread 0x0000000020443000 Exception <a 'sun/nio/fs/WindowsException'> (0x00000000e489c588) thrown at [D:\src\AOSP-openjdk-cygwin\jdk8u\hotspot\src\share\vm\prims\jni.cpp, line 709]
Event: 8.347 Thread 0x0000000020443000 Exception <a 'sun/nio/fs/WindowsException'> (0x00000000e48a7878) thrown at [D:\src\AOSP-openjdk-cygwin\jdk8u\hotspot\src\share\vm\prims\jni.cpp, line 709]
Event: 8.349 Thread 0x0000000020443000 Exception <a 'sun/nio/fs/WindowsException'> (0x00000000e48acd18) thrown at [D:\src\AOSP-openjdk-cygwin\jdk8u\hotspot\src\share\vm\prims\jni.cpp, line 709]
Event: 8.351 Thread 0x0000000020443000 Exception <a 'sun/nio/fs/WindowsException'> (0x00000000e48b70b0) thrown at [D:\src\AOSP-openjdk-cygwin\jdk8u\hotspot\src\share\vm\prims\jni.cpp, line 709]

Events (10 events):
Event: 8.354 Thread 0x0000000020449000 DEOPT PACKING pc=0x0000000003a89ad9 sp=0x000000002566e170
Event: 8.354 Thread 0x0000000020449000 DEOPT UNPACKING pc=0x00000000024275d0 sp=0x000000002566de88 mode 0
Event: 8.364 Executing VM operation: ForceSafepoint
Event: 8.364 Executing VM operation: ForceSafepoint done
Event: 8.390 Thread 0x0000000020449000 DEOPT PACKING pc=0x0000000003c0dbde sp=0x000000002566e110
Event: 8.390 Thread 0x0000000020449000 DEOPT UNPACKING pc=0x00000000024275d0 sp=0x000000002566de38 mode 0
Event: 8.471 Executing VM operation: ForceSafepoint
Event: 8.472 Executing VM operation: ForceSafepoint done
Event: 8.496 Thread 0x0000000020449000 DEOPT PACKING pc=0x0000000003d9d24e sp=0x000000002566dcf0
Event: 8.496 Thread 0x0000000020449000 DEOPT UNPACKING pc=0x00000000024275d0 sp=0x000000002566daa8 mode 0


Dynamic libraries:
0x00007ff66be60000 - 0x00007ff66be91000 	C:\Program Files\Android\Android Studio\jre\bin\java.exe
0x00007ffff12f0000 - 0x00007ffff14e5000 	C:\WINDOWS\SYSTEM32\ntdll.dll
0x00007ffff0950000 - 0x00007ffff0a0d000 	C:\WINDOWS\System32\KERNEL32.DLL
0x00007fffeefe0000 - 0x00007fffef2a8000 	C:\WINDOWS\System32\KERNELBASE.dll
0x00007ffff08a0000 - 0x00007ffff094c000 	C:\WINDOWS\System32\ADVAPI32.dll
0x00007ffff10e0000 - 0x00007ffff117e000 	C:\WINDOWS\System32\msvcrt.dll
0x00007ffff0540000 - 0x00007ffff05db000 	C:\WINDOWS\System32\sechost.dll
0x00007ffff0640000 - 0x00007ffff076b000 	C:\WINDOWS\System32\RPCRT4.dll
0x00007ffff03a0000 - 0x00007ffff0540000 	C:\WINDOWS\System32\USER32.dll
0x00007fffeef30000 - 0x00007fffeef52000 	C:\WINDOWS\System32\win32u.dll
0x00007fffeff40000 - 0x00007fffeff6a000 	C:\WINDOWS\System32\GDI32.dll
0x00007fffeec90000 - 0x00007fffeed9b000 	C:\WINDOWS\System32\gdi32full.dll
0x00007fffef2b0000 - 0x00007fffef34d000 	C:\WINDOWS\System32\msvcp_win.dll
0x00007fffeeb30000 - 0x00007fffeec30000 	C:\WINDOWS\System32\ucrtbase.dll
0x00007fffd9b60000 - 0x00007fffd9dfa000 	C:\WINDOWS\WinSxS\amd64_microsoft.windows.common-controls_6595b64144ccf1df_6.0.19041.844_none_ca00b6081b84eb1d\COMCTL32.dll
0x00007ffff0300000 - 0x00007ffff0330000 	C:\WINDOWS\System32\IMM32.DLL
0x000000006b3f0000 - 0x000000006b4c2000 	C:\Program Files\Android\Android Studio\jre\jre\bin\msvcr100.dll
0x000000006b5b0000 - 0x000000006bdf1000 	C:\Program Files\Android\Android Studio\jre\jre\bin\server\jvm.dll
0x00007fffefb70000 - 0x00007fffefb78000 	C:\WINDOWS\System32\PSAPI.DLL
0x00007fffd7910000 - 0x00007fffd7919000 	C:\WINDOWS\SYSTEM32\WSOCK32.dll
0x00007fffe3f10000 - 0x00007fffe3f1a000 	C:\WINDOWS\SYSTEM32\VERSION.dll
0x00007ffff0330000 - 0x00007ffff039b000 	C:\WINDOWS\System32\WS2_32.dll
0x00007fffdc370000 - 0x00007fffdc397000 	C:\WINDOWS\SYSTEM32\WINMM.dll
0x00007fffe8fd0000 - 0x00007fffe8fdf000 	C:\Program Files\Android\Android Studio\jre\jre\bin\verify.dll
0x00007fffde920000 - 0x00007fffde949000 	C:\Program Files\Android\Android Studio\jre\jre\bin\java.dll
0x00007fffde2d0000 - 0x00007fffde2e6000 	C:\Program Files\Android\Android Studio\jre\jre\bin\zip.dll
0x00007fffef360000 - 0x00007fffefaa2000 	C:\WINDOWS\System32\SHELL32.dll
0x00007fffec840000 - 0x00007fffecfd1000 	C:\WINDOWS\SYSTEM32\windows.storage.dll
0x00007fffefb80000 - 0x00007fffefed5000 	C:\WINDOWS\System32\combase.dll
0x00007fffee4a0000 - 0x00007fffee4cc000 	C:\WINDOWS\SYSTEM32\Wldp.dll
0x00007fffefac0000 - 0x00007fffefb6e000 	C:\WINDOWS\System32\SHCORE.dll
0x00007fffefee0000 - 0x00007fffeff35000 	C:\WINDOWS\System32\shlwapi.dll
0x00007fffee970000 - 0x00007fffee98f000 	C:\WINDOWS\SYSTEM32\profapi.dll
0x00007fffde2b0000 - 0x00007fffde2ca000 	C:\Program Files\Android\Android Studio\jre\jre\bin\net.dll
0x00007fffee210000 - 0x00007fffee27a000 	C:\WINDOWS\system32\mswsock.dll
0x00007fffde290000 - 0x00007fffde2a1000 	C:\Program Files\Android\Android Studio\jre\jre\bin\nio.dll
0x00007fffe7ba0000 - 0x00007fffe7bbe000 	C:\Users\Hoai Nam\.gradle\native\25\windows-amd64\native-platform.dll
0x00007fffe7be0000 - 0x00007fffe7bed000 	C:\Program Files\Android\Android Studio\jre\jre\bin\management.dll
0x00007fffee3f0000 - 0x00007fffee408000 	C:\WINDOWS\SYSTEM32\CRYPTSP.dll
0x00007fffedb40000 - 0x00007fffedb74000 	C:\WINDOWS\system32\rsaenh.dll
0x00007fffeef00000 - 0x00007fffeef27000 	C:\WINDOWS\System32\bcrypt.dll
0x00007fffee8f0000 - 0x00007fffee91e000 	C:\WINDOWS\SYSTEM32\USERENV.dll
0x00007fffeef60000 - 0x00007fffeefe0000 	C:\WINDOWS\System32\bcryptprimitives.dll
0x00007fffee3e0000 - 0x00007fffee3ec000 	C:\WINDOWS\SYSTEM32\CRYPTBASE.dll
0x00007fffedeb0000 - 0x00007fffedeeb000 	C:\WINDOWS\SYSTEM32\IPHLPAPI.DLL
0x00007fffefab0000 - 0x00007fffefab8000 	C:\WINDOWS\System32\NSI.dll
0x00007fffe4a10000 - 0x00007fffe4a27000 	C:\WINDOWS\SYSTEM32\dhcpcsvc6.DLL
0x00007fffe5c90000 - 0x00007fffe5cad000 	C:\WINDOWS\SYSTEM32\dhcpcsvc.DLL
0x00007fffedf00000 - 0x00007fffedfcc000 	C:\WINDOWS\SYSTEM32\DNSAPI.dll
0x00007fffed870000 - 0x00007fffed8a3000 	C:\WINDOWS\SYSTEM32\ntmarta.dll

VM Arguments:
jvm_args: -Xmx1536m -Dfile.encoding=windows-1252 -Duser.country=US -Duser.language=en -Duser.variant 
java_command: org.gradle.launcher.daemon.bootstrap.GradleDaemon 5.1.1
java_class_path (initial): C:\Users\Hoai Nam\.gradle\wrapper\dists\gradle-5.1.1-all\97z1ksx6lirer3kbvdnh7jtjg\gradle-5.1.1\lib\gradle-launcher-5.1.1.jar
Launcher Type: SUN_STANDARD

Environment Variables:
JAVA_HOME=D:\Program Files\Java\jdk-15.0.2
PATH=C:\Program Files\Common Files\Oracle\Java\javapath;C:\Program Files (x86)\Common Files\Oracle\Java\javapath;C:\WINDOWS\system32;C:\WINDOWS;C:\WINDOWS\System32\Wbem;C:\WINDOWS\System32\WindowsPowerShell\v1.0\;C:\WINDOWS\System32\OpenSSH\;C:\Program Files (x86)\Intel\Intel(R) Management Engine Components\DAL;C:\Program Files\Intel\Intel(R) Management Engine Components\DAL;C:\WINDOWS\system32\config\systemprofile\.dnx\bin;C:\Program Files\Microsoft DNX\Dnvm\;C:\Program Files (x86)\Windows Kits\8.1\Windows Performance Toolkit\;C:\Program Files\Microsoft SQL Server\120\Tools\Binn\;C:\Program Files\Microsoft SQL Server\130\Tools\Binn\;C:\Program Files (x86)\nodejs\;C:\Program Files\Git\cmd;D:\Program Files (x86)\Microsoft SQL Server\100\Tools\Binn\;D:\Program Files\Microsoft SQL Server\100\Tools\Binn\;D:\Program Files\Microsoft SQL Server\100\DTS\Binn\;D:\Program Files (x86)\Microsoft SQL Server\100\Tools\Binn\VSShell\Common7\IDE\;C:\Program Files (x86)\Microsoft Visual Studio 9.0\Common7\IDE\PrivateAssemblies\;D:\Program Files (x86)\Microsoft SQL Server\100\DTS\Binn\;C:\Users\Hoai Nam\AppData\Local\Microsoft\WindowsApps;C:\Users\Hoai Nam\AppData\Roaming\npm;
USERNAME=Hoai Nam
OS=Windows_NT
PROCESSOR_IDENTIFIER=Intel64 Family 6 Model 142 Stepping 10, GenuineIntel



---------------  S Y S T E M  ---------------

OS: Windows 10.0 , 64 bit Build 19041 (10.0.19041.928)

CPU:total 8 (initial active 8) (4 cores per cpu, 2 threads per core) family 6 model 142 stepping 10, cmov, cx8, fxsr, mmx, sse, sse2, sse3, ssse3, sse4.1, sse4.2, popcnt, avx, avx2, aes, clmul, erms, 3dnowpref, lzcnt, ht, tsc, tscinvbit, bmi1, bmi2, adx

Memory: 4k page, physical 8283800k(1676728k free), swap 10380952k(5120k free)

vm_info: OpenJDK 64-Bit Server VM (25.152-b01) for windows-amd64 JRE (1.8.0_152-release-1343-b01), built by "builder" with MS VC++ 10.0 (VS2010)

time: Tue May 04 20:20:36 2021
elapsed time: 8 seconds (0d 0h 0m 8s)

