#
# There is insufficient memory for the Java Runtime Environment to continue.
# Native memory allocation (malloc) failed to allocate 844496 bytes for Chunk::new
# Possible reasons:
#   The system is out of physical RAM or swap space
#   In 32 bit mode, the process size limit was hit
# Possible solutions:
#   Reduce memory load on the system
#   Increase physical memory or swap space
#   Check if swap backing store is full
#   Use 64 bit Java on a 64 bit OS
#   Decrease Java heap size (-Xmx/-Xms)
#   Decrease number of Java threads
#   Decrease Java thread stack sizes (-Xss)
#   Set larger code cache with -XX:ReservedCodeCacheSize=
# This output file may be truncated or incomplete.
#
#  Out of Memory Error (allocation.cpp:390), pid=15868, tid=0x0000000000002d18
#
# JRE version: OpenJDK Runtime Environment (8.0_152-b01) (build 1.8.0_152-release-1343-b01)
# Java VM: OpenJDK 64-Bit Server VM (25.152-b01 mixed mode windows-amd64 compressed oops)
# Failed to write core dump. Minidumps are not enabled by default on client versions of Windows
#

---------------  T H R E A D  ---------------

Current thread (0x00000000180f4000):  JavaThread "C2 CompilerThread2" daemon [_thread_in_native, id=11544, stack(0x0000000018ac0000,0x0000000018bc0000)]

Stack: [0x0000000018ac0000,0x0000000018bc0000]
[error occurred during error reporting (printing stack bounds), id 0xc0000005]

Native frames: (J=compiled Java code, j=interpreted, Vv=VM code, C=native code)


Current CompileTask:
C2:2619055 14842 % !   4       com.sun.tools.javac.parser.JavaTokenizer::readToken @ 1409 (2243 bytes)


---------------  P R O C E S S  ---------------

Java Threads: ( => current thread )
  0x0000000021277000 JavaThread "Cache worker for Java compile cache (D:\RetrofitDemo\.gradle\5.1.1\javaCompile)" [_thread_blocked, id=14296, stack(0x0000000028930000,0x0000000028a30000)]
  0x000000002127c800 JavaThread "Cache worker for Java compile cache (C:\Users\Hoai Nam\.gradle\caches\5.1.1\javaCompile)" [_thread_blocked, id=9352, stack(0x0000000027730000,0x0000000027830000)]
  0x000000002127b000 JavaThread "stdout" daemon [_thread_in_native, id=12684, stack(0x0000000028630000,0x0000000028730000)]
  0x000000001fb59000 JavaThread "stderr" daemon [_thread_in_native, id=2996, stack(0x0000000028530000,0x0000000028630000)]
  0x000000001fb5a000 JavaThread "stdout" daemon [_thread_in_native, id=4256, stack(0x0000000028430000,0x0000000028530000)]
  0x000000001fb55800 JavaThread "stderr" daemon [_thread_in_native, id=8404, stack(0x0000000028330000,0x0000000028430000)]
  0x000000001fb58800 JavaThread "stdout" daemon [_thread_in_native, id=7776, stack(0x0000000028230000,0x0000000028330000)]
  0x000000001fb5c000 JavaThread "stderr" daemon [_thread_in_native, id=1500, stack(0x0000000028130000,0x0000000028230000)]
  0x000000001fb57800 JavaThread "stdout" daemon [_thread_in_native, id=8492, stack(0x0000000028030000,0x0000000028130000)]
  0x000000001fb5b800 JavaThread "stderr" daemon [_thread_in_native, id=13164, stack(0x0000000027f30000,0x0000000028030000)]
  0x000000001fb5a800 JavaThread "stdout" daemon [_thread_in_native, id=10656, stack(0x0000000027e30000,0x0000000027f30000)]
  0x000000001fb56000 JavaThread "stderr" daemon [_thread_in_native, id=264, stack(0x0000000027d30000,0x0000000027e30000)]
  0x000000001fb57000 JavaThread "stdout" daemon [_thread_in_native, id=12252, stack(0x0000000027c30000,0x0000000027d30000)]
  0x000000001fb54800 JavaThread "stderr" daemon [_thread_in_native, id=1468, stack(0x0000000027b30000,0x0000000027c30000)]
  0x000000001fb4d000 JavaThread "stdout" daemon [_thread_in_native, id=15516, stack(0x0000000027a30000,0x0000000027b30000)]
  0x000000001fb51000 JavaThread "stderr" daemon [_thread_in_native, id=16176, stack(0x0000000027930000,0x0000000027a30000)]
  0x000000001fb54000 JavaThread "pool-12-thread-1" [_thread_blocked, id=15800, stack(0x0000000027830000,0x0000000027930000)]
  0x000000001fb52800 JavaThread "ForkJoinPool.commonPool-worker-6" daemon [_thread_blocked, id=12280, stack(0x0000000027630000,0x0000000027730000)]
  0x000000001fb4f800 JavaThread "ForkJoinPool.commonPool-worker-5" daemon [_thread_blocked, id=14476, stack(0x0000000027530000,0x0000000027630000)]
  0x000000001fb51800 JavaThread "ForkJoinPool.commonPool-worker-4" daemon [_thread_blocked, id=368, stack(0x0000000027430000,0x0000000027530000)]
  0x000000001fb4e000 JavaThread "ForkJoinPool.commonPool-worker-3" daemon [_thread_blocked, id=8544, stack(0x0000000027330000,0x0000000027430000)]
  0x000000001fb4e800 JavaThread "ForkJoinPool.commonPool-worker-2" daemon [_thread_blocked, id=15764, stack(0x0000000027130000,0x0000000027230000)]
  0x000000001a541000 JavaThread "Cache worker for execution history cache (D:\RetrofitDemo\.gradle\5.1.1\executionHistory)" [_thread_blocked, id=13368, stack(0x0000000026f30000,0x0000000027030000)]
  0x000000001a540000 JavaThread "Execution worker for ':' Thread 7" [_thread_blocked, id=8328, stack(0x0000000026e30000,0x0000000026f30000)]
  0x000000001c83a000 JavaThread "Execution worker for ':' Thread 6" [_thread_in_Java, id=5600, stack(0x0000000026d30000,0x0000000026e30000)]
  0x000000001c839000 JavaThread "Execution worker for ':' Thread 5" [_thread_blocked, id=13636, stack(0x0000000026c30000,0x0000000026d30000)]
  0x000000001c837000 JavaThread "Execution worker for ':' Thread 4" [_thread_blocked, id=14120, stack(0x0000000026b30000,0x0000000026c30000)]
  0x000000001c82f800 JavaThread "Execution worker for ':' Thread 3" [_thread_blocked, id=6264, stack(0x00000000255d0000,0x00000000256d0000)]
  0x000000001c836000 JavaThread "Execution worker for ':' Thread 2" [_thread_blocked, id=14876, stack(0x00000000254d0000,0x00000000255d0000)]
  0x000000001c833000 JavaThread "Execution worker for ':'" [_thread_blocked, id=15328, stack(0x00000000253d0000,0x00000000254d0000)]
  0x000000001c835800 JavaThread "Cache worker for file content cache (D:\RetrofitDemo\.gradle\5.1.1\fileContent)" [_thread_blocked, id=11388, stack(0x00000000252d0000,0x00000000253d0000)]
  0x000000001c82e800 JavaThread "Cache worker for file content cache (C:\Users\Hoai Nam\.gradle\caches\5.1.1\fileContent)" [_thread_blocked, id=9044, stack(0x0000000024530000,0x0000000024630000)]
  0x000000001c832800 JavaThread "Cache worker for Build Output Cleanup Cache (D:\RetrofitDemo\.gradle\buildOutputCleanup)" [_thread_blocked, id=16340, stack(0x00000000237b0000,0x00000000238b0000)]
  0x000000001c834800 JavaThread "pool-11-thread-1" [_thread_blocked, id=14560, stack(0x0000000023190000,0x0000000023290000)]
  0x000000001c82d000 JavaThread "Build operations Thread 8" [_thread_blocked, id=144, stack(0x0000000022a90000,0x0000000022b90000)]
  0x000000001c831800 JavaThread "Build operations Thread 7" [_thread_blocked, id=2940, stack(0x0000000022990000,0x0000000022a90000)]
  0x0000000018190000 JavaThread "Build operations Thread 6" [_thread_blocked, id=13260, stack(0x0000000022890000,0x0000000022990000)]
  0x000000001818f800 JavaThread "Build operations Thread 5" [_thread_blocked, id=7372, stack(0x0000000022790000,0x0000000022890000)]
  0x000000001818e000 JavaThread "Build operations Thread 4" [_thread_blocked, id=1148, stack(0x0000000022690000,0x0000000022790000)]
  0x000000001818e800 JavaThread "Build operations Thread 3" [_thread_blocked, id=4740, stack(0x0000000022590000,0x0000000022690000)]
  0x0000000018191800 JavaThread "Build operations Thread 2" [_thread_blocked, id=4212, stack(0x00000000222e0000,0x00000000223e0000)]
  0x0000000018191000 JavaThread "Build operations" [_thread_blocked, id=16068, stack(0x00000000221e0000,0x00000000222e0000)]
  0x000000001818d000 JavaThread "Cache worker for cache directory md-rule (C:\Users\Hoai Nam\.gradle\caches\5.1.1\md-rule)" [_thread_blocked, id=10380, stack(0x00000000208b0000,0x00000000209b0000)]
  0x000000001818c800 JavaThread "Cache worker for cache directory md-supplier (C:\Users\Hoai Nam\.gradle\caches\5.1.1\md-supplier)" [_thread_blocked, id=8740, stack(0x000000001ddb0000,0x000000001deb0000)]
  0x0000000018185000 JavaThread "Cache worker for file hash cache (D:\RetrofitDemo\.gradle\5.1.1\fileHashes)" [_thread_blocked, id=7832, stack(0x000000001b810000,0x000000001b910000)]
  0x000000001818b000 JavaThread "Thread-143" [_thread_blocked, id=11508, stack(0x000000001b410000,0x000000001b510000)]
  0x0000000018188800 JavaThread "Stdin handler" [_thread_blocked, id=676, stack(0x000000001b310000,0x000000001b410000)]
  0x0000000018184000 JavaThread "Asynchronous log dispatcher for DefaultDaemonConnection: socket connection from /127.0.0.1:1173 to /127.0.0.1:20508" [_thread_blocked, id=14944, stack(0x000000001b010000,0x000000001b110000)]
  0x0000000018183800 JavaThread "Daemon worker Thread 6" [_thread_blocked, id=15016, stack(0x000000001af10000,0x000000001b010000)]
  0x0000000018187000 JavaThread "Cancel handler" [_thread_blocked, id=5040, stack(0x00000000007e0000,0x00000000008e0000)]
  0x0000000018182800 JavaThread "Handler for socket connection from /127.0.0.1:1173 to /127.0.0.1:20508" [_thread_in_native, id=15628, stack(0x00000000006e0000,0x00000000007e0000)]
  0x0000000018186800 JavaThread "Daemon Thread 6" [_thread_blocked, id=5720, stack(0x00000000005e0000,0x00000000006e0000)]
  0x000000001c834000 JavaThread "Memory manager" [_thread_blocked, id=8980, stack(0x0000000023290000,0x0000000023390000)]
  0x000000001a543000 JavaThread "Cache worker for execution history cache (C:\Users\Hoai Nam\.gradle\caches\5.1.1\executionHistory)" [_thread_blocked, id=15108, stack(0x0000000022490000,0x0000000022590000)]
  0x000000001a544000 JavaThread "Cache worker for journal cache (C:\Users\Hoai Nam\.gradle\caches\journal-1)" [_thread_blocked, id=11968, stack(0x000000001cae0000,0x000000001cbe0000)]
  0x000000001a089800 JavaThread "File lock request listener" [_thread_in_native, id=16244, stack(0x000000001c9e0000,0x000000001cae0000)]
  0x000000001a088800 JavaThread "Cache worker for file hash cache (C:\Users\Hoai Nam\.gradle\caches\5.1.1\fileHashes)" [_thread_blocked, id=7680, stack(0x000000001c8e0000,0x000000001c9e0000)]
  0x000000001a0fd800 JavaThread "Daemon periodic checks" [_thread_blocked, id=1660, stack(0x000000001ae10000,0x000000001af10000)]
  0x000000001a100800 JavaThread "Incoming local TCP Connector on port 1173" [_thread_in_native, id=15924, stack(0x000000001abd0000,0x000000001acd0000)]
  0x0000000018181000 JavaThread "Service Thread" daemon [_thread_blocked, id=14556, stack(0x0000000018cc0000,0x0000000018dc0000)]
  0x00000000161dc800 JavaThread "C1 CompilerThread3" daemon [_thread_in_vm, id=272, stack(0x0000000018bc0000,0x0000000018cc0000)]
=>0x00000000180f4000 JavaThread "C2 CompilerThread2" daemon [_thread_in_native, id=11544, stack(0x0000000018ac0000,0x0000000018bc0000)]
  0x00000000180f0000 JavaThread "C2 CompilerThread1" daemon [_thread_in_native, id=16016, stack(0x00000000189c0000,0x0000000018ac0000)]
  0x00000000180ed000 JavaThread "C2 CompilerThread0" daemon [_thread_in_native, id=1492, stack(0x00000000188c0000,0x00000000189c0000)]
  0x00000000180ec000 JavaThread "Attach Listener" daemon [_thread_blocked, id=13128, stack(0x00000000187c0000,0x00000000188c0000)]
  0x00000000180f6000 JavaThread "Signal Dispatcher" daemon [_thread_blocked, id=12584, stack(0x00000000186c0000,0x00000000187c0000)]
  0x00000000180e0800 JavaThread "Finalizer" daemon [_thread_blocked, id=11892, stack(0x00000000184c0000,0x00000000185c0000)]
  0x00000000161cc000 JavaThread "Reference Handler" daemon [_thread_blocked, id=2580, stack(0x0000000017fc0000,0x00000000180c0000)]
  0x0000000002312800 JavaThread "main" [_thread_blocked, id=7968, stack(0x0000000002210000,0x0000000002310000)]

Other Threads:
  0x00000000161c6000 VMThread [stack: 0x0000000017ec0000,0x0000000017fc0000] [id=7476]
  0x0000000018182000 WatcherThread [stack: 0x0000000018dc0000,0x0000000018ec0000] [id=6260]

VM state:not at safepoint (normal execution)

VM Mutex/Monitor currently owned by a thread: None

Heap:
 PSYoungGen      total 247296K, used 58269K [0x00000000e0000000, 0x00000000f2a80000, 0x0000000100000000)
  eden space 230912K, 18% used [0x00000000e0000000,0x00000000e28fa810,0x00000000ee180000)
  from space 16384K, 99% used [0x00000000f0680000,0x00000000f166ce48,0x00000000f1680000)
  to   space 20480K, 0% used [0x00000000f1680000,0x00000000f1680000,0x00000000f2a80000)
 ParOldGen       total 133632K, used 50784K [0x00000000a0000000, 0x00000000a8280000, 0x00000000e0000000)
  object space 133632K, 38% used [0x00000000a0000000,0x00000000a31980a0,0x00000000a8280000)
 Metaspace       used 85296K, capacity 89418K, committed 89624K, reserved 1126400K
  class space    used 11002K, capacity 11758K, committed 11816K, reserved 1048576K

Card table byte_map: [0x00000000117d0000,0x0000000011ae0000] byte_map_base: 0x00000000112d0000

Marking Bits: (ParMarkBitMap*) 0x0000000059695aa0
 Begin Bits: [0x00000000124e0000, 0x0000000013ce0000)
 End Bits:   [0x0000000013ce0000, 0x00000000154e0000)

Polling page: 0x00000000009b0000

CodeCache: size=245760Kb used=43278Kb max_used=43293Kb free=202481Kb
 bounds [0x0000000002410000, 0x0000000004e90000, 0x0000000011410000]
 total_blobs=13533 nmethods=12642 adapters=803
 compilation: enabled

Compilation events (10 events):
Event: 2619.032 Thread 0x00000000161dc800 14904 %     3       java.util.ComparableTimSort::mergeHi @ 185 (729 bytes)
Event: 2619.035 Thread 0x00000000180f0000 nmethod 14900% 0x0000000004e77410 code [0x0000000004e77580, 0x0000000004e77c38]
Event: 2619.035 Thread 0x00000000180f0000 14886   !   4       java.lang.StringCoding::decode (120 bytes)
Event: 2619.035 Thread 0x00000000161dc800 nmethod 14904% 0x0000000004e78090 code [0x0000000004e783e0, 0x0000000004e7a978]
Event: 2619.037 Thread 0x00000000180ed000 nmethod 14795 0x0000000004e7b8d0 code [0x0000000004e7c760, 0x0000000004e81150]
Event: 2619.037 Thread 0x00000000180ed000 14883   !   4       java.lang.StringCoding$StringDecoder::decode (179 bytes)
Event: 2619.042 Thread 0x00000000180ed000 nmethod 14883 0x0000000004e72890 code [0x0000000004e72a00, 0x0000000004e72ee8]
Event: 2619.042 Thread 0x00000000180ed000 14885       4       java.lang.String::<init> (38 bytes)
Event: 2619.043 Thread 0x00000000161dc800 14905       3       java.io.File::equals (30 bytes)
Event: 2619.043 Thread 0x00000000161dc800 nmethod 14905 0x0000000004e76910 code [0x0000000004e76ac0, 0x0000000004e77168]

GC Heap History (10 events):
Event: 9.768 GC heap before
{Heap before GC invocations=14 (full 3):
 PSYoungGen      total 231424K, used 213504K [0x00000000e0000000, 0x00000000efa80000, 0x0000000100000000)
  eden space 213504K, 100% used [0x00000000e0000000,0x00000000ed080000,0x00000000ed080000)
  from space 17920K, 0% used [0x00000000ee400000,0x00000000ee400000,0x00000000ef580000)
  to   space 19968K, 0% used [0x00000000ed080000,0x00000000ed080000,0x00000000ee400000)
 ParOldGen       total 133632K, used 33001K [0x00000000a0000000, 0x00000000a8280000, 0x00000000e0000000)
  object space 133632K, 24% used [0x00000000a0000000,0x00000000a203a530,0x00000000a8280000)
 Metaspace       used 67218K, capacity 69674K, committed 69912K, reserved 1110016K
  class space    used 9115K, capacity 9641K, committed 9768K, reserved 1048576K
Event: 9.797 GC heap after
Heap after GC invocations=14 (full 3):
 PSYoungGen      total 233472K, used 17595K [0x00000000e0000000, 0x00000000f2480000, 0x0000000100000000)
  eden space 213504K, 0% used [0x00000000e0000000,0x00000000e0000000,0x00000000ed080000)
  from space 19968K, 88% used [0x00000000ed080000,0x00000000ee1aeda8,0x00000000ee400000)
  to   space 22016K, 0% used [0x00000000f0f00000,0x00000000f0f00000,0x00000000f2480000)
 ParOldGen       total 133632K, used 33009K [0x00000000a0000000, 0x00000000a8280000, 0x00000000e0000000)
  object space 133632K, 24% used [0x00000000a0000000,0x00000000a203c530,0x00000000a8280000)
 Metaspace       used 67218K, capacity 69674K, committed 69912K, reserved 1110016K
  class space    used 9115K, capacity 9641K, committed 9768K, reserved 1048576K
}
Event: 874.833 GC heap before
{Heap before GC invocations=15 (full 3):
 PSYoungGen      total 233472K, used 231099K [0x00000000e0000000, 0x00000000f2480000, 0x0000000100000000)
  eden space 213504K, 100% used [0x00000000e0000000,0x00000000ed080000,0x00000000ed080000)
  from space 19968K, 88% used [0x00000000ed080000,0x00000000ee1aeda8,0x00000000ee400000)
  to   space 22016K, 0% used [0x00000000f0f00000,0x00000000f0f00000,0x00000000f2480000)
 ParOldGen       total 133632K, used 33009K [0x00000000a0000000, 0x00000000a8280000, 0x00000000e0000000)
  object space 133632K, 24% used [0x00000000a0000000,0x00000000a203c530,0x00000000a8280000)
 Metaspace       used 72902K, capacity 75638K, committed 75800K, reserved 1114112K
  class space    used 9607K, capacity 10186K, committed 10280K, reserved 1048576K
Event: 874.867 GC heap after
Heap after GC invocations=15 (full 3):
 PSYoungGen      total 269824K, used 21999K [0x00000000e0000000, 0x00000000f2500000, 0x0000000100000000)
  eden space 247808K, 0% used [0x00000000e0000000,0x00000000e0000000,0x00000000ef200000)
  from space 22016K, 99% used [0x00000000f0f00000,0x00000000f247bd78,0x00000000f2480000)
  to   space 26112K, 0% used [0x00000000ef200000,0x00000000ef200000,0x00000000f0b80000)
 ParOldGen       total 133632K, used 35575K [0x00000000a0000000, 0x00000000a8280000, 0x00000000e0000000)
  object space 133632K, 26% used [0x00000000a0000000,0x00000000a22bdd50,0x00000000a8280000)
 Metaspace       used 72902K, capacity 75638K, committed 75800K, reserved 1114112K
  class space    used 9607K, capacity 10186K, committed 10280K, reserved 1048576K
}
Event: 1303.663 GC heap before
{Heap before GC invocations=16 (full 3):
 PSYoungGen      total 269824K, used 269807K [0x00000000e0000000, 0x00000000f2500000, 0x0000000100000000)
  eden space 247808K, 100% used [0x00000000e0000000,0x00000000ef200000,0x00000000ef200000)
  from space 22016K, 99% used [0x00000000f0f00000,0x00000000f247bd78,0x00000000f2480000)
  to   space 26112K, 0% used [0x00000000ef200000,0x00000000ef200000,0x00000000f0b80000)
 ParOldGen       total 133632K, used 35575K [0x00000000a0000000, 0x00000000a8280000, 0x00000000e0000000)
  object space 133632K, 26% used [0x00000000a0000000,0x00000000a22bdd50,0x00000000a8280000)
 Metaspace       used 74266K, capacity 77532K, committed 77720K, reserved 1116160K
  class space    used 9704K, capacity 10316K, committed 10408K, reserved 1048576K
Event: 1303.694 GC heap after
Heap after GC invocations=16 (full 3):
 PSYoungGen      total 273920K, used 6848K [0x00000000e0000000, 0x00000000f4300000, 0x0000000100000000)
  eden space 247808K, 0% used [0x00000000e0000000,0x00000000e0000000,0x00000000ef200000)
  from space 26112K, 26% used [0x00000000ef200000,0x00000000ef8b0000,0x00000000f0b80000)
  to   space 25600K, 0% used [0x00000000f2a00000,0x00000000f2a00000,0x00000000f4300000)
 ParOldGen       total 133632K, used 50768K [0x00000000a0000000, 0x00000000a8280000, 0x00000000e0000000)
  object space 133632K, 37% used [0x00000000a0000000,0x00000000a31940a0,0x00000000a8280000)
 Metaspace       used 74266K, capacity 77532K, committed 77720K, reserved 1116160K
  class space    used 9704K, capacity 10316K, committed 10408K, reserved 1048576K
}
Event: 2608.411 GC heap before
{Heap before GC invocations=17 (full 3):
 PSYoungGen      total 273920K, used 254656K [0x00000000e0000000, 0x00000000f4300000, 0x0000000100000000)
  eden space 247808K, 100% used [0x00000000e0000000,0x00000000ef200000,0x00000000ef200000)
  from space 26112K, 26% used [0x00000000ef200000,0x00000000ef8b0000,0x00000000f0b80000)
  to   space 25600K, 0% used [0x00000000f2a00000,0x00000000f2a00000,0x00000000f4300000)
 ParOldGen       total 133632K, used 50768K [0x00000000a0000000, 0x00000000a8280000, 0x00000000e0000000)
  object space 133632K, 37% used [0x00000000a0000000,0x00000000a31940a0,0x00000000a8280000)
 Metaspace       used 78950K, capacity 83002K, committed 83224K, reserved 1122304K
  class space    used 10254K, capacity 11034K, committed 11048K, reserved 1048576K
Event: 2608.424 GC heap after
Heap after GC invocations=17 (full 3):
 PSYoungGen      total 250880K, used 11414K [0x00000000e0000000, 0x00000000f3580000, 0x0000000100000000)
  eden space 239104K, 0% used [0x00000000e0000000,0x00000000e0000000,0x00000000ee980000)
  from space 11776K, 96% used [0x00000000f2a00000,0x00000000f3525910,0x00000000f3580000)
  to   space 24064K, 0% used [0x00000000f0680000,0x00000000f0680000,0x00000000f1e00000)
 ParOldGen       total 133632K, used 50776K [0x00000000a0000000, 0x00000000a8280000, 0x00000000e0000000)
  object space 133632K, 37% used [0x00000000a0000000,0x00000000a31960a0,0x00000000a8280000)
 Metaspace       used 78950K, capacity 83002K, committed 83224K, reserved 1122304K
  class space    used 10254K, capacity 11034K, committed 11048K, reserved 1048576K
}
Event: 2618.530 GC heap before
{Heap before GC invocations=18 (full 3):
 PSYoungGen      total 250880K, used 250518K [0x00000000e0000000, 0x00000000f3580000, 0x0000000100000000)
  eden space 239104K, 100% used [0x00000000e0000000,0x00000000ee980000,0x00000000ee980000)
  from space 11776K, 96% used [0x00000000f2a00000,0x00000000f3525910,0x00000000f3580000)
  to   space 24064K, 0% used [0x00000000f0680000,0x00000000f0680000,0x00000000f1e00000)
 ParOldGen       total 133632K, used 50776K [0x00000000a0000000, 0x00000000a8280000, 0x00000000e0000000)
  object space 133632K, 37% used [0x00000000a0000000,0x00000000a31960a0,0x00000000a8280000)
 Metaspace       used 83000K, capacity 87050K, committed 87320K, reserved 1124352K
  class space    used 10748K, capacity 11502K, committed 11560K, reserved 1048576K
Event: 2618.544 GC heap after
Heap after GC invocations=18 (full 3):
 PSYoungGen      total 247296K, used 16307K [0x00000000e0000000, 0x00000000f2a80000, 0x0000000100000000)
  eden space 230912K, 0% used [0x00000000e0000000,0x00000000e0000000,0x00000000ee180000)
  from space 16384K, 99% used [0x00000000f0680000,0x00000000f166ce48,0x00000000f1680000)
  to   space 20480K, 0% used [0x00000000f1680000,0x00000000f1680000,0x00000000f2a80000)
 ParOldGen       total 133632K, used 50784K [0x00000000a0000000, 0x00000000a8280000, 0x00000000e0000000)
  object space 133632K, 38% used [0x00000000a0000000,0x00000000a31980a0,0x00000000a8280000)
 Metaspace       used 83000K, capacity 87050K, committed 87320K, reserved 1124352K
  class space    used 10748K, capacity 11502K, committed 11560K, reserved 1048576K
}

Deoptimization events (10 events):
Event: 2618.745 Thread 0x000000001c83a000 Uncommon trap: reason=unstable_if action=reinterpret pc=0x0000000002848a00 method=java.lang.Integer.parseInt(Ljava/lang/String;I)I @ 122
Event: 2618.861 Thread 0x000000001c83a000 Uncommon trap: reason=unreached action=reinterpret pc=0x0000000004e06500 method=com.sun.tools.javac.util.Position$LineMapImpl.build([CI)V @ 102
Event: 2618.900 Thread 0x000000001c83a000 Uncommon trap: reason=class_check action=maybe_recompile pc=0x0000000004e20c68 method=com.sun.tools.javac.parser.Tokens$Token.deprecatedFlag()Z @ 12
Event: 2618.900 Thread 0x000000001c83a000 Uncommon trap: reason=class_check action=maybe_recompile pc=0x0000000004e20c68 method=com.sun.tools.javac.parser.Tokens$Token.deprecatedFlag()Z @ 12
Event: 2618.900 Thread 0x000000001c83a000 Uncommon trap: reason=class_check action=maybe_recompile pc=0x0000000004e20c68 method=com.sun.tools.javac.parser.Tokens$Token.deprecatedFlag()Z @ 12
Event: 2618.900 Thread 0x000000001c83a000 Uncommon trap: reason=class_check action=maybe_recompile pc=0x0000000004e20c68 method=com.sun.tools.javac.parser.Tokens$Token.deprecatedFlag()Z @ 12
Event: 2618.901 Thread 0x000000001c83a000 Uncommon trap: reason=unstable_if action=reinterpret pc=0x0000000004db480c method=com.sun.tools.javac.parser.UnicodeReader.scanChar()V @ 37
Event: 2618.901 Thread 0x000000001c83a000 Uncommon trap: reason=unstable_if action=reinterpret pc=0x0000000004d76494 method=com.sun.tools.javac.parser.UnicodeReader.scanChar()V @ 37
Event: 2618.992 Thread 0x000000001c83a000 Uncommon trap: reason=unstable_if action=reinterpret pc=0x0000000004e1c96c method=com.sun.tools.javac.util.Position$LineMapImpl.build([CI)V @ 42
Event: 2619.024 Thread 0x000000001c83a000 Uncommon trap: reason=predicate action=maybe_recompile pc=0x0000000004b38b54 method=java.util.ComparableTimSort.binarySort([Ljava/lang/Object;III)V @ 37

Classes redefined (0 events):
No events

Internal exceptions (10 events):
Event: 2608.241 Thread 0x0000000018183800 Implicit null exception at 0x00000000046cba1f to 0x00000000046cbb4d
Event: 2609.041 Thread 0x000000001a544000 Implicit null exception at 0x00000000044d521b to 0x00000000044d710d
Event: 2609.267 Thread 0x000000001c83a000 Implicit null exception at 0x00000000044e52bc to 0x00000000044e6621
Event: 2609.268 Thread 0x0000000018185000 Implicit null exception at 0x000000000492f268 to 0x00000000049329b5
Event: 2609.489 Thread 0x000000001c83a000 Implicit null exception at 0x000000000337a7de to 0x000000000337a961
Event: 2610.097 Thread 0x000000001c83a000 Implicit null exception at 0x0000000004a6c603 to 0x0000000004a6cb25
Event: 2610.279 Thread 0x000000001c83a000 Implicit null exception at 0x0000000004a9d0f4 to 0x0000000004a9d6cc
Event: 2610.714 Thread 0x000000001c83a000 Implicit null exception at 0x0000000004b24a97 to 0x0000000004b24ddd
Event: 2611.042 Thread 0x000000001c83a000 Implicit null exception at 0x0000000004b869b6 to 0x0000000004b84059
Event: 2612.374 Thread 0x000000001c83a000 Implicit null exception at 0x0000000004a7278c to 0x0000000004a72af5

Events (10 events):
Event: 2619.007 loading class java/util/zip/DataFormatException done
Event: 2619.008 loading class com/sun/tools/javac/file/ZipFileIndex$ZipDirectory
Event: 2619.008 loading class com/sun/tools/javac/file/ZipFileIndex$ZipDirectory done
Event: 2619.010 loading class com/sun/tools/javac/file/ZipFileIndex$DirectoryEntry
Event: 2619.010 loading class com/sun/tools/javac/file/ZipFileIndex$DirectoryEntry done
Event: 2619.011 loading class com/sun/tools/javac/file/ZipFileIndex$Entry
Event: 2619.011 loading class com/sun/tools/javac/file/ZipFileIndex$Entry done
Event: 2619.024 Thread 0x000000001c83a000 Uncommon trap: trap_request=0xffffff86 fr.pc=0x0000000004b38b54
Event: 2619.024 Thread 0x000000001c83a000 DEOPT PACKING pc=0x0000000004b38b54 sp=0x0000000026e2ab20
Event: 2619.024 Thread 0x000000001c83a000 DEOPT UNPACKING pc=0x000000000245557b sp=0x0000000026e2aae0 mode 2


Dynamic libraries:
0x00007ff7d9730000 - 0x00007ff7d9761000 	C:\Program Files\Android\Android Studio\jre\bin\java.exe
0x00007fff28750000 - 0x00007fff28945000 	C:\WINDOWS\SYSTEM32\ntdll.dll
0x00007fff27190000 - 0x00007fff2724d000 	C:\WINDOWS\System32\KERNEL32.DLL
0x00007fff26310000 - 0x00007fff265d8000 	C:\WINDOWS\System32\KERNELBASE.dll
0x00007fff28660000 - 0x00007fff2870c000 	C:\WINDOWS\System32\ADVAPI32.dll
0x00007fff26af0000 - 0x00007fff26b8e000 	C:\WINDOWS\System32\msvcrt.dll
0x00007fff27400000 - 0x00007fff2749b000 	C:\WINDOWS\System32\sechost.dll
0x00007fff26c50000 - 0x00007fff26d7b000 	C:\WINDOWS\System32\RPCRT4.dll
0x00007fff26950000 - 0x00007fff26af0000 	C:\WINDOWS\System32\USER32.dll
0x00007fff262e0000 - 0x00007fff26302000 	C:\WINDOWS\System32\win32u.dll
0x00007fff284a0000 - 0x00007fff284ca000 	C:\WINDOWS\System32\GDI32.dll
0x00007fff261d0000 - 0x00007fff262db000 	C:\WINDOWS\System32\gdi32full.dll
0x00007fff26020000 - 0x00007fff260bd000 	C:\WINDOWS\System32\msvcp_win.dll
0x00007fff26660000 - 0x00007fff26760000 	C:\WINDOWS\System32\ucrtbase.dll
0x00007fff106e0000 - 0x00007fff1097a000 	C:\WINDOWS\WinSxS\amd64_microsoft.windows.common-controls_6595b64144ccf1df_6.0.19041.844_none_ca00b6081b84eb1d\COMCTL32.dll
0x00007fff27ae0000 - 0x00007fff27b10000 	C:\WINDOWS\System32\IMM32.DLL
0x0000000058d10000 - 0x0000000058de2000 	C:\Program Files\Android\Android Studio\jre\jre\bin\msvcr100.dll
0x0000000058ed0000 - 0x0000000059711000 	C:\Program Files\Android\Android Studio\jre\jre\bin\server\jvm.dll
0x00007fff27ad0000 - 0x00007fff27ad8000 	C:\WINDOWS\System32\PSAPI.DLL
0x00007fff16480000 - 0x00007fff16489000 	C:\WINDOWS\SYSTEM32\WSOCK32.dll
0x00007fff13930000 - 0x00007fff13957000 	C:\WINDOWS\SYSTEM32\WINMM.dll
0x00007fff23080000 - 0x00007fff2308a000 	C:\WINDOWS\SYSTEM32\VERSION.dll
0x00007fff27b10000 - 0x00007fff27b7b000 	C:\WINDOWS\System32\WS2_32.dll
0x00007fff12c00000 - 0x00007fff12c0f000 	C:\Program Files\Android\Android Studio\jre\jre\bin\verify.dll
0x00007fff0d970000 - 0x00007fff0d999000 	C:\Program Files\Android\Android Studio\jre\jre\bin\java.dll
0x00007fff0d950000 - 0x00007fff0d966000 	C:\Program Files\Android\Android Studio\jre\jre\bin\zip.dll
0x00007fff27b80000 - 0x00007fff282c2000 	C:\WINDOWS\System32\SHELL32.dll
0x00007fff23e90000 - 0x00007fff24621000 	C:\WINDOWS\SYSTEM32\windows.storage.dll
0x00007fff26d80000 - 0x00007fff270d5000 	C:\WINDOWS\System32\combase.dll
0x00007fff25900000 - 0x00007fff2592c000 	C:\WINDOWS\SYSTEM32\Wldp.dll
0x00007fff284d0000 - 0x00007fff2857e000 	C:\WINDOWS\System32\SHCORE.dll
0x00007fff26b90000 - 0x00007fff26be5000 	C:\WINDOWS\System32\shlwapi.dll
0x00007fff25dd0000 - 0x00007fff25def000 	C:\WINDOWS\SYSTEM32\profapi.dll
0x00007fff0d930000 - 0x00007fff0d94a000 	C:\Program Files\Android\Android Studio\jre\jre\bin\net.dll
0x00007fff25670000 - 0x00007fff256da000 	C:\WINDOWS\system32\mswsock.dll
0x00007fff0d910000 - 0x00007fff0d921000 	C:\Program Files\Android\Android Studio\jre\jre\bin\nio.dll
0x00007fff1f170000 - 0x00007fff1f18e000 	C:\Users\Hoai Nam\.gradle\native\25\windows-amd64\native-platform.dll
0x00007fff12bf0000 - 0x00007fff12bfd000 	C:\Program Files\Android\Android Studio\jre\jre\bin\management.dll
0x00007fff25850000 - 0x00007fff25868000 	C:\WINDOWS\SYSTEM32\CRYPTSP.dll
0x00007fff24fa0000 - 0x00007fff24fd4000 	C:\WINDOWS\system32\rsaenh.dll
0x00007fff25ff0000 - 0x00007fff26017000 	C:\WINDOWS\System32\bcrypt.dll
0x00007fff25d90000 - 0x00007fff25dbe000 	C:\WINDOWS\SYSTEM32\USERENV.dll
0x00007fff265e0000 - 0x00007fff26660000 	C:\WINDOWS\System32\bcryptprimitives.dll
0x00007fff25840000 - 0x00007fff2584c000 	C:\WINDOWS\SYSTEM32\CRYPTBASE.dll
0x00007fff25310000 - 0x00007fff2534b000 	C:\WINDOWS\SYSTEM32\IPHLPAPI.DLL
0x00007fff282d0000 - 0x00007fff282d8000 	C:\WINDOWS\System32\NSI.dll
0x00007fff1c440000 - 0x00007fff1c457000 	C:\WINDOWS\SYSTEM32\dhcpcsvc6.DLL
0x00007fff1cee0000 - 0x00007fff1cefd000 	C:\WINDOWS\SYSTEM32\dhcpcsvc.DLL
0x00007fff25360000 - 0x00007fff2542c000 	C:\WINDOWS\SYSTEM32\DNSAPI.dll
0x00007ffef4390000 - 0x00007ffef43b4000 	C:\Program Files\Android\Android Studio\jre\jre\bin\sunec.dll
0x00007fff0fe30000 - 0x00007fff0fe3a000 	C:\Windows\System32\rasadhlp.dll
0x00007fff104a0000 - 0x00007fff1051f000 	C:\WINDOWS\System32\fwpuclnt.dll
0x00007fff0fa70000 - 0x00007fff0fa7b000 	C:\Program Files\Android\Android Studio\jre\jre\bin\sunmscapi.dll
0x00007fff25e90000 - 0x00007fff25fef000 	C:\WINDOWS\System32\CRYPT32.dll

VM Arguments:
jvm_args: -Xmx1536m -Dfile.encoding=windows-1252 -Duser.country=US -Duser.language=en -Duser.variant 
java_command: org.gradle.launcher.daemon.bootstrap.GradleDaemon 5.1.1
java_class_path (initial): C:\Users\Hoai Nam\.gradle\wrapper\dists\gradle-5.1.1-all\97z1ksx6lirer3kbvdnh7jtjg\gradle-5.1.1\lib\gradle-launcher-5.1.1.jar
Launcher Type: SUN_STANDARD

Environment Variables:
JAVA_HOME=D:\Program Files\Java\jdk-15.0.2
PATH=C:\Program Files\Common Files\Oracle\Java\javapath;C:\Program Files (x86)\Common Files\Oracle\Java\javapath;C:\WINDOWS\system32;C:\WINDOWS;C:\WINDOWS\System32\Wbem;C:\WINDOWS\System32\WindowsPowerShell\v1.0\;C:\WINDOWS\System32\OpenSSH\;C:\Program Files (x86)\Intel\Intel(R) Management Engine Components\DAL;C:\Program Files\Intel\Intel(R) Management Engine Components\DAL;C:\WINDOWS\system32\config\systemprofile\.dnx\bin;C:\Program Files\Microsoft DNX\Dnvm\;C:\Program Files (x86)\Windows Kits\8.1\Windows Performance Toolkit\;C:\Program Files\Microsoft SQL Server\120\Tools\Binn\;C:\Program Files\Microsoft SQL Server\130\Tools\Binn\;C:\Program Files (x86)\nodejs\;C:\Program Files\Git\cmd;D:\Program Files (x86)\Microsoft SQL Server\100\Tools\Binn\;D:\Program Files\Microsoft SQL Server\100\Tools\Binn\;D:\Program Files\Microsoft SQL Server\100\DTS\Binn\;D:\Program Files (x86)\Microsoft SQL Server\100\Tools\Binn\VSShell\Common7\IDE\;C:\Program Files (x86)\Microsoft Visual Studio 9.0\Common7\IDE\PrivateAssemblies\;D:\Program Files (x86)\Microsoft SQL Server\100\DTS\Binn\;C:\Users\Hoai Nam\AppData\Local\Microsoft\WindowsApps;C:\Users\Hoai Nam\AppData\Roaming\npm;
USERNAME=Hoai Nam
OS=Windows_NT
PROCESSOR_IDENTIFIER=Intel64 Family 6 Model 142 Stepping 10, GenuineIntel



---------------  S Y S T E M  ---------------

OS: Windows 10.0 , 64 bit Build 19041 (10.0.19041.928)

CPU:total 8 (initial active 8) (4 cores per cpu, 2 threads per core) family 6 model 142 stepping 10, cmov, cx8, fxsr, mmx, sse, sse2, sse3, ssse3, sse4.1, sse4.2, popcnt, avx, avx2, aes, clmul, erms, 3dnowpref, lzcnt, ht, tsc, tscinvbit, bmi1, bmi2, adx

Memory: 4k page, physical 8283800k(792936k free), swap 10380952k(3792k free)

vm_info: OpenJDK 64-Bit Server VM (25.152-b01) for windows-amd64 JRE (1.8.0_152-release-1343-b01), built by "builder" with MS VC++ 10.0 (VS2010)

time: Mon May 10 07:49:51 2021
elapsed time: 2619 seconds (0d 0h 43m 39s)

