#
# There is insufficient memory for the Java Runtime Environment to continue.
# Native memory allocation (malloc) failed to allocate 65552 bytes for Chunk::new
# Possible reasons:
#   The system is out of physical RAM or swap space
#   In 32 bit mode, the process size limit was hit
# Possible solutions:
#   Reduce memory load on the system
#   Increase physical memory or swap space
#   Check if swap backing store is full
#   Use 64 bit Java on a 64 bit OS
#   Decrease Java heap size (-Xmx/-Xms)
#   Decrease number of Java threads
#   Decrease Java thread stack sizes (-Xss)
#   Set larger code cache with -XX:ReservedCodeCacheSize=
# This output file may be truncated or incomplete.
#
#  Out of Memory Error (allocation.cpp:390), pid=16936, tid=0x00000000000033c4
#
# JRE version: OpenJDK Runtime Environment (8.0_152-b01) (build 1.8.0_152-release-1343-b01)
# Java VM: OpenJDK 64-Bit Server VM (25.152-b01 mixed mode windows-amd64 compressed oops)
# Failed to write core dump. Minidumps are not enabled by default on client versions of Windows
#

---------------  T H R E A D  ---------------

Current thread (0x00000000188ad000):  JavaThread "C2 CompilerThread0" daemon [_thread_in_native, id=13252, stack(0x0000000019080000,0x0000000019180000)]

Stack: [0x0000000019080000,0x0000000019180000]
[error occurred during error reporting (printing stack bounds), id 0xc0000005]

Native frames: (J=compiled Java code, j=interpreted, Vv=VM code, C=native code)


Current CompileTask:
C2: 500497 10768       4       org.gradle.internal.logging.sink.OutputEventRenderer$LazyListener::onOutput (95 bytes)


---------------  P R O C E S S  ---------------

Java Threads: ( => current thread )
  0x000000001f10d000 JavaThread "Cache worker for cache directory md-rule (C:\Users\Hoai Nam\.gradle\caches\5.1.1\md-rule)" [_thread_blocked, id=9248, stack(0x0000000021170000,0x0000000021270000)]
  0x000000001f114000 JavaThread "Cache worker for cache directory md-supplier (C:\Users\Hoai Nam\.gradle\caches\5.1.1\md-supplier)" [_thread_blocked, id=15448, stack(0x0000000021070000,0x0000000021170000)]
  0x000000001f10c800 JavaThread "Cache worker for file hash cache (C:\Users\Hoai Nam\Desktop\RetrofitDemo\.gradle\5.1.1\fileHashes)" [_thread_blocked, id=15492, stack(0x0000000020f70000,0x0000000021070000)]
  0x000000001f10e800 JavaThread "Thread-66" [_thread_blocked, id=11396, stack(0x000000001e570000,0x000000001e670000)]
  0x000000001f113000 JavaThread "Stdin handler" [_thread_blocked, id=13844, stack(0x000000001bfd0000,0x000000001c0d0000)]
  0x000000001f112800 JavaThread "Asynchronous log dispatcher for DefaultDaemonConnection: socket connection from /127.0.0.1:51597 to /127.0.0.1:51695" [_thread_blocked, id=12512, stack(0x000000001bbd0000,0x000000001bcd0000)]
  0x000000001f111000 JavaThread "Cancel handler" [_thread_blocked, id=5572, stack(0x000000001b6d0000,0x000000001b7d0000)]
  0x000000001f111800 JavaThread "Handler for socket connection from /127.0.0.1:51597 to /127.0.0.1:51695" [_thread_in_native, id=11384, stack(0x0000000000e20000,0x0000000000f20000)]
  0x000000001dae6000 JavaThread "Daemon worker Thread 2" [_thread_in_vm, id=15628, stack(0x000000001bad0000,0x000000001bbd0000)]
  0x000000001dae2800 JavaThread "Daemon Thread 2" [_thread_blocked, id=8160, stack(0x0000000000d20000,0x0000000000e20000)]
  0x000000001f119800 JavaThread "Cache worker for file content cache (C:\Users\Hoai Nam\.gradle\caches\5.1.1\fileContent)" [_thread_blocked, id=3672, stack(0x0000000025e60000,0x0000000025f60000)]
  0x000000001f118000 JavaThread "Memory manager" [_thread_blocked, id=9368, stack(0x0000000023730000,0x0000000023830000)]
  0x000000001ae0b800 JavaThread "Cache worker for execution history cache (C:\Users\Hoai Nam\.gradle\caches\5.1.1\executionHistory)" [_thread_blocked, id=4072, stack(0x0000000020e70000,0x0000000020f70000)]
  0x000000001ae0d000 JavaThread "Cache worker for journal cache (C:\Users\Hoai Nam\.gradle\caches\journal-1)" [_thread_blocked, id=16636, stack(0x000000001d2a0000,0x000000001d3a0000)]
  0x000000001ad82000 JavaThread "File lock request listener" [_thread_in_native, id=5440, stack(0x000000001d1a0000,0x000000001d2a0000)]
  0x000000001ad26800 JavaThread "Cache worker for file hash cache (C:\Users\Hoai Nam\.gradle\caches\5.1.1\fileHashes)" [_thread_blocked, id=15012, stack(0x000000001d0a0000,0x000000001d1a0000)]
  0x000000001a72d000 JavaThread "Daemon periodic checks" [_thread_blocked, id=1940, stack(0x000000001b5d0000,0x000000001b6d0000)]
  0x000000001a718800 JavaThread "Incoming local TCP Connector on port 51597" [_thread_in_native, id=16344, stack(0x000000001b390000,0x000000001b490000)]
  0x0000000018942000 JavaThread "Service Thread" daemon [_thread_blocked, id=7500, stack(0x0000000019480000,0x0000000019580000)]
  0x00000000188b6800 JavaThread "C1 CompilerThread3" daemon [_thread_blocked, id=17284, stack(0x0000000019380000,0x0000000019480000)]
  0x00000000188b1800 JavaThread "C2 CompilerThread2" daemon [_thread_in_native, id=13244, stack(0x0000000019280000,0x0000000019380000)]
  0x00000000188b0000 JavaThread "C2 CompilerThread1" daemon [_thread_in_native, id=11032, stack(0x0000000019180000,0x0000000019280000)]
=>0x00000000188ad000 JavaThread "C2 CompilerThread0" daemon [_thread_in_native, id=13252, stack(0x0000000019080000,0x0000000019180000)]
  0x00000000188a8000 JavaThread "Attach Listener" daemon [_thread_blocked, id=4032, stack(0x0000000018f80000,0x0000000019080000)]
  0x00000000188a5000 JavaThread "Signal Dispatcher" daemon [_thread_blocked, id=8084, stack(0x0000000018e80000,0x0000000018f80000)]
  0x0000000002bb9000 JavaThread "Finalizer" daemon [_thread_blocked, id=11428, stack(0x0000000018c80000,0x0000000018d80000)]
  0x000000001697c800 JavaThread "Reference Handler" daemon [_thread_blocked, id=13396, stack(0x0000000018780000,0x0000000018880000)]
  0x0000000002ac2800 JavaThread "main" [_thread_blocked, id=16444, stack(0x00000000028f0000,0x00000000029f0000)]

Other Threads:
  0x0000000016976000 VMThread [stack: 0x0000000018680000,0x0000000018780000] [id=6940]
  0x0000000018942800 WatcherThread [stack: 0x0000000019580000,0x0000000019680000] [id=10560]

VM state:not at safepoint (normal execution)

VM Mutex/Monitor currently owned by a thread: None

Heap:
 PSYoungGen      total 248320K, used 90381K [0x00000000e0000000, 0x00000000f4100000, 0x0000000100000000)
  eden space 218624K, 27% used [0x00000000e0000000,0x00000000e3b45550,0x00000000ed580000)
  from space 29696K, 99% used [0x00000000ed580000,0x00000000ef27e0a0,0x00000000ef280000)
  to   space 41472K, 0% used [0x00000000f1880000,0x00000000f1880000,0x00000000f4100000)
 ParOldGen       total 145920K, used 61510K [0x00000000a0000000, 0x00000000a8e80000, 0x00000000e0000000)
  object space 145920K, 42% used [0x00000000a0000000,0x00000000a3c11968,0x00000000a8e80000)
 Metaspace       used 71205K, capacity 73724K, committed 74008K, reserved 1114112K
  class space    used 9399K, capacity 9909K, committed 10024K, reserved 1048576K

Card table byte_map: [0x0000000011f80000,0x0000000012290000] byte_map_base: 0x0000000011a80000

Marking Bits: (ParMarkBitMap*) 0x000000006ca45aa0
 Begin Bits: [0x0000000012c90000, 0x0000000014490000)
 End Bits:   [0x0000000014490000, 0x0000000015c90000)

Polling page: 0x00000000029f0000

CodeCache: size=245760Kb used=28159Kb max_used=28236Kb free=217600Kb
 bounds [0x0000000002bc0000, 0x0000000004780000, 0x0000000011bc0000]
 total_blobs=9826 nmethods=9005 adapters=733
 compilation: enabled

Compilation events (10 events):
Event: 500.468 Thread 0x00000000188b6800 10783       3       org.gradle.api.internal.DefaultMutationGuard$1::initialValue (4 bytes)
Event: 500.468 Thread 0x00000000188b6800 nmethod 10783 0x0000000002f91190 code [0x0000000002f912e0, 0x0000000002f91430]
Event: 500.470 Thread 0x00000000188b6800 10780   !   3       java.lang.ClassLoader$ParallelLoaders::isRegistered (23 bytes)
Event: 500.471 Thread 0x00000000188b6800 nmethod 10780 0x000000000357dbd0 code [0x000000000357dd40, 0x000000000357e168]
Event: 500.472 Thread 0x00000000188b6800 10784       3       com.google.common.collect.Iterables::filter (20 bytes)
Event: 500.473 Thread 0x00000000188b6800 nmethod 10784 0x00000000037dc050 code [0x00000000037dc220, 0x00000000037dc878]
Event: 500.474 Thread 0x00000000188b6800 10785       3       com.google.common.collect.Iterables$4::<init> (15 bytes)
Event: 500.474 Thread 0x00000000188b6800 nmethod 10785 0x00000000030caed0 code [0x00000000030cb040, 0x00000000030cb350]
Event: 500.478 Thread 0x00000000188b6800 10786       1       groovy.lang.Closure::getOwner (5 bytes)
Event: 500.478 Thread 0x00000000188b6800 nmethod 10786 0x0000000003e64850 code [0x0000000003e649a0, 0x0000000003e64ab0]

GC Heap History (10 events):
Event: 5.714 GC heap before
{Heap before GC invocations=12 (full 2):
 PSYoungGen      total 165376K, used 107826K [0x00000000e0000000, 0x00000000edd00000, 0x0000000100000000)
  eden space 152064K, 62% used [0x00000000e0000000,0x00000000e5c522d0,0x00000000e9480000)
  from space 13312K, 99% used [0x00000000e9480000,0x00000000ea17a618,0x00000000ea180000)
  to   space 16896K, 0% used [0x00000000ecc80000,0x00000000ecc80000,0x00000000edd00000)
 ParOldGen       total 96768K, used 20849K [0x00000000a0000000, 0x00000000a5e80000, 0x00000000e0000000)
  object space 96768K, 21% used [0x00000000a0000000,0x00000000a145c5a0,0x00000000a5e80000)
 Metaspace       used 57647K, capacity 59106K, committed 59160K, reserved 1099776K
  class space    used 7814K, capacity 8182K, committed 8232K, reserved 1048576K
Event: 5.740 GC heap after
Heap after GC invocations=12 (full 2):
 PSYoungGen      total 206336K, used 16874K [0x00000000e0000000, 0x00000000ee600000, 0x0000000100000000)
  eden space 189440K, 0% used [0x00000000e0000000,0x00000000e0000000,0x00000000eb900000)
  from space 16896K, 99% used [0x00000000ecc80000,0x00000000edcfa9e8,0x00000000edd00000)
  to   space 19968K, 0% used [0x00000000eb900000,0x00000000eb900000,0x00000000ecc80000)
 ParOldGen       total 96768K, used 22833K [0x00000000a0000000, 0x00000000a5e80000, 0x00000000e0000000)
  object space 96768K, 23% used [0x00000000a0000000,0x00000000a164c490,0x00000000a5e80000)
 Metaspace       used 57647K, capacity 59106K, committed 59160K, reserved 1099776K
  class space    used 7814K, capacity 8182K, committed 8232K, reserved 1048576K
}
Event: 5.740 GC heap before
{Heap before GC invocations=13 (full 3):
 PSYoungGen      total 206336K, used 16874K [0x00000000e0000000, 0x00000000ee600000, 0x0000000100000000)
  eden space 189440K, 0% used [0x00000000e0000000,0x00000000e0000000,0x00000000eb900000)
  from space 16896K, 99% used [0x00000000ecc80000,0x00000000edcfa9e8,0x00000000edd00000)
  to   space 19968K, 0% used [0x00000000eb900000,0x00000000eb900000,0x00000000ecc80000)
 ParOldGen       total 96768K, used 22833K [0x00000000a0000000, 0x00000000a5e80000, 0x00000000e0000000)
  object space 96768K, 23% used [0x00000000a0000000,0x00000000a164c490,0x00000000a5e80000)
 Metaspace       used 57647K, capacity 59106K, committed 59160K, reserved 1099776K
  class space    used 7814K, capacity 8182K, committed 8232K, reserved 1048576K
Event: 5.978 GC heap after
Heap after GC invocations=13 (full 3):
 PSYoungGen      total 206336K, used 0K [0x00000000e0000000, 0x00000000ee600000, 0x0000000100000000)
  eden space 189440K, 0% used [0x00000000e0000000,0x00000000e0000000,0x00000000eb900000)
  from space 16896K, 0% used [0x00000000ecc80000,0x00000000ecc80000,0x00000000edd00000)
  to   space 19968K, 0% used [0x00000000eb900000,0x00000000eb900000,0x00000000ecc80000)
 ParOldGen       total 145920K, used 32932K [0x00000000a0000000, 0x00000000a8e80000, 0x00000000e0000000)
  object space 145920K, 22% used [0x00000000a0000000,0x00000000a20290e0,0x00000000a8e80000)
 Metaspace       used 57647K, capacity 59106K, committed 59160K, reserved 1099776K
  class space    used 7814K, capacity 8182K, committed 8232K, reserved 1048576K
}
Event: 7.310 GC heap before
{Heap before GC invocations=14 (full 3):
 PSYoungGen      total 206336K, used 189440K [0x00000000e0000000, 0x00000000ee600000, 0x0000000100000000)
  eden space 189440K, 100% used [0x00000000e0000000,0x00000000eb900000,0x00000000eb900000)
  from space 16896K, 0% used [0x00000000ecc80000,0x00000000ecc80000,0x00000000edd00000)
  to   space 19968K, 0% used [0x00000000eb900000,0x00000000eb900000,0x00000000ecc80000)
 ParOldGen       total 145920K, used 32932K [0x00000000a0000000, 0x00000000a8e80000, 0x00000000e0000000)
  object space 145920K, 22% used [0x00000000a0000000,0x00000000a20290e0,0x00000000a8e80000)
 Metaspace       used 62476K, capacity 64528K, committed 64792K, reserved 1105920K
  class space    used 8455K, capacity 8907K, committed 9000K, reserved 1048576K
Event: 7.332 GC heap after
Heap after GC invocations=14 (full 3):
 PSYoungGen      total 209408K, used 19960K [0x00000000e0000000, 0x00000000f0d80000, 0x0000000100000000)
  eden space 189440K, 0% used [0x00000000e0000000,0x00000000e0000000,0x00000000eb900000)
  from space 19968K, 99% used [0x00000000eb900000,0x00000000ecc7e0a0,0x00000000ecc80000)
  to   space 26112K, 0% used [0x00000000ef400000,0x00000000ef400000,0x00000000f0d80000)
 ParOldGen       total 145920K, used 42048K [0x00000000a0000000, 0x00000000a8e80000, 0x00000000e0000000)
  object space 145920K, 28% used [0x00000000a0000000,0x00000000a2910258,0x00000000a8e80000)
 Metaspace       used 62476K, capacity 64528K, committed 64792K, reserved 1105920K
  class space    used 8455K, capacity 8907K, committed 9000K, reserved 1048576K
}
Event: 11.454 GC heap before
{Heap before GC invocations=15 (full 3):
 PSYoungGen      total 209408K, used 209400K [0x00000000e0000000, 0x00000000f0d80000, 0x0000000100000000)
  eden space 189440K, 100% used [0x00000000e0000000,0x00000000eb900000,0x00000000eb900000)
  from space 19968K, 99% used [0x00000000eb900000,0x00000000ecc7e0a0,0x00000000ecc80000)
  to   space 26112K, 0% used [0x00000000ef400000,0x00000000ef400000,0x00000000f0d80000)
 ParOldGen       total 145920K, used 42048K [0x00000000a0000000, 0x00000000a8e80000, 0x00000000e0000000)
  object space 145920K, 28% used [0x00000000a0000000,0x00000000a2910258,0x00000000a8e80000)
 Metaspace       used 65291K, capacity 67488K, committed 67608K, reserved 1107968K
  class space    used 8772K, capacity 9229K, committed 9256K, reserved 1048576K
Event: 11.473 GC heap after
Heap after GC invocations=15 (full 3):
 PSYoungGen      total 244736K, used 26028K [0x00000000e0000000, 0x00000000f0f80000, 0x0000000100000000)
  eden space 218624K, 0% used [0x00000000e0000000,0x00000000e0000000,0x00000000ed580000)
  from space 26112K, 99% used [0x00000000ef400000,0x00000000f0d6b178,0x00000000f0d80000)
  to   space 29696K, 0% used [0x00000000ed580000,0x00000000ed580000,0x00000000ef280000)
 ParOldGen       total 145920K, used 42056K [0x00000000a0000000, 0x00000000a8e80000, 0x00000000e0000000)
  object space 145920K, 28% used [0x00000000a0000000,0x00000000a2912258,0x00000000a8e80000)
 Metaspace       used 65291K, capacity 67488K, committed 67608K, reserved 1107968K
  class space    used 8772K, capacity 9229K, committed 9256K, reserved 1048576K
}
Event: 470.788 GC heap before
{Heap before GC invocations=16 (full 3):
 PSYoungGen      total 244736K, used 244652K [0x00000000e0000000, 0x00000000f0f80000, 0x0000000100000000)
  eden space 218624K, 100% used [0x00000000e0000000,0x00000000ed580000,0x00000000ed580000)
  from space 26112K, 99% used [0x00000000ef400000,0x00000000f0d6b178,0x00000000f0d80000)
  to   space 29696K, 0% used [0x00000000ed580000,0x00000000ed580000,0x00000000ef280000)
 ParOldGen       total 145920K, used 42056K [0x00000000a0000000, 0x00000000a8e80000, 0x00000000e0000000)
  object space 145920K, 28% used [0x00000000a0000000,0x00000000a2912258,0x00000000a8e80000)
 Metaspace       used 70940K, capacity 73474K, committed 73624K, reserved 1114112K
  class space    used 9365K, capacity 9878K, committed 9896K, reserved 1048576K
Event: 470.832 GC heap after
Heap after GC invocations=16 (full 3):
 PSYoungGen      total 248320K, used 29688K [0x00000000e0000000, 0x00000000f4100000, 0x0000000100000000)
  eden space 218624K, 0% used [0x00000000e0000000,0x00000000e0000000,0x00000000ed580000)
  from space 29696K, 99% used [0x00000000ed580000,0x00000000ef27e0a0,0x00000000ef280000)
  to   space 41472K, 0% used [0x00000000f1880000,0x00000000f1880000,0x00000000f4100000)
 ParOldGen       total 145920K, used 61510K [0x00000000a0000000, 0x00000000a8e80000, 0x00000000e0000000)
  object space 145920K, 42% used [0x00000000a0000000,0x00000000a3c11968,0x00000000a8e80000)
 Metaspace       used 70940K, capacity 73474K, committed 73624K, reserved 1114112K
  class space    used 9365K, capacity 9878K, committed 9896K, reserved 1048576K
}

Deoptimization events (10 events):
Event: 471.725 Thread 0x000000001f10e000 Uncommon trap: reason=bimorphic action=maybe_recompile pc=0x0000000004162aa0 method=com.sun.org.apache.xerces.internal.dom.CoreDocumentImpl.isKidOK(Lorg/w3c/dom/Node;Lorg/w3c/dom/Node;)Z @ 39
Event: 471.742 Thread 0x000000001dae6000 Uncommon trap: reason=bimorphic action=maybe_recompile pc=0x0000000003782b5c method=org.gradle.internal.logging.text.AbstractStyledTextOutput.text(Ljava/lang/Object;)Lorg/gradle/internal/logging/text/StyledTextOutput; @ 11
Event: 471.746 Thread 0x000000001dae6000 Uncommon trap: reason=bimorphic action=maybe_recompile pc=0x0000000003782b5c method=org.gradle.internal.logging.text.AbstractStyledTextOutput.text(Ljava/lang/Object;)Lorg/gradle/internal/logging/text/StyledTextOutput; @ 11
Event: 471.754 Thread 0x000000001dae6000 Uncommon trap: reason=class_check action=maybe_recompile pc=0x0000000002d3d928 method=java.lang.String.equals(Ljava/lang/Object;)Z @ 8
Event: 471.754 Thread 0x000000001dae6000 Uncommon trap: reason=class_check action=maybe_recompile pc=0x0000000002d3d928 method=java.lang.String.equals(Ljava/lang/Object;)Z @ 8
Event: 471.754 Thread 0x000000001dae6000 Uncommon trap: reason=class_check action=maybe_recompile pc=0x0000000002d3d928 method=java.lang.String.equals(Ljava/lang/Object;)Z @ 8
Event: 471.754 Thread 0x000000001dae6000 Uncommon trap: reason=class_check action=maybe_recompile pc=0x0000000002d3d928 method=java.lang.String.equals(Ljava/lang/Object;)Z @ 8
Event: 471.760 Thread 0x000000001dae6000 Uncommon trap: reason=unstable_if action=reinterpret pc=0x00000000035a2be0 method=java.io.ObjectOutputStream$BlockDataOutputStream.write([BIIZ)V @ 2
Event: 471.804 Thread 0x000000001dae4800 Uncommon trap: reason=unstable_if action=reinterpret pc=0x0000000002e7d394 method=com.esotericsoftware.kryo.io.Input.require(I)I @ 180
Event: 500.432 Thread 0x000000001f111800 Uncommon trap: reason=class_check action=maybe_recompile pc=0x000000000337a8a0 method=java.lang.reflect.Array.newInstance(Ljava/lang/Class;I)Ljava/lang/Object; @ 2

Classes redefined (0 events):
No events

Internal exceptions (10 events):
Event: 469.881 Thread 0x000000001dae6000 Implicit null exception at 0x0000000003e649af to 0x0000000003e64a36
Event: 470.040 Thread 0x000000001dae6000 Exception <a 'sun/nio/fs/WindowsException'> (0x00000000e6f630b8) thrown at [D:\src\AOSP-openjdk-cygwin\jdk8u\hotspot\src\share\vm\prims\jni.cpp, line 709]
Event: 470.044 Thread 0x000000001dae6000 Exception <a 'sun/nio/fs/WindowsException'> (0x00000000e6f6fe78) thrown at [D:\src\AOSP-openjdk-cygwin\jdk8u\hotspot\src\share\vm\prims\jni.cpp, line 709]
Event: 470.265 Thread 0x000000001f10f800 Implicit null exception at 0x00000000045afadf to 0x00000000045aff91
Event: 470.939 Thread 0x000000001f10e000 Implicit null exception at 0x00000000046b5bae to 0x00000000046b63f6
Event: 471.711 Thread 0x000000001f10e000 Exception <a 'java/io/IOException'> (0x00000000e2d779c0) thrown at [D:\src\AOSP-openjdk-cygwin\jdk8u\hotspot\src\share\vm\prims\jni.cpp, line 709]
Event: 471.711 Thread 0x000000001f10e000 Exception <a 'java/lang/reflect/InvocationTargetException'> (0x00000000e2d78048) thrown at [D:\src\AOSP-openjdk-cygwin\jdk8u\hotspot\src\share\vm\runtime\reflection.cpp, line 1092]
Event: 471.714 Thread 0x000000001dae5800 Exception <a 'java/lang/NoSuchMethodError': <clinit>> (0x00000000e001c248) thrown at [D:\src\AOSP-openjdk-cygwin\jdk8u\hotspot\src\share\vm\prims\jni.cpp, line 1613]
Event: 471.716 Thread 0x000000001dae5800 Exception <a 'java/lang/NoSuchMethodError': <clinit>> (0x00000000e2e2bf98) thrown at [D:\src\AOSP-openjdk-cygwin\jdk8u\hotspot\src\share\vm\prims\jni.cpp, line 1613]
Event: 471.720 Thread 0x000000001dae5800 Exception <a 'java/lang/NoSuchMethodError': <clinit>> (0x00000000e2e38598) thrown at [D:\src\AOSP-openjdk-cygwin\jdk8u\hotspot\src\share\vm\prims\jni.cpp, line 1613]

Events (10 events):
Event: 500.471 Thread 0x00000000188b6800 flushing nmethod 0x0000000003caf9d0
Event: 500.472 Thread 0x00000000188b6800 flushing nmethod 0x0000000003ccd910
Event: 500.472 Thread 0x00000000188b6800 flushing nmethod 0x0000000003cce450
Event: 500.473 Thread 0x00000000188b6800 flushing nmethod 0x0000000003e64850
Event: 500.473 Thread 0x00000000188b6800 flushing nmethod 0x0000000003e77910
Event: 500.473 Thread 0x00000000188b6800 flushing nmethod 0x0000000003e7c850
Event: 500.475 Thread 0x00000000188b6800 flushing nmethod 0x0000000003fa7110
Event: 500.479 Thread 0x00000000188b6800 flushing nmethod 0x000000000425c590
Event: 500.483 Thread 0x000000001f114000 Thread added: 0x000000001f114000
Event: 500.487 Thread 0x000000001f10d000 Thread added: 0x000000001f10d000


Dynamic libraries:
0x00007ff64d080000 - 0x00007ff64d0b1000 	C:\Program Files\Android\Android Studio\jre\bin\java.exe
0x00007ffbf4250000 - 0x00007ffbf4445000 	C:\WINDOWS\SYSTEM32\ntdll.dll
0x00007ffbf2470000 - 0x00007ffbf252d000 	C:\WINDOWS\System32\KERNEL32.DLL
0x00007ffbf1ab0000 - 0x00007ffbf1d78000 	C:\WINDOWS\System32\KERNELBASE.dll
0x00007ffbf2310000 - 0x00007ffbf23bc000 	C:\WINDOWS\System32\ADVAPI32.dll
0x00007ffbf2530000 - 0x00007ffbf25ce000 	C:\WINDOWS\System32\msvcrt.dll
0x00007ffbf2da0000 - 0x00007ffbf2e3b000 	C:\WINDOWS\System32\sechost.dll
0x00007ffbf25d0000 - 0x00007ffbf26fb000 	C:\WINDOWS\System32\RPCRT4.dll
0x00007ffbf3ce0000 - 0x00007ffbf3e80000 	C:\WINDOWS\System32\USER32.dll
0x00007ffbf2070000 - 0x00007ffbf2092000 	C:\WINDOWS\System32\win32u.dll
0x00007ffbf2760000 - 0x00007ffbf278a000 	C:\WINDOWS\System32\GDI32.dll
0x00007ffbf21a0000 - 0x00007ffbf22ab000 	C:\WINDOWS\System32\gdi32full.dll
0x00007ffbf1990000 - 0x00007ffbf1a2d000 	C:\WINDOWS\System32\msvcp_win.dll
0x00007ffbf1f10000 - 0x00007ffbf2010000 	C:\WINDOWS\System32\ucrtbase.dll
0x00007ffbdcf50000 - 0x00007ffbdd1ea000 	C:\WINDOWS\WinSxS\amd64_microsoft.windows.common-controls_6595b64144ccf1df_6.0.19041.844_none_ca00b6081b84eb1d\COMCTL32.dll
0x00007ffbf2bf0000 - 0x00007ffbf2c20000 	C:\WINDOWS\System32\IMM32.DLL
0x000000006bbc0000 - 0x000000006bc92000 	C:\Program Files\Android\Android Studio\jre\jre\bin\msvcr100.dll
0x000000006c280000 - 0x000000006cac1000 	C:\Program Files\Android\Android Studio\jre\jre\bin\server\jvm.dll
0x00007ffbf4200000 - 0x00007ffbf4208000 	C:\WINDOWS\System32\PSAPI.DLL
0x00007ffbda260000 - 0x00007ffbda269000 	C:\WINDOWS\SYSTEM32\WSOCK32.dll
0x00007ffbeefd0000 - 0x00007ffbeefda000 	C:\WINDOWS\SYSTEM32\VERSION.dll
0x00007ffbf32c0000 - 0x00007ffbf332b000 	C:\WINDOWS\System32\WS2_32.dll
0x00007ffbdf990000 - 0x00007ffbdf9b7000 	C:\WINDOWS\SYSTEM32\WINMM.dll
0x00007ffbe9ce0000 - 0x00007ffbe9cef000 	C:\Program Files\Android\Android Studio\jre\jre\bin\verify.dll
0x00007ffbdc0b0000 - 0x00007ffbdc0d9000 	C:\Program Files\Android\Android Studio\jre\jre\bin\java.dll
0x00007ffbe9c50000 - 0x00007ffbe9c66000 	C:\Program Files\Android\Android Studio\jre\jre\bin\zip.dll
0x00007ffbf33e0000 - 0x00007ffbf3b22000 	C:\WINDOWS\System32\SHELL32.dll
0x00007ffbef9a0000 - 0x00007ffbf0130000 	C:\WINDOWS\SYSTEM32\windows.storage.dll
0x00007ffbf2890000 - 0x00007ffbf2be5000 	C:\WINDOWS\System32\combase.dll
0x00007ffbf1400000 - 0x00007ffbf142c000 	C:\WINDOWS\SYSTEM32\Wldp.dll
0x00007ffbf3330000 - 0x00007ffbf33de000 	C:\WINDOWS\System32\SHCORE.dll
0x00007ffbf22b0000 - 0x00007ffbf2305000 	C:\WINDOWS\System32\shlwapi.dll
0x00007ffbf18d0000 - 0x00007ffbf18ef000 	C:\WINDOWS\SYSTEM32\profapi.dll
0x00007ffbdfc10000 - 0x00007ffbdfc2a000 	C:\Program Files\Android\Android Studio\jre\jre\bin\net.dll
0x00007ffbf1170000 - 0x00007ffbf11da000 	C:\WINDOWS\system32\mswsock.dll
0x00007ffbdeb30000 - 0x00007ffbdeb41000 	C:\Program Files\Android\Android Studio\jre\jre\bin\nio.dll
0x00007ffbdf1c0000 - 0x00007ffbdf1de000 	C:\Users\Hoai Nam\.gradle\native\25\windows-amd64\native-platform.dll
0x00007ffbdecb0000 - 0x00007ffbdecbd000 	C:\Program Files\Android\Android Studio\jre\jre\bin\management.dll
0x00007ffbf1350000 - 0x00007ffbf1368000 	C:\WINDOWS\SYSTEM32\CRYPTSP.dll
0x00007ffbf0aa0000 - 0x00007ffbf0ad4000 	C:\WINDOWS\system32\rsaenh.dll
0x00007ffbf1ee0000 - 0x00007ffbf1f07000 	C:\WINDOWS\System32\bcrypt.dll
0x00007ffbf1890000 - 0x00007ffbf18be000 	C:\WINDOWS\SYSTEM32\USERENV.dll
0x00007ffbf1a30000 - 0x00007ffbf1ab0000 	C:\WINDOWS\System32\bcryptprimitives.dll
0x00007ffbf1340000 - 0x00007ffbf134c000 	C:\WINDOWS\SYSTEM32\CRYPTBASE.dll
0x00007ffbf0e10000 - 0x00007ffbf0e4b000 	C:\WINDOWS\SYSTEM32\IPHLPAPI.DLL
0x00007ffbf41f0000 - 0x00007ffbf41f8000 	C:\WINDOWS\System32\NSI.dll
0x00007ffbe91b0000 - 0x00007ffbe91c7000 	C:\WINDOWS\SYSTEM32\dhcpcsvc6.DLL
0x00007ffbe9250000 - 0x00007ffbe926d000 	C:\WINDOWS\SYSTEM32\dhcpcsvc.DLL
0x00007ffbf0e50000 - 0x00007ffbf0f1c000 	C:\WINDOWS\SYSTEM32\DNSAPI.dll

VM Arguments:
jvm_args: -Xmx1536m -Dfile.encoding=windows-1252 -Duser.country=US -Duser.language=en -Duser.variant 
java_command: org.gradle.launcher.daemon.bootstrap.GradleDaemon 5.1.1
java_class_path (initial): C:\Users\Hoai Nam\.gradle\wrapper\dists\gradle-5.1.1-all\97z1ksx6lirer3kbvdnh7jtjg\gradle-5.1.1\lib\gradle-launcher-5.1.1.jar
Launcher Type: SUN_STANDARD

Environment Variables:
JAVA_HOME=D:\Program Files\Java\jdk-15.0.2
PATH=C:\Program Files\Common Files\Oracle\Java\javapath;C:\Program Files (x86)\Common Files\Oracle\Java\javapath;C:\WINDOWS\system32;C:\WINDOWS;C:\WINDOWS\System32\Wbem;C:\WINDOWS\System32\WindowsPowerShell\v1.0\;C:\WINDOWS\System32\OpenSSH\;C:\Program Files (x86)\Intel\Intel(R) Management Engine Components\DAL;C:\Program Files\Intel\Intel(R) Management Engine Components\DAL;C:\WINDOWS\system32\config\systemprofile\.dnx\bin;C:\Program Files\Microsoft DNX\Dnvm\;C:\Program Files (x86)\Windows Kits\8.1\Windows Performance Toolkit\;C:\Program Files\Microsoft SQL Server\120\Tools\Binn\;C:\Program Files\Microsoft SQL Server\130\Tools\Binn\;C:\Program Files (x86)\nodejs\;C:\Program Files\Git\cmd;D:\Program Files (x86)\Microsoft SQL Server\100\Tools\Binn\;D:\Program Files\Microsoft SQL Server\100\Tools\Binn\;D:\Program Files\Microsoft SQL Server\100\DTS\Binn\;D:\Program Files (x86)\Microsoft SQL Server\100\Tools\Binn\VSShell\Common7\IDE\;C:\Program Files (x86)\Microsoft Visual Studio 9.0\Common7\IDE\PrivateAssemblies\;D:\Program Files (x86)\Microsoft SQL Server\100\DTS\Binn\;C:\Users\Hoai Nam\AppData\Local\Microsoft\WindowsApps;C:\Users\Hoai Nam\AppData\Roaming\npm;
USERNAME=Hoai Nam
OS=Windows_NT
PROCESSOR_IDENTIFIER=Intel64 Family 6 Model 142 Stepping 10, GenuineIntel



---------------  S Y S T E M  ---------------

OS: Windows 10.0 , 64 bit Build 19041 (10.0.19041.928)

CPU:total 8 (initial active 8) (4 cores per cpu, 2 threads per core) family 6 model 142 stepping 10, cmov, cx8, fxsr, mmx, sse, sse2, sse3, ssse3, sse4.1, sse4.2, popcnt, avx, avx2, aes, clmul, erms, 3dnowpref, lzcnt, ht, tsc, tscinvbit, bmi1, bmi2, adx

Memory: 4k page, physical 8283800k(980732k free), swap 10380952k(5264k free)

vm_info: OpenJDK 64-Bit Server VM (25.152-b01) for windows-amd64 JRE (1.8.0_152-release-1343-b01), built by "builder" with MS VC++ 10.0 (VS2010)

time: Fri May 21 19:26:59 2021
elapsed time: 500 seconds (0d 0h 8m 20s)

