#
# There is insufficient memory for the Java Runtime Environment to continue.
# Native memory allocation (malloc) failed to allocate 762496 bytes for Chunk::new
# Possible reasons:
#   The system is out of physical RAM or swap space
#   In 32 bit mode, the process size limit was hit
# Possible solutions:
#   Reduce memory load on the system
#   Increase physical memory or swap space
#   Check if swap backing store is full
#   Use 64 bit Java on a 64 bit OS
#   Decrease Java heap size (-Xmx/-Xms)
#   Decrease number of Java threads
#   Decrease Java thread stack sizes (-Xss)
#   Set larger code cache with -XX:ReservedCodeCacheSize=
# This output file may be truncated or incomplete.
#
#  Out of Memory Error (allocation.cpp:390), pid=9992, tid=0x0000000000001500
#
# JRE version: OpenJDK Runtime Environment (8.0_152-b01) (build 1.8.0_152-release-1343-b01)
# Java VM: OpenJDK 64-Bit Server VM (25.152-b01 mixed mode windows-amd64 compressed oops)
# Failed to write core dump. Minidumps are not enabled by default on client versions of Windows
#

---------------  T H R E A D  ---------------

Current thread (0x0000000018441000):  JavaThread "C2 CompilerThread2" daemon [_thread_in_native, id=5376, stack(0x0000000018e10000,0x0000000018f10000)]

Stack: [0x0000000018e10000,0x0000000018f10000]
[error occurred during error reporting (printing stack bounds), id 0xc0000005]

Native frames: (J=compiled Java code, j=interpreted, Vv=VM code, C=native code)


Current CompileTask:
C2:   4597 3795   !   4       com.sun.beans.TypeResolver::resolve (274 bytes)


---------------  P R O C E S S  ---------------

Java Threads: ( => current thread )
  0x0000000021420800 JavaThread "Cache worker for Build Output Cleanup Cache (C:\Users\Hoai Nam\Desktop\RetrofitDemo\.gradle\buildOutputCleanup)" [_thread_blocked, id=12536, stack(0x00000000236f0000,0x00000000237f0000)]
  0x000000002141c000 JavaThread "pool-1-thread-1" [_thread_blocked, id=8972, stack(0x0000000020b30000,0x0000000020c30000)]
  0x000000002141b800 JavaThread "Build operations Thread 8" [_thread_blocked, id=16304, stack(0x0000000022ff0000,0x00000000230f0000)]
  0x0000000021419000 JavaThread "Build operations Thread 7" [_thread_blocked, id=13880, stack(0x0000000022ef0000,0x0000000022ff0000)]
  0x0000000021420000 JavaThread "Build operations Thread 6" [_thread_blocked, id=16192, stack(0x0000000022df0000,0x0000000022ef0000)]
  0x0000000021418800 JavaThread "Build operations Thread 5" [_thread_blocked, id=1516, stack(0x0000000022cf0000,0x0000000022df0000)]
  0x000000002141e800 JavaThread "Build operations Thread 4" [_thread_blocked, id=4864, stack(0x0000000022bf0000,0x0000000022cf0000)]
  0x000000002141f000 JavaThread "Build operations Thread 3" [_thread_blocked, id=12684, stack(0x0000000022af0000,0x0000000022bf0000)]
  0x000000002141d800 JavaThread "Build operations Thread 2" [_thread_blocked, id=13504, stack(0x00000000229f0000,0x0000000022af0000)]
  0x0000000021417800 JavaThread "Build operations" [_thread_blocked, id=1732, stack(0x0000000022020000,0x0000000022120000)]
  0x000000001a8f8800 JavaThread "Cache worker for execution history cache (C:\Users\Hoai Nam\.gradle\caches\5.1.1\executionHistory)" [_thread_blocked, id=7996, stack(0x0000000020a30000,0x0000000020b30000)]
  0x000000001a8fd000 JavaThread "Cache worker for cache directory md-rule (C:\Users\Hoai Nam\.gradle\caches\5.1.1\md-rule)" [_thread_blocked, id=14440, stack(0x0000000022200000,0x0000000022300000)]
  0x000000001a8f7000 JavaThread "Cache worker for cache directory md-supplier (C:\Users\Hoai Nam\.gradle\caches\5.1.1\md-supplier)" [_thread_blocked, id=2436, stack(0x0000000020ce0000,0x0000000020de0000)]
  0x000000001a8fd800 JavaThread "Cache worker for file hash cache (C:\Users\Hoai Nam\Desktop\RetrofitDemo\.gradle\5.1.1\fileHashes)" [_thread_blocked, id=9876, stack(0x000000001e140000,0x000000001e240000)]
  0x000000001a8fc000 JavaThread "Cache worker for journal cache (C:\Users\Hoai Nam\.gradle\caches\journal-1)" [_thread_blocked, id=11136, stack(0x000000001bea0000,0x000000001bfa0000)]
  0x000000001a90d000 JavaThread "File lock request listener" [_thread_in_native, id=14756, stack(0x000000001bda0000,0x000000001bea0000)]
  0x000000001a916000 JavaThread "Cache worker for file hash cache (C:\Users\Hoai Nam\.gradle\caches\5.1.1\fileHashes)" [_thread_blocked, id=17268, stack(0x000000001bca0000,0x000000001bda0000)]
  0x000000001a4a8800 JavaThread "Thread-8" [_thread_blocked, id=16988, stack(0x000000001bba0000,0x000000001bca0000)]
  0x000000001a2c0800 JavaThread "Stdin handler" [_thread_blocked, id=17240, stack(0x000000001b9a0000,0x000000001baa0000)]
  0x000000001a2c3000 JavaThread "Asynchronous log dispatcher for DefaultDaemonConnection: socket connection from /127.0.0.1:1077 to /127.0.0.1:1078" [_thread_blocked, id=1536, stack(0x000000001b8a0000,0x000000001b9a0000)]
  0x000000001a1a0000 JavaThread "Daemon worker" [_thread_in_vm, id=7788, stack(0x000000001b7a0000,0x000000001b8a0000)]
  0x000000001a4ac000 JavaThread "Cancel handler" [_thread_blocked, id=15856, stack(0x000000001b6a0000,0x000000001b7a0000)]
  0x000000001a6dd800 JavaThread "Handler for socket connection from /127.0.0.1:1077 to /127.0.0.1:1078" [_thread_in_native, id=9348, stack(0x000000001b3a0000,0x000000001b4a0000)]
  0x000000001a647800 JavaThread "Daemon" [_thread_blocked, id=6476, stack(0x000000001b2a0000,0x000000001b3a0000)]
  0x000000001a6d3000 JavaThread "Daemon periodic checks" [_thread_blocked, id=11292, stack(0x000000001b1a0000,0x000000001b2a0000)]
  0x000000001a6d2000 JavaThread "Incoming local TCP Connector on port 1077" [_thread_in_native, id=3604, stack(0x000000001af60000,0x000000001b060000)]
  0x00000000184d1000 JavaThread "Service Thread" daemon [_thread_blocked, id=10380, stack(0x0000000019010000,0x0000000019110000)]
  0x0000000018445800 JavaThread "C1 CompilerThread3" daemon [_thread_in_vm, id=8688, stack(0x0000000018f10000,0x0000000019010000)]
=>0x0000000018441000 JavaThread "C2 CompilerThread2" daemon [_thread_in_native, id=5376, stack(0x0000000018e10000,0x0000000018f10000)]
  0x000000001843f000 JavaThread "C2 CompilerThread1" daemon [_thread_blocked, id=2784, stack(0x0000000018d10000,0x0000000018e10000)]
  0x0000000018439000 JavaThread "C2 CompilerThread0" daemon [_thread_in_native, id=7052, stack(0x0000000018c10000,0x0000000018d10000)]
  0x0000000018438000 JavaThread "Attach Listener" daemon [_thread_blocked, id=17008, stack(0x0000000018b10000,0x0000000018c10000)]
  0x0000000018435000 JavaThread "Signal Dispatcher" daemon [_thread_blocked, id=8304, stack(0x0000000018a10000,0x0000000018b10000)]
  0x0000000002779000 JavaThread "Finalizer" daemon [_thread_blocked, id=11668, stack(0x0000000018810000,0x0000000018910000)]
  0x000000001653b800 JavaThread "Reference Handler" daemon [_thread_blocked, id=8872, stack(0x0000000018310000,0x0000000018410000)]
  0x0000000002682800 JavaThread "main" [_thread_blocked, id=16064, stack(0x0000000002580000,0x0000000002680000)]

Other Threads:
  0x0000000016535800 VMThread [stack: 0x0000000018210000,0x0000000018310000] [id=17228]
  0x00000000184d1800 WatcherThread [stack: 0x0000000019110000,0x0000000019210000] [id=1916]

VM state:not at safepoint (normal execution)

VM Mutex/Monitor currently owned by a thread: None

Heap:
 PSYoungGen      total 97280K, used 32114K [0x00000000e0000000, 0x00000000e6b00000, 0x0000000100000000)
  eden space 84992K, 24% used [0x00000000e0000000,0x00000000e13f7be0,0x00000000e5300000)
  from space 12288K, 94% used [0x00000000e5300000,0x00000000e5e64f00,0x00000000e5f00000)
  to   space 7680K, 0% used [0x00000000e6380000,0x00000000e6380000,0x00000000e6b00000)
 ParOldGen       total 58368K, used 15944K [0x00000000a0000000, 0x00000000a3900000, 0x00000000e0000000)
  object space 58368K, 27% used [0x00000000a0000000,0x00000000a0f92040,0x00000000a3900000)
 Metaspace       used 45290K, capacity 46220K, committed 46632K, reserved 1091584K
  class space    used 6130K, capacity 6391K, committed 6440K, reserved 1048576K

Card table byte_map: [0x0000000011b40000,0x0000000011e50000] byte_map_base: 0x0000000011640000

Marking Bits: (ParMarkBitMap*) 0x0000000059a65aa0
 Begin Bits: [0x0000000012850000, 0x0000000014050000)
 End Bits:   [0x0000000014050000, 0x0000000015850000)

Polling page: 0x0000000002500000

CodeCache: size=245760Kb used=13499Kb max_used=13499Kb free=232261Kb
 bounds [0x0000000002780000, 0x00000000034c0000, 0x0000000011780000]
 total_blobs=4606 nmethods=3851 adapters=668
 compilation: enabled

Compilation events (10 events):
Event: 4.590 Thread 0x0000000018445800 nmethod 3845 0x00000000034a8b10 code [0x00000000034a8c80, 0x00000000034a8e30]
Event: 4.591 Thread 0x0000000018445800 3847       3       java.lang.invoke.LambdaForm::lastUseIndex (76 bytes)
Event: 4.591 Thread 0x0000000018445800 nmethod 3847 0x00000000034a83d0 code [0x00000000034a8560, 0x00000000034a8928]
Event: 4.593 Thread 0x0000000018445800 3848       1       sun.nio.fs.NativeBuffer::address (5 bytes)
Event: 4.593 Thread 0x0000000018445800 nmethod 3848 0x00000000034a8110 code [0x00000000034a8260, 0x00000000034a8370]
Event: 4.594 Thread 0x0000000018445800 3849       1       sun.nio.fs.NativeBuffer::owner (5 bytes)
Event: 4.594 Thread 0x0000000018445800 nmethod 3849 0x00000000034a7e50 code [0x00000000034a7fa0, 0x00000000034a80b0]
Event: 4.595 Thread 0x0000000018445800 3850       3       sun.nio.fs.NativeBuffers::getNativeBufferFromCache (51 bytes)
Event: 4.596 Thread 0x0000000018445800 nmethod 3850 0x00000000034b32d0 code [0x00000000034b3480, 0x00000000034b3a88]
Event: 4.596 Thread 0x0000000018445800 3852       3       sun.nio.fs.NativeBuffers::releaseNativeBuffer (103 bytes)

GC Heap History (10 events):
Event: 3.456 GC heap before
{Heap before GC invocations=10 (full 1):
 PSYoungGen      total 76288K, used 60089K [0x00000000e0000000, 0x00000000e5500000, 0x0000000100000000)
  eden space 66560K, 77% used [0x00000000e0000000,0x00000000e3235bf8,0x00000000e4100000)
  from space 9728K, 89% used [0x00000000e4b80000,0x00000000e53f8b78,0x00000000e5500000)
  to   space 10240K, 0% used [0x00000000e4100000,0x00000000e4100000,0x00000000e4b00000)
 ParOldGen       total 58368K, used 7970K [0x00000000a0000000, 0x00000000a3900000, 0x00000000e0000000)
  object space 58368K, 13% used [0x00000000a0000000,0x00000000a07c8af8,0x00000000a3900000)
 Metaspace       used 34728K, capacity 35466K, committed 35496K, reserved 1079296K
  class space    used 4804K, capacity 5010K, committed 5032K, reserved 1048576K
Event: 3.463 GC heap after
Heap after GC invocations=10 (full 1):
 PSYoungGen      total 76800K, used 10026K [0x00000000e0000000, 0x00000000e6f00000, 0x0000000100000000)
  eden space 66560K, 0% used [0x00000000e0000000,0x00000000e0000000,0x00000000e4100000)
  from space 10240K, 97% used [0x00000000e4100000,0x00000000e4acaaf0,0x00000000e4b00000)
  to   space 11776K, 0% used [0x00000000e6380000,0x00000000e6380000,0x00000000e6f00000)
 ParOldGen       total 58368K, used 7978K [0x00000000a0000000, 0x00000000a3900000, 0x00000000e0000000)
  object space 58368K, 13% used [0x00000000a0000000,0x00000000a07caaf8,0x00000000a3900000)
 Metaspace       used 34728K, capacity 35466K, committed 35496K, reserved 1079296K
  class space    used 4804K, capacity 5010K, committed 5032K, reserved 1048576K
}
Event: 3.463 GC heap before
{Heap before GC invocations=11 (full 2):
 PSYoungGen      total 76800K, used 10026K [0x00000000e0000000, 0x00000000e6f00000, 0x0000000100000000)
  eden space 66560K, 0% used [0x00000000e0000000,0x00000000e0000000,0x00000000e4100000)
  from space 10240K, 97% used [0x00000000e4100000,0x00000000e4acaaf0,0x00000000e4b00000)
  to   space 11776K, 0% used [0x00000000e6380000,0x00000000e6380000,0x00000000e6f00000)
 ParOldGen       total 58368K, used 7978K [0x00000000a0000000, 0x00000000a3900000, 0x00000000e0000000)
  object space 58368K, 13% used [0x00000000a0000000,0x00000000a07caaf8,0x00000000a3900000)
 Metaspace       used 34728K, capacity 35466K, committed 35496K, reserved 1079296K
  class space    used 4804K, capacity 5010K, committed 5032K, reserved 1048576K
Event: 3.506 GC heap after
Heap after GC invocations=11 (full 2):
 PSYoungGen      total 76800K, used 0K [0x00000000e0000000, 0x00000000e6f00000, 0x0000000100000000)
  eden space 66560K, 0% used [0x00000000e0000000,0x00000000e0000000,0x00000000e4100000)
  from space 10240K, 0% used [0x00000000e4100000,0x00000000e4100000,0x00000000e4b00000)
  to   space 11776K, 0% used [0x00000000e6380000,0x00000000e6380000,0x00000000e6f00000)
 ParOldGen       total 58368K, used 16865K [0x00000000a0000000, 0x00000000a3900000, 0x00000000e0000000)
  object space 58368K, 28% used [0x00000000a0000000,0x00000000a10785a0,0x00000000a3900000)
 Metaspace       used 34696K, capacity 35358K, committed 35496K, reserved 1079296K
  class space    used 4794K, capacity 4992K, committed 5032K, reserved 1048576K
}
Event: 3.613 GC heap before
{Heap before GC invocations=12 (full 2):
 PSYoungGen      total 76800K, used 7198K [0x00000000e0000000, 0x00000000e6f00000, 0x0000000100000000)
  eden space 66560K, 10% used [0x00000000e0000000,0x00000000e0707970,0x00000000e4100000)
  from space 10240K, 0% used [0x00000000e4100000,0x00000000e4100000,0x00000000e4b00000)
  to   space 11776K, 0% used [0x00000000e6380000,0x00000000e6380000,0x00000000e6f00000)
 ParOldGen       total 58368K, used 16865K [0x00000000a0000000, 0x00000000a3900000, 0x00000000e0000000)
  object space 58368K, 28% used [0x00000000a0000000,0x00000000a10785a0,0x00000000a3900000)
 Metaspace       used 36508K, capacity 37168K, committed 37288K, reserved 1085440K
  class space    used 5045K, capacity 5276K, committed 5288K, reserved 1048576K
Event: 3.615 GC heap after
Heap after GC invocations=12 (full 2):
 PSYoungGen      total 92672K, used 1355K [0x00000000e0000000, 0x00000000e6b00000, 0x0000000100000000)
  eden space 84992K, 0% used [0x00000000e0000000,0x00000000e0000000,0x00000000e5300000)
  from space 7680K, 17% used [0x00000000e6380000,0x00000000e64d2c98,0x00000000e6b00000)
  to   space 12288K, 0% used [0x00000000e5300000,0x00000000e5300000,0x00000000e5f00000)
 ParOldGen       total 58368K, used 16873K [0x00000000a0000000, 0x00000000a3900000, 0x00000000e0000000)
  object space 58368K, 28% used [0x00000000a0000000,0x00000000a107a5a0,0x00000000a3900000)
 Metaspace       used 36508K, capacity 37168K, committed 37288K, reserved 1085440K
  class space    used 5045K, capacity 5276K, committed 5288K, reserved 1048576K
}
Event: 3.615 GC heap before
{Heap before GC invocations=13 (full 3):
 PSYoungGen      total 92672K, used 1355K [0x00000000e0000000, 0x00000000e6b00000, 0x0000000100000000)
  eden space 84992K, 0% used [0x00000000e0000000,0x00000000e0000000,0x00000000e5300000)
  from space 7680K, 17% used [0x00000000e6380000,0x00000000e64d2c98,0x00000000e6b00000)
  to   space 12288K, 0% used [0x00000000e5300000,0x00000000e5300000,0x00000000e5f00000)
 ParOldGen       total 58368K, used 16873K [0x00000000a0000000, 0x00000000a3900000, 0x00000000e0000000)
  object space 58368K, 28% used [0x00000000a0000000,0x00000000a107a5a0,0x00000000a3900000)
 Metaspace       used 36508K, capacity 37168K, committed 37288K, reserved 1085440K
  class space    used 5045K, capacity 5276K, committed 5288K, reserved 1048576K
Event: 3.786 GC heap after
Heap after GC invocations=13 (full 3):
 PSYoungGen      total 92672K, used 0K [0x00000000e0000000, 0x00000000e6b00000, 0x0000000100000000)
  eden space 84992K, 0% used [0x00000000e0000000,0x00000000e0000000,0x00000000e5300000)
  from space 7680K, 0% used [0x00000000e6380000,0x00000000e6380000,0x00000000e6b00000)
  to   space 12288K, 0% used [0x00000000e5300000,0x00000000e5300000,0x00000000e5f00000)
 ParOldGen       total 58368K, used 15936K [0x00000000a0000000, 0x00000000a3900000, 0x00000000e0000000)
  object space 58368K, 27% used [0x00000000a0000000,0x00000000a0f90040,0x00000000a3900000)
 Metaspace       used 36508K, capacity 37168K, committed 37288K, reserved 1083392K
  class space    used 5045K, capacity 5276K, committed 5288K, reserved 1048576K
}
Event: 4.478 GC heap before
{Heap before GC invocations=14 (full 3):
 PSYoungGen      total 92672K, used 84992K [0x00000000e0000000, 0x00000000e6b00000, 0x0000000100000000)
  eden space 84992K, 100% used [0x00000000e0000000,0x00000000e5300000,0x00000000e5300000)
  from space 7680K, 0% used [0x00000000e6380000,0x00000000e6380000,0x00000000e6b00000)
  to   space 12288K, 0% used [0x00000000e5300000,0x00000000e5300000,0x00000000e5f00000)
 ParOldGen       total 58368K, used 15936K [0x00000000a0000000, 0x00000000a3900000, 0x00000000e0000000)
  object space 58368K, 27% used [0x00000000a0000000,0x00000000a0f90040,0x00000000a3900000)
 Metaspace       used 44377K, capacity 45280K, committed 45480K, reserved 1089536K
  class space    used 5986K, capacity 6251K, committed 6312K, reserved 1048576K
Event: 4.487 GC heap after
Heap after GC invocations=14 (full 3):
 PSYoungGen      total 97280K, used 11667K [0x00000000e0000000, 0x00000000e6b00000, 0x0000000100000000)
  eden space 84992K, 0% used [0x00000000e0000000,0x00000000e0000000,0x00000000e5300000)
  from space 12288K, 94% used [0x00000000e5300000,0x00000000e5e64f00,0x00000000e5f00000)
  to   space 7680K, 0% used [0x00000000e6380000,0x00000000e6380000,0x00000000e6b00000)
 ParOldGen       total 58368K, used 15944K [0x00000000a0000000, 0x00000000a3900000, 0x00000000e0000000)
  object space 58368K, 27% used [0x00000000a0000000,0x00000000a0f92040,0x00000000a3900000)
 Metaspace       used 44377K, capacity 45280K, committed 45480K, reserved 1089536K
  class space    used 5986K, capacity 6251K, committed 6312K, reserved 1048576K
}

Deoptimization events (10 events):
Event: 4.094 Thread 0x000000001a1a0000 Uncommon trap: reason=unstable_if action=reinterpret pc=0x000000000321a980 method=java.lang.ThreadLocal.get()Ljava/lang/Object; @ 11
Event: 4.101 Thread 0x000000001a1a0000 Uncommon trap: reason=unstable_if action=reinterpret pc=0x00000000030293d8 method=java.util.HashMap.putVal(ILjava/lang/Object;Ljava/lang/Object;ZZ)Ljava/lang/Object; @ 236
Event: 4.110 Thread 0x000000001a1a0000 Uncommon trap: reason=unstable_if action=reinterpret pc=0x0000000002c3d1fc method=java.lang.CharacterDataLatin1.isWhitespace(I)Z @ 14
Event: 4.134 Thread 0x000000001a1a0000 Uncommon trap: reason=unstable_if action=reinterpret pc=0x00000000030406cc method=java.util.jar.JarFile.getInputStream(Ljava/util/zip/ZipEntry;)Ljava/io/InputStream; @ 37
Event: 4.135 Thread 0x000000001a1a0000 Uncommon trap: reason=unstable_if action=reinterpret pc=0x0000000003289484 method=java.util.jar.JarFile$JarFileEntry.getCodeSigners()[Ljava/security/CodeSigner; @ 24
Event: 4.136 Thread 0x000000001a1a0000 Uncommon trap: reason=unstable_if action=reinterpret pc=0x0000000002cb7e2c method=java.security.CodeSource.getCertificates()[Ljava/security/cert/Certificate; @ 22
Event: 4.136 Thread 0x000000001a1a0000 Uncommon trap: reason=unstable_if action=reinterpret pc=0x0000000002ffb6ac method=java.util.jar.JarFile.getInputStream(Ljava/util/zip/ZipEntry;)Ljava/io/InputStream; @ 21
Event: 4.136 Thread 0x000000001a1a0000 Uncommon trap: reason=unstable_if action=reinterpret pc=0x00000000032aee3c method=java.security.CodeSource.matchCerts(Ljava/security/CodeSource;Z)Z @ 11
Event: 4.148 Thread 0x000000001a1a0000 Uncommon trap: reason=unstable_if action=reinterpret pc=0x000000000329c180 method=java.util.LinkedHashMap.get(Ljava/lang/Object;)Ljava/lang/Object; @ 20
Event: 4.191 Thread 0x000000001a1a0000 Uncommon trap: reason=unstable_if action=reinterpret pc=0x0000000003026064 method=org.objectweb.asm.ByteVector.putUTF8(Ljava/lang/String;)Lorg/objectweb/asm/ByteVector; @ 93

Classes redefined (0 events):
No events

Internal exceptions (10 events):
Event: 4.596 Thread 0x000000001a1a0000 Exception <a 'sun/nio/fs/WindowsException'> (0x00000000e1352228) thrown at [D:\src\AOSP-openjdk-cygwin\jdk8u\hotspot\src\share\vm\prims\jni.cpp, line 709]
Event: 4.596 Thread 0x000000001a1a0000 Exception <a 'sun/nio/fs/WindowsException'> (0x00000000e1353200) thrown at [D:\src\AOSP-openjdk-cygwin\jdk8u\hotspot\src\share\vm\prims\jni.cpp, line 709]
Event: 4.596 Thread 0x000000001a1a0000 Exception <a 'sun/nio/fs/WindowsException'> (0x00000000e13566b0) thrown at [D:\src\AOSP-openjdk-cygwin\jdk8u\hotspot\src\share\vm\prims\jni.cpp, line 709]
Event: 4.596 Thread 0x000000001a1a0000 Exception <a 'sun/nio/fs/WindowsException'> (0x00000000e13576b0) thrown at [D:\src\AOSP-openjdk-cygwin\jdk8u\hotspot\src\share\vm\prims\jni.cpp, line 709]
Event: 4.596 Thread 0x000000001a1a0000 Exception <a 'sun/nio/fs/WindowsException'> (0x00000000e1359ab8) thrown at [D:\src\AOSP-openjdk-cygwin\jdk8u\hotspot\src\share\vm\prims\jni.cpp, line 709]
Event: 4.596 Thread 0x000000001a1a0000 Exception <a 'sun/nio/fs/WindowsException'> (0x00000000e135aaf8) thrown at [D:\src\AOSP-openjdk-cygwin\jdk8u\hotspot\src\share\vm\prims\jni.cpp, line 709]
Event: 4.596 Thread 0x000000001a1a0000 Exception <a 'sun/nio/fs/WindowsException'> (0x00000000e135de30) thrown at [D:\src\AOSP-openjdk-cygwin\jdk8u\hotspot\src\share\vm\prims\jni.cpp, line 709]
Event: 4.596 Thread 0x000000001a1a0000 Exception <a 'sun/nio/fs/WindowsException'> (0x00000000e135eae0) thrown at [D:\src\AOSP-openjdk-cygwin\jdk8u\hotspot\src\share\vm\prims\jni.cpp, line 709]
Event: 4.596 Thread 0x000000001a1a0000 Exception <a 'sun/nio/fs/WindowsException'> (0x00000000e1360b98) thrown at [D:\src\AOSP-openjdk-cygwin\jdk8u\hotspot\src\share\vm\prims\jni.cpp, line 709]
Event: 4.596 Thread 0x000000001a1a0000 Exception <a 'sun/nio/fs/WindowsException'> (0x00000000e1361888) thrown at [D:\src\AOSP-openjdk-cygwin\jdk8u\hotspot\src\share\vm\prims\jni.cpp, line 709]

Events (10 events):
Event: 4.592 loading class java/util/stream/Node$OfDouble done
Event: 4.592 loading class java/util/stream/Nodes$EmptyNode$OfDouble done
Event: 4.593 loading class java/util/stream/Nodes$SpinedNodeBuilder
Event: 4.593 loading class java/util/stream/Node$Builder
Event: 4.593 loading class java/util/stream/Node$Builder done
Event: 4.593 loading class java/util/stream/SpinedBuffer
Event: 4.593 loading class java/util/stream/AbstractSpinedBuffer
Event: 4.593 loading class java/util/stream/AbstractSpinedBuffer done
Event: 4.593 loading class java/util/stream/SpinedBuffer done
Event: 4.593 loading class java/util/stream/Nodes$SpinedNodeBuilder done


Dynamic libraries:
0x00007ff60bbd0000 - 0x00007ff60bc01000 	C:\Program Files\Android\Android Studio\jre\bin\java.exe
0x00007ffc8acd0000 - 0x00007ffc8aec5000 	C:\WINDOWS\SYSTEM32\ntdll.dll
0x00007ffc897e0000 - 0x00007ffc8989d000 	C:\WINDOWS\System32\KERNEL32.DLL
0x00007ffc88440000 - 0x00007ffc88708000 	C:\WINDOWS\System32\KERNELBASE.dll
0x00007ffc8ab80000 - 0x00007ffc8ac2c000 	C:\WINDOWS\System32\ADVAPI32.dll
0x00007ffc8a650000 - 0x00007ffc8a6ee000 	C:\WINDOWS\System32\msvcrt.dll
0x00007ffc8aa20000 - 0x00007ffc8aabb000 	C:\WINDOWS\System32\sechost.dll
0x00007ffc89530000 - 0x00007ffc8965b000 	C:\WINDOWS\System32\RPCRT4.dll
0x00007ffc88f10000 - 0x00007ffc890b0000 	C:\WINDOWS\System32\USER32.dll
0x00007ffc88c30000 - 0x00007ffc88c52000 	C:\WINDOWS\System32\win32u.dll
0x00007ffc8a6f0000 - 0x00007ffc8a71a000 	C:\WINDOWS\System32\GDI32.dll
0x00007ffc88710000 - 0x00007ffc8881b000 	C:\WINDOWS\System32\gdi32full.dll
0x00007ffc88820000 - 0x00007ffc888bd000 	C:\WINDOWS\System32\msvcp_win.dll
0x00007ffc889d0000 - 0x00007ffc88ad0000 	C:\WINDOWS\System32\ucrtbase.dll
0x00007ffc739c0000 - 0x00007ffc73c5a000 	C:\WINDOWS\WinSxS\amd64_microsoft.windows.common-controls_6595b64144ccf1df_6.0.19041.844_none_ca00b6081b84eb1d\COMCTL32.dll
0x00007ffc8a870000 - 0x00007ffc8a8a0000 	C:\WINDOWS\System32\IMM32.DLL
0x00000000590e0000 - 0x00000000591b2000 	C:\Program Files\Android\Android Studio\jre\jre\bin\msvcr100.dll
0x00000000592a0000 - 0x0000000059ae1000 	C:\Program Files\Android\Android Studio\jre\jre\bin\server\jvm.dll
0x00007ffc8ab70000 - 0x00007ffc8ab78000 	C:\WINDOWS\System32\PSAPI.DLL
0x00007ffc70570000 - 0x00007ffc70579000 	C:\WINDOWS\SYSTEM32\WSOCK32.dll
0x00007ffc75d70000 - 0x00007ffc75d97000 	C:\WINDOWS\SYSTEM32\WINMM.dll
0x00007ffc85a50000 - 0x00007ffc85a5a000 	C:\WINDOWS\SYSTEM32\VERSION.dll
0x00007ffc89a50000 - 0x00007ffc89abb000 	C:\WINDOWS\System32\WS2_32.dll
0x00007ffc80db0000 - 0x00007ffc80dbf000 	C:\Program Files\Android\Android Studio\jre\jre\bin\verify.dll
0x00007ffc78850000 - 0x00007ffc78879000 	C:\Program Files\Android\Android Studio\jre\jre\bin\java.dll
0x00007ffc80720000 - 0x00007ffc80736000 	C:\Program Files\Android\Android Studio\jre\jre\bin\zip.dll
0x00007ffc89e80000 - 0x00007ffc8a5c2000 	C:\WINDOWS\System32\SHELL32.dll
0x00007ffc86420000 - 0x00007ffc86bb0000 	C:\WINDOWS\SYSTEM32\windows.storage.dll
0x00007ffc89b20000 - 0x00007ffc89e75000 	C:\WINDOWS\System32\combase.dll
0x00007ffc87e80000 - 0x00007ffc87eac000 	C:\WINDOWS\SYSTEM32\Wldp.dll
0x00007ffc8aac0000 - 0x00007ffc8ab6e000 	C:\WINDOWS\System32\SHCORE.dll
0x00007ffc89ac0000 - 0x00007ffc89b15000 	C:\WINDOWS\System32\shlwapi.dll
0x00007ffc88350000 - 0x00007ffc8836f000 	C:\WINDOWS\SYSTEM32\profapi.dll
0x00007ffc78230000 - 0x00007ffc7824a000 	C:\Program Files\Android\Android Studio\jre\jre\bin\net.dll
0x00007ffc87bf0000 - 0x00007ffc87c5a000 	C:\WINDOWS\system32\mswsock.dll
0x00007ffc78210000 - 0x00007ffc78221000 	C:\Program Files\Android\Android Studio\jre\jre\bin\nio.dll
0x00007ffc76510000 - 0x00007ffc7652e000 	C:\Users\Hoai Nam\.gradle\native\25\windows-amd64\native-platform.dll
0x00007ffc80950000 - 0x00007ffc8095d000 	C:\Program Files\Android\Android Studio\jre\jre\bin\management.dll
0x00007ffc87dd0000 - 0x00007ffc87de8000 	C:\WINDOWS\SYSTEM32\CRYPTSP.dll
0x00007ffc87520000 - 0x00007ffc87554000 	C:\WINDOWS\system32\rsaenh.dll
0x00007ffc88410000 - 0x00007ffc88437000 	C:\WINDOWS\System32\bcrypt.dll
0x00007ffc88310000 - 0x00007ffc8833e000 	C:\WINDOWS\SYSTEM32\USERENV.dll
0x00007ffc88c60000 - 0x00007ffc88ce0000 	C:\WINDOWS\System32\bcryptprimitives.dll
0x00007ffc87dc0000 - 0x00007ffc87dcc000 	C:\WINDOWS\SYSTEM32\CRYPTBASE.dll
0x00007ffc87890000 - 0x00007ffc878cb000 	C:\WINDOWS\SYSTEM32\IPHLPAPI.DLL
0x00007ffc88e70000 - 0x00007ffc88e78000 	C:\WINDOWS\System32\NSI.dll
0x00007ffc7f2f0000 - 0x00007ffc7f307000 	C:\WINDOWS\SYSTEM32\dhcpcsvc6.DLL
0x00007ffc7f6e0000 - 0x00007ffc7f6fd000 	C:\WINDOWS\SYSTEM32\dhcpcsvc.DLL
0x00007ffc878d0000 - 0x00007ffc8799c000 	C:\WINDOWS\SYSTEM32\DNSAPI.dll

VM Arguments:
jvm_args: -Xmx1536m -Dfile.encoding=windows-1252 -Duser.country=US -Duser.language=en -Duser.variant 
java_command: org.gradle.launcher.daemon.bootstrap.GradleDaemon 5.1.1
java_class_path (initial): C:\Users\Hoai Nam\.gradle\wrapper\dists\gradle-5.1.1-all\97z1ksx6lirer3kbvdnh7jtjg\gradle-5.1.1\lib\gradle-launcher-5.1.1.jar
Launcher Type: SUN_STANDARD

Environment Variables:
JAVA_HOME=D:\Program Files\Java\jdk-15.0.2
PATH=C:\Program Files\Common Files\Oracle\Java\javapath;C:\Program Files (x86)\Common Files\Oracle\Java\javapath;C:\WINDOWS\system32;C:\WINDOWS;C:\WINDOWS\System32\Wbem;C:\WINDOWS\System32\WindowsPowerShell\v1.0\;C:\WINDOWS\System32\OpenSSH\;C:\Program Files (x86)\Intel\Intel(R) Management Engine Components\DAL;C:\Program Files\Intel\Intel(R) Management Engine Components\DAL;C:\WINDOWS\system32\config\systemprofile\.dnx\bin;C:\Program Files\Microsoft DNX\Dnvm\;C:\Program Files (x86)\Windows Kits\8.1\Windows Performance Toolkit\;C:\Program Files\Microsoft SQL Server\120\Tools\Binn\;C:\Program Files\Microsoft SQL Server\130\Tools\Binn\;C:\Program Files (x86)\nodejs\;C:\Program Files\Git\cmd;D:\Program Files (x86)\Microsoft SQL Server\100\Tools\Binn\;D:\Program Files\Microsoft SQL Server\100\Tools\Binn\;D:\Program Files\Microsoft SQL Server\100\DTS\Binn\;D:\Program Files (x86)\Microsoft SQL Server\100\Tools\Binn\VSShell\Common7\IDE\;C:\Program Files (x86)\Microsoft Visual Studio 9.0\Common7\IDE\PrivateAssemblies\;D:\Program Files (x86)\Microsoft SQL Server\100\DTS\Binn\;C:\Users\Hoai Nam\AppData\Local\Microsoft\WindowsApps;C:\Users\Hoai Nam\AppData\Roaming\npm;
USERNAME=Hoai Nam
OS=Windows_NT
PROCESSOR_IDENTIFIER=Intel64 Family 6 Model 142 Stepping 10, GenuineIntel



---------------  S Y S T E M  ---------------

OS: Windows 10.0 , 64 bit Build 19041 (10.0.19041.928)

CPU:total 8 (initial active 8) (4 cores per cpu, 2 threads per core) family 6 model 142 stepping 10, cmov, cx8, fxsr, mmx, sse, sse2, sse3, ssse3, sse4.1, sse4.2, popcnt, avx, avx2, aes, clmul, erms, 3dnowpref, lzcnt, ht, tsc, tscinvbit, bmi1, bmi2, adx

Memory: 4k page, physical 8283800k(1207600k free), swap 10380952k(1628k free)

vm_info: OpenJDK 64-Bit Server VM (25.152-b01) for windows-amd64 JRE (1.8.0_152-release-1343-b01), built by "builder" with MS VC++ 10.0 (VS2010)

time: Mon May 31 20:32:17 2021
elapsed time: 4 seconds (0d 0h 0m 4s)

